[0],MPI,startup():,Intel(R),MPI,Library,,Version,2019,Update,9,Build,20200923,(id:,abd58e492)
[0],MPI,startup():,Copyright,(C),2003-2020,Intel,Corporation.,All,rights,reserved.
[0],MPI,startup():,library,kind:,release
[0],MPI,startup():,libfabric,version:,1.10.1-impi
[0],MPI,startup():,libfabric,provider:,mlx
[0],MPI,startup():,Rank,Pid,Node,name,Pin,cpu
[0],MPI,startup():,0,18787,ct1pt-tnode007,0
[0],MPI,startup():,1,18788,ct1pt-tnode007,2
[0],MPI,startup():,I_MPI_ROOT=/opt/area/shared/programs/x86_64/intel/parallel_studio_xe_2020_update4_cluster_edition//compilers_and_libraries_2020.4.304/linux/mpi
[0],MPI,startup():,I_MPI_MPIRUN=mpirun
[0],MPI,startup():,I_MPI_HYDRA_RMK=pbs
[0],MPI,startup():,I_MPI_HYDRA_TOPOLIB=hwloc
[0],MPI,startup():,I_MPI_PIN_PROCESSOR_LIST=0,2
[0],MPI,startup():,I_MPI_INTERNAL_MEM_POLICY=default
[0],MPI,startup():,I_MPI_DEBUG=5
#bytes,#repetitions,t[usec],Mbytes/sec
0,1000,0.24,0.00
1,1000,0.24,4.24
2,1000,0.24,8.49
4,1000,0.24,16.95
8,1000,0.24,33.97
16,1000,0.24,67.86
32,1000,0.24,131.68
64,1000,0.24,261.91
128,1000,0.26,487.55
256,1000,0.28,905.98
512,1000,0.41,1239.64
1024,1000,0.45,2300.75
2048,1000,0.59,3482.40
4096,1000,0.85,4804.26
8192,1000,1.42,5749.29
16384,1000,2.36,6941.01
32768,1000,3.53,9280.51
65536,640,5.66,11579.01
131072,320,8.58,15281.90
262144,160,14.87,17628.46
524288,80,41.48,12639.11
1048576,40,81.20,12912.84
2097152,20,153.72,13642.41
4194304,10,383.18,10946.06
8388608,5,1108.88,7564.93
16777216,2,2437.98,6881.60
33554432,1,5906.52,5680.92
67108864,1,11820.74,5677.21
134217728,1,23720.73,5658.25
268435456,1,49245.55,5450.96
[0],MPI,startup():,Intel(R),MPI,Library,,Version,2019,Update,9,Build,20200923,(id:,abd58e492)
[0],MPI,startup():,Copyright,(C),2003-2020,Intel,Corporation.,All,rights,reserved.
[0],MPI,startup():,library,kind:,release
[0],MPI,startup():,libfabric,version:,1.10.1-impi
[0],MPI,startup():,libfabric,provider:,mlx
[0],MPI,startup():,Rank,Pid,Node,name,Pin,cpu
[0],MPI,startup():,0,18931,ct1pt-tnode007,0
[0],MPI,startup():,1,18932,ct1pt-tnode007,2
[0],MPI,startup():,I_MPI_ROOT=/opt/area/shared/programs/x86_64/intel/parallel_studio_xe_2020_update4_cluster_edition//compilers_and_libraries_2020.4.304/linux/mpi
[0],MPI,startup():,I_MPI_MPIRUN=mpirun
[0],MPI,startup():,I_MPI_HYDRA_RMK=pbs
[0],MPI,startup():,I_MPI_HYDRA_TOPOLIB=hwloc
[0],MPI,startup():,I_MPI_PIN_PROCESSOR_LIST=0,2
[0],MPI,startup():,I_MPI_INTERNAL_MEM_POLICY=default
[0],MPI,startup():,I_MPI_DEBUG=5
#bytes,#repetitions,t[usec],Mbytes/sec
0,1000,0.23,0.00
1,1000,0.23,4.28
2,1000,0.23,8.54
4,1000,0.23,17.10
8,1000,0.23,34.16
16,1000,0.23,68.15
32,1000,0.24,132.00
64,1000,0.24,263.18
128,1000,0.26,494.90
256,1000,0.28,903.42
512,1000,0.41,1244.23
1024,1000,0.45,2279.29
2048,1000,0.59,3470.44
4096,1000,0.86,4762.49
8192,1000,1.40,5831.31
16384,1000,2.37,6926.12
32768,1000,3.53,9276.57
65536,640,5.62,11665.97
131072,320,8.60,15245.97
262144,160,14.93,17554.64
524288,80,41.08,12762.83
1048576,40,80.91,12959.70
2097152,20,153.73,13641.42
4194304,10,381.30,10999.94
8388608,5,1126.96,7443.57
16777216,2,2414.82,6947.60
33554432,1,5909.24,5678.30
67108864,1,11888.19,5645.00
134217728,1,23716.04,5659.37
268435456,1,49244.75,5451.05
[0],MPI,startup():,Intel(R),MPI,Library,,Version,2019,Update,9,Build,20200923,(id:,abd58e492)
[0],MPI,startup():,Copyright,(C),2003-2020,Intel,Corporation.,All,rights,reserved.
[0],MPI,startup():,library,kind:,release
[0],MPI,startup():,libfabric,version:,1.10.1-impi
[0],MPI,startup():,libfabric,provider:,mlx
[0],MPI,startup():,Rank,Pid,Node,name,Pin,cpu
[0],MPI,startup():,0,19077,ct1pt-tnode007,0
[0],MPI,startup():,1,19078,ct1pt-tnode007,2
[0],MPI,startup():,I_MPI_ROOT=/opt/area/shared/programs/x86_64/intel/parallel_studio_xe_2020_update4_cluster_edition//compilers_and_libraries_2020.4.304/linux/mpi
[0],MPI,startup():,I_MPI_MPIRUN=mpirun
[0],MPI,startup():,I_MPI_HYDRA_RMK=pbs
[0],MPI,startup():,I_MPI_HYDRA_TOPOLIB=hwloc
[0],MPI,startup():,I_MPI_PIN_PROCESSOR_LIST=0,2
[0],MPI,startup():,I_MPI_INTERNAL_MEM_POLICY=default
[0],MPI,startup():,I_MPI_DEBUG=5
#bytes,#repetitions,t[usec],Mbytes/sec
0,1000,0.23,0.00
1,1000,0.24,4.25
2,1000,0.24,8.50
4,1000,0.24,16.99
8,1000,0.24,34.02
16,1000,0.24,67.61
32,1000,0.24,130.90
64,1000,0.25,260.47
128,1000,0.27,480.11
256,1000,0.28,914.26
512,1000,0.44,1170.05
1024,1000,0.45,2266.83
2048,1000,0.60,3438.40
4096,1000,0.85,4805.26
8192,1000,1.37,5986.95
16384,1000,2.29,7166.34
32768,1000,3.46,9464.08
65536,640,5.65,11606.52
131072,320,8.67,15120.75
262144,160,14.98,17497.13
524288,80,42.03,12475.37
1048576,40,81.18,12916.97
2097152,20,153.14,13694.36
4194304,10,379.87,11041.56
8388608,5,1105.92,7585.15
16777216,2,2429.57,6905.43
33554432,1,5912.62,5675.05
67108864,1,11789.52,5692.25
134217728,1,23714.08,5659.83
268435456,1,49216.62,5454.16
[0],MPI,startup():,Intel(R),MPI,Library,,Version,2019,Update,9,Build,20200923,(id:,abd58e492)
[0],MPI,startup():,Copyright,(C),2003-2020,Intel,Corporation.,All,rights,reserved.
[0],MPI,startup():,library,kind:,release
[0],MPI,startup():,libfabric,version:,1.10.1-impi
[0],MPI,startup():,libfabric,provider:,mlx
[0],MPI,startup():,Rank,Pid,Node,name,Pin,cpu
[0],MPI,startup():,0,19221,ct1pt-tnode007,0
[0],MPI,startup():,1,19222,ct1pt-tnode007,2
[0],MPI,startup():,I_MPI_ROOT=/opt/area/shared/programs/x86_64/intel/parallel_studio_xe_2020_update4_cluster_edition//compilers_and_libraries_2020.4.304/linux/mpi
[0],MPI,startup():,I_MPI_MPIRUN=mpirun
[0],MPI,startup():,I_MPI_HYDRA_RMK=pbs
[0],MPI,startup():,I_MPI_HYDRA_TOPOLIB=hwloc
[0],MPI,startup():,I_MPI_PIN_PROCESSOR_LIST=0,2
[0],MPI,startup():,I_MPI_INTERNAL_MEM_POLICY=default
[0],MPI,startup():,I_MPI_DEBUG=5
#bytes,#repetitions,t[usec],Mbytes/sec
0,1000,0.23,0.00
1,1000,0.23,4.27
2,1000,0.23,8.54
4,1000,0.23,17.08
8,1000,0.24,33.81
16,1000,0.24,67.71
32,1000,0.25,130.47
64,1000,0.25,261.11
128,1000,0.26,492.64
256,1000,0.28,904.62
512,1000,0.41,1234.40
1024,1000,0.45,2259.26
2048,1000,0.59,3473.84
4096,1000,0.84,4851.40
8192,1000,1.43,5719.31
16384,1000,2.33,7021.11
32768,1000,3.47,9442.66
65536,640,5.67,11550.89
131072,320,8.57,15292.07
262144,160,14.91,17585.51
524288,80,41.33,12686.12
1048576,40,80.92,12958.45
2097152,20,153.42,13669.11
4194304,10,387.03,10837.06
8388608,5,1125.32,7454.40
16777216,2,2441.96,6870.39
33554432,1,5888.90,5697.91
67108864,1,11816.48,5679.26
134217728,1,23750.14,5651.24
268435456,1,49131.26,5463.64
[0],MPI,startup():,Intel(R),MPI,Library,,Version,2019,Update,9,Build,20200923,(id:,abd58e492)
[0],MPI,startup():,Copyright,(C),2003-2020,Intel,Corporation.,All,rights,reserved.
[0],MPI,startup():,library,kind:,release
[0],MPI,startup():,libfabric,version:,1.10.1-impi
[0],MPI,startup():,libfabric,provider:,mlx
[0],MPI,startup():,Rank,Pid,Node,name,Pin,cpu
[0],MPI,startup():,0,19366,ct1pt-tnode007,0
[0],MPI,startup():,1,19367,ct1pt-tnode007,2
[0],MPI,startup():,I_MPI_ROOT=/opt/area/shared/programs/x86_64/intel/parallel_studio_xe_2020_update4_cluster_edition//compilers_and_libraries_2020.4.304/linux/mpi
[0],MPI,startup():,I_MPI_MPIRUN=mpirun
[0],MPI,startup():,I_MPI_HYDRA_RMK=pbs
[0],MPI,startup():,I_MPI_HYDRA_TOPOLIB=hwloc
[0],MPI,startup():,I_MPI_PIN_PROCESSOR_LIST=0,2
[0],MPI,startup():,I_MPI_INTERNAL_MEM_POLICY=default
[0],MPI,startup():,I_MPI_DEBUG=5
#bytes,#repetitions,t[usec],Mbytes/sec
0,1000,0.23,0.00
1,1000,0.23,4.26
2,1000,0.24,8.50
4,1000,0.24,17.01
8,1000,0.23,34.05
16,1000,0.24,67.89
32,1000,0.24,131.67
64,1000,0.24,262.72
128,1000,0.26,490.84
256,1000,0.28,913.30
512,1000,0.45,1145.38
1024,1000,0.45,2259.52
2048,1000,0.60,3390.75
4096,1000,0.86,4746.23
8192,1000,1.41,5814.46
16384,1000,2.33,7026.54
32768,1000,3.53,9293.45
65536,640,5.59,11721.70
131072,320,8.69,15075.21
262144,160,14.87,17631.03
524288,80,41.13,12748.52
1048576,40,80.87,12965.40
2097152,20,154.23,13597.66
4194304,10,381.48,10994.76
8388608,5,1127.31,7441.23
16777216,2,2413.87,6950.34
33554432,1,5899.26,5687.91
67108864,1,11822.52,5676.36
134217728,1,23724.02,5657.46
268435456,1,49389.56,5435.06
[0],MPI,startup():,Intel(R),MPI,Library,,Version,2019,Update,9,Build,20200923,(id:,abd58e492)
[0],MPI,startup():,Copyright,(C),2003-2020,Intel,Corporation.,All,rights,reserved.
[0],MPI,startup():,library,kind:,release
[0],MPI,startup():,libfabric,version:,1.10.1-impi
[0],MPI,startup():,libfabric,provider:,mlx
[0],MPI,startup():,Rank,Pid,Node,name,Pin,cpu
[0],MPI,startup():,0,19510,ct1pt-tnode007,0
[0],MPI,startup():,1,19511,ct1pt-tnode007,2
[0],MPI,startup():,I_MPI_ROOT=/opt/area/shared/programs/x86_64/intel/parallel_studio_xe_2020_update4_cluster_edition//compilers_and_libraries_2020.4.304/linux/mpi
[0],MPI,startup():,I_MPI_MPIRUN=mpirun
[0],MPI,startup():,I_MPI_HYDRA_RMK=pbs
[0],MPI,startup():,I_MPI_HYDRA_TOPOLIB=hwloc
[0],MPI,startup():,I_MPI_PIN_PROCESSOR_LIST=0,2
[0],MPI,startup():,I_MPI_INTERNAL_MEM_POLICY=default
[0],MPI,startup():,I_MPI_DEBUG=5
#bytes,#repetitions,t[usec],Mbytes/sec
0,1000,0.23,0.00
1,1000,0.24,4.25
2,1000,0.24,8.50
4,1000,0.24,17.02
8,1000,0.24,34.03
16,1000,0.24,67.84
32,1000,0.24,131.45
64,1000,0.24,261.85
128,1000,0.26,496.99
256,1000,0.28,913.26
512,1000,0.42,1217.32
1024,1000,0.46,2226.04
2048,1000,0.59,3456.71
4096,1000,0.84,4878.65
8192,1000,1.38,5941.76
16384,1000,2.32,7072.83
32768,1000,3.51,9334.42
65536,640,5.66,11572.41
131072,320,8.58,15270.60
262144,160,14.89,17600.77
524288,80,41.46,12644.91
1048576,40,81.33,12893.39
2097152,20,153.40,13670.77
4194304,10,380.15,11033.25
8388608,5,1112.42,7540.85
16777216,2,2436.34,6886.24
33554432,1,5886.29,5700.44
67108864,1,11797.63,5688.33
134217728,1,23699.11,5663.41
268435456,1,49259.29,5449.44
[0],MPI,startup():,Intel(R),MPI,Library,,Version,2019,Update,9,Build,20200923,(id:,abd58e492)
[0],MPI,startup():,Copyright,(C),2003-2020,Intel,Corporation.,All,rights,reserved.
[0],MPI,startup():,library,kind:,release
[0],MPI,startup():,libfabric,version:,1.10.1-impi
[0],MPI,startup():,libfabric,provider:,mlx
[0],MPI,startup():,Rank,Pid,Node,name,Pin,cpu
[0],MPI,startup():,0,19655,ct1pt-tnode007,0
[0],MPI,startup():,1,19656,ct1pt-tnode007,2
[0],MPI,startup():,I_MPI_ROOT=/opt/area/shared/programs/x86_64/intel/parallel_studio_xe_2020_update4_cluster_edition//compilers_and_libraries_2020.4.304/linux/mpi
[0],MPI,startup():,I_MPI_MPIRUN=mpirun
[0],MPI,startup():,I_MPI_HYDRA_RMK=pbs
[0],MPI,startup():,I_MPI_HYDRA_TOPOLIB=hwloc
[0],MPI,startup():,I_MPI_PIN_PROCESSOR_LIST=0,2
[0],MPI,startup():,I_MPI_INTERNAL_MEM_POLICY=default
[0],MPI,startup():,I_MPI_DEBUG=5
#bytes,#repetitions,t[usec],Mbytes/sec
0,1000,0.23,0.00
1,1000,0.23,4.29
2,1000,0.23,8.57
4,1000,0.23,17.16
8,1000,0.23,34.31
16,1000,0.23,68.44
32,1000,0.24,133.24
64,1000,0.24,265.07
128,1000,0.26,495.46
256,1000,0.28,913.49
512,1000,0.41,1256.70
1024,1000,0.45,2261.23
2048,1000,0.60,3420.60
4096,1000,0.85,4818.70
8192,1000,1.40,5853.18
16384,1000,2.33,7031.17
32768,1000,3.54,9254.74
65536,640,5.64,11623.31
131072,320,8.63,15183.51
262144,160,14.95,17531.73
524288,80,41.46,12645.57
1048576,40,81.18,12916.58
2097152,20,153.79,13636.91
4194304,10,377.28,11117.08
8388608,5,1100.91,7619.71
16777216,2,2419.01,6935.58
33554432,1,5900.59,5686.62
67108864,1,11826.15,5674.61
134217728,1,23696.34,5664.07
268435456,1,49098.42,5467.29
[0],MPI,startup():,Intel(R),MPI,Library,,Version,2019,Update,9,Build,20200923,(id:,abd58e492)
[0],MPI,startup():,Copyright,(C),2003-2020,Intel,Corporation.,All,rights,reserved.
[0],MPI,startup():,library,kind:,release
[0],MPI,startup():,libfabric,version:,1.10.1-impi
[0],MPI,startup():,libfabric,provider:,mlx
[0],MPI,startup():,Rank,Pid,Node,name,Pin,cpu
[0],MPI,startup():,0,19801,ct1pt-tnode007,0
[0],MPI,startup():,1,19802,ct1pt-tnode007,2
[0],MPI,startup():,I_MPI_ROOT=/opt/area/shared/programs/x86_64/intel/parallel_studio_xe_2020_update4_cluster_edition//compilers_and_libraries_2020.4.304/linux/mpi
[0],MPI,startup():,I_MPI_MPIRUN=mpirun
[0],MPI,startup():,I_MPI_HYDRA_RMK=pbs
[0],MPI,startup():,I_MPI_HYDRA_TOPOLIB=hwloc
[0],MPI,startup():,I_MPI_PIN_PROCESSOR_LIST=0,2
[0],MPI,startup():,I_MPI_INTERNAL_MEM_POLICY=default
[0],MPI,startup():,I_MPI_DEBUG=5
#bytes,#repetitions,t[usec],Mbytes/sec
0,1000,0.23,0.00
1,1000,0.23,4.26
2,1000,0.23,8.52
4,1000,0.24,16.99
8,1000,0.23,34.09
16,1000,0.24,67.80
32,1000,0.25,130.57
64,1000,0.25,260.32
128,1000,0.26,484.20
256,1000,0.28,904.42
512,1000,0.44,1171.19
1024,1000,0.50,2039.94
2048,1000,0.64,3197.13
4096,1000,0.85,4831.19
8192,1000,1.42,5788.32
16384,1000,2.32,7054.05
32768,1000,3.49,9398.75
65536,640,5.66,11586.09
131072,320,8.57,15297.76
262144,160,14.81,17697.68
524288,80,41.10,12757.65
1048576,40,80.80,12977.12
2097152,20,153.54,13658.84
4194304,10,390.04,10753.53
8388608,5,1113.50,7533.54
16777216,2,2560.60,6552.06
33554432,1,5898.06,5689.06
67108864,1,11787.85,5693.06
134217728,1,23746.51,5652.10
268435456,1,49211.00,5454.79
[0],MPI,startup():,Intel(R),MPI,Library,,Version,2019,Update,9,Build,20200923,(id:,abd58e492)
[0],MPI,startup():,Copyright,(C),2003-2020,Intel,Corporation.,All,rights,reserved.
[0],MPI,startup():,library,kind:,release
[0],MPI,startup():,libfabric,version:,1.10.1-impi
[0],MPI,startup():,libfabric,provider:,mlx
[0],MPI,startup():,Rank,Pid,Node,name,Pin,cpu
[0],MPI,startup():,0,19945,ct1pt-tnode007,0
[0],MPI,startup():,1,19946,ct1pt-tnode007,2
[0],MPI,startup():,I_MPI_ROOT=/opt/area/shared/programs/x86_64/intel/parallel_studio_xe_2020_update4_cluster_edition//compilers_and_libraries_2020.4.304/linux/mpi
[0],MPI,startup():,I_MPI_MPIRUN=mpirun
[0],MPI,startup():,I_MPI_HYDRA_RMK=pbs
[0],MPI,startup():,I_MPI_HYDRA_TOPOLIB=hwloc
[0],MPI,startup():,I_MPI_PIN_PROCESSOR_LIST=0,2
[0],MPI,startup():,I_MPI_INTERNAL_MEM_POLICY=default
[0],MPI,startup():,I_MPI_DEBUG=5
#bytes,#repetitions,t[usec],Mbytes/sec
0,1000,0.23,0.00
1,1000,0.24,4.23
2,1000,0.24,8.46
4,1000,0.24,16.94
8,1000,0.24,33.85
16,1000,0.24,67.49
32,1000,0.25,130.05
64,1000,0.25,259.12
128,1000,0.26,495.37
256,1000,0.28,903.70
512,1000,0.42,1229.67
1024,1000,0.45,2265.00
2048,1000,0.59,3454.46
4096,1000,0.84,4876.88
8192,1000,1.42,5769.76
16384,1000,2.35,6981.81
32768,1000,3.49,9377.57
65536,640,5.68,11538.24
131072,320,8.57,15300.07
262144,160,14.89,17610.15
524288,80,41.27,12705.04
1048576,40,81.93,12798.11
2097152,20,154.20,13600.04
4194304,10,394.66,10627.55
8388608,5,1098.78,7634.50
16777216,2,2424.02,6921.25
33554432,1,5902.60,5684.68
67108864,1,11826.88,5674.26
134217728,1,23709.90,5660.83
268435456,1,49289.71,5446.07
[0],MPI,startup():,Intel(R),MPI,Library,,Version,2019,Update,9,Build,20200923,(id:,abd58e492)
[0],MPI,startup():,Copyright,(C),2003-2020,Intel,Corporation.,All,rights,reserved.
[0],MPI,startup():,library,kind:,release
[0],MPI,startup():,libfabric,version:,1.10.1-impi
[0],MPI,startup():,libfabric,provider:,mlx
[0],MPI,startup():,Rank,Pid,Node,name,Pin,cpu
[0],MPI,startup():,0,20092,ct1pt-tnode007,0
[0],MPI,startup():,1,20093,ct1pt-tnode007,2
[0],MPI,startup():,I_MPI_ROOT=/opt/area/shared/programs/x86_64/intel/parallel_studio_xe_2020_update4_cluster_edition//compilers_and_libraries_2020.4.304/linux/mpi
[0],MPI,startup():,I_MPI_MPIRUN=mpirun
[0],MPI,startup():,I_MPI_HYDRA_RMK=pbs
[0],MPI,startup():,I_MPI_HYDRA_TOPOLIB=hwloc
[0],MPI,startup():,I_MPI_PIN_PROCESSOR_LIST=0,2
[0],MPI,startup():,I_MPI_INTERNAL_MEM_POLICY=default
[0],MPI,startup():,I_MPI_DEBUG=5
#bytes,#repetitions,t[usec],Mbytes/sec
0,1000,0.23,0.00
1,1000,0.23,4.30
2,1000,0.23,8.58
4,1000,0.23,17.16
8,1000,0.23,34.33
16,1000,0.23,68.44
32,1000,0.24,133.00
64,1000,0.24,265.60
128,1000,0.26,489.85
256,1000,0.28,903.07
512,1000,0.41,1251.80
1024,1000,0.45,2273.15
2048,1000,0.59,3490.96
4096,1000,0.88,4638.13
8192,1000,1.42,5756.83
16384,1000,2.38,6882.54
32768,1000,3.54,9262.57
65536,640,5.69,11516.80
131072,320,8.60,15242.44
262144,160,14.93,17557.10
524288,80,41.28,12699.95
1048576,40,81.15,12921.89
2097152,20,153.26,13683.25
4194304,10,385.78,10872.20
8388608,5,1106.90,7578.50
16777216,2,2425.40,6917.30
33554432,1,5888.64,5698.16
67108864,1,11816.35,5679.32
134217728,1,23675.64,5669.02
268435456,1,49086.56,5468.61
