[0],MPI,startup():,Intel(R),MPI,Library,,Version,2019,Update,9,Build,20200923,(id:,abd58e492)
[0],MPI,startup():,Copyright,(C),2003-2020,Intel,Corporation.,All,rights,reserved.
[0],MPI,startup():,library,kind:,release
[0],MPI,startup():,libfabric,version:,1.10.1-impi
[0],MPI,startup():,libfabric,provider:,mlx
[0],MPI,startup():,Rank,Pid,Node,name,Pin,cpu
[0],MPI,startup():,0,18678,ct1pt-tnode007,{0,2,4,6,8,10,12,14,16,18,20,22}
[0],MPI,startup():,1,18679,ct1pt-tnode007,{1,3,5,7,9,11,13,15,17,19,21,23}
[0],MPI,startup():,I_MPI_ROOT=/opt/area/shared/programs/x86_64/intel/parallel_studio_xe_2020_update4_cluster_edition//compilers_and_libraries_2020.4.304/linux/mpi
[0],MPI,startup():,I_MPI_MPIRUN=mpirun
[0],MPI,startup():,I_MPI_HYDRA_RMK=pbs
[0],MPI,startup():,I_MPI_HYDRA_TOPOLIB=hwloc
[0],MPI,startup():,I_MPI_INTERNAL_MEM_POLICY=default
[0],MPI,startup():,I_MPI_DEBUG=5
#bytes,#repetitions,t[usec],Mbytes/sec
0,1000,0.43,0.00
1,1000,0.44,2.29
2,1000,0.44,4.58
4,1000,0.45,8.96
8,1000,0.44,18.31
16,1000,0.43,36.95
32,1000,0.46,70.12
64,1000,0.46,138.83
128,1000,0.57,224.81
256,1000,0.61,421.74
512,1000,0.83,616.28
1024,1000,0.88,1157.26
2048,1000,1.05,1948.58
4096,1000,1.56,2621.80
8192,1000,1.99,4122.82
16384,1000,3.35,4893.98
32768,1000,5.03,6514.71
65536,640,9.29,7052.61
131072,320,17.85,7344.90
262144,160,34.24,7655.18
524288,80,81.23,6454.48
1048576,40,165.64,6330.40
2097152,20,328.64,6381.21
4194304,10,651.13,6441.58
8388608,5,1349.94,6214.06
16777216,2,3810.08,4403.38
33554432,1,7746.20,4331.73
67108864,1,15468.31,4338.47
134217728,1,31025.16,4326.09
268435456,1,61825.08,4341.85
[0],MPI,startup():,Intel(R),MPI,Library,,Version,2019,Update,9,Build,20200923,(id:,abd58e492)
[0],MPI,startup():,Copyright,(C),2003-2020,Intel,Corporation.,All,rights,reserved.
[0],MPI,startup():,library,kind:,release
[0],MPI,startup():,libfabric,version:,1.10.1-impi
[0],MPI,startup():,libfabric,provider:,mlx
[0],MPI,startup():,Rank,Pid,Node,name,Pin,cpu
[0],MPI,startup():,0,18823,ct1pt-tnode007,{0,2,4,6,8,10,12,14,16,18,20,22}
[0],MPI,startup():,1,18824,ct1pt-tnode007,{1,3,5,7,9,11,13,15,17,19,21,23}
[0],MPI,startup():,I_MPI_ROOT=/opt/area/shared/programs/x86_64/intel/parallel_studio_xe_2020_update4_cluster_edition//compilers_and_libraries_2020.4.304/linux/mpi
[0],MPI,startup():,I_MPI_MPIRUN=mpirun
[0],MPI,startup():,I_MPI_HYDRA_RMK=pbs
[0],MPI,startup():,I_MPI_HYDRA_TOPOLIB=hwloc
[0],MPI,startup():,I_MPI_INTERNAL_MEM_POLICY=default
[0],MPI,startup():,I_MPI_DEBUG=5
#bytes,#repetitions,t[usec],Mbytes/sec
0,1000,0.43,0.00
1,1000,0.43,2.30
2,1000,0.43,4.60
4,1000,0.43,9.20
8,1000,0.44,18.29
16,1000,0.43,36.81
32,1000,0.46,69.50
64,1000,0.47,137.08
128,1000,0.56,230.00
256,1000,0.61,421.93
512,1000,0.81,633.44
1024,1000,0.90,1141.56
2048,1000,1.07,1908.11
4096,1000,1.44,2836.07
8192,1000,2.02,4058.12
16384,1000,3.17,5166.96
32768,1000,5.08,6449.35
65536,640,9.09,7212.48
131072,320,17.75,7383.17
262144,160,34.14,7677.56
524288,80,81.57,6427.19
1048576,40,165.62,6331.35
2097152,20,328.35,6386.92
4194304,10,650.77,6445.12
8388608,5,1353.71,6196.77
16777216,2,3796.35,4419.30
33554432,1,7789.47,4307.67
67108864,1,15512.87,4326.01
134217728,1,30987.33,4331.37
268435456,1,61912.72,4335.71
[0],MPI,startup():,Intel(R),MPI,Library,,Version,2019,Update,9,Build,20200923,(id:,abd58e492)
[0],MPI,startup():,Copyright,(C),2003-2020,Intel,Corporation.,All,rights,reserved.
[0],MPI,startup():,library,kind:,release
[0],MPI,startup():,libfabric,version:,1.10.1-impi
[0],MPI,startup():,libfabric,provider:,mlx
[0],MPI,startup():,Rank,Pid,Node,name,Pin,cpu
[0],MPI,startup():,0,18967,ct1pt-tnode007,{0,2,4,6,8,10,12,14,16,18,20,22}
[0],MPI,startup():,1,18968,ct1pt-tnode007,{1,3,5,7,9,11,13,15,17,19,21,23}
[0],MPI,startup():,I_MPI_ROOT=/opt/area/shared/programs/x86_64/intel/parallel_studio_xe_2020_update4_cluster_edition//compilers_and_libraries_2020.4.304/linux/mpi
[0],MPI,startup():,I_MPI_MPIRUN=mpirun
[0],MPI,startup():,I_MPI_HYDRA_RMK=pbs
[0],MPI,startup():,I_MPI_HYDRA_TOPOLIB=hwloc
[0],MPI,startup():,I_MPI_INTERNAL_MEM_POLICY=default
[0],MPI,startup():,I_MPI_DEBUG=5
#bytes,#repetitions,t[usec],Mbytes/sec
0,1000,0.43,0.00
1,1000,0.43,2.31
2,1000,0.43,4.61
4,1000,0.43,9.24
8,1000,0.44,18.37
16,1000,0.44,36.74
32,1000,0.46,68.96
64,1000,0.47,137.17
128,1000,0.57,226.10
256,1000,0.61,417.00
512,1000,0.84,608.82
1024,1000,0.91,1123.24
2048,1000,1.08,1888.21
4096,1000,1.52,2693.99
8192,1000,1.98,4143.10
16384,1000,3.26,5018.47
32768,1000,5.07,6464.65
65536,640,9.16,7154.03
131072,320,17.86,7338.17
262144,160,34.36,7628.78
524288,80,81.97,6395.97
1048576,40,167.75,6250.77
2097152,20,331.95,6317.75
4194304,10,659.46,6360.18
8388608,5,1390.06,6034.72
16777216,2,3855.55,4351.45
33554432,1,7810.32,4296.17
67108864,1,15636.06,4291.93
134217728,1,31378.07,4277.44
268435456,1,62798.06,4274.58
[0],MPI,startup():,Intel(R),MPI,Library,,Version,2019,Update,9,Build,20200923,(id:,abd58e492)
[0],MPI,startup():,Copyright,(C),2003-2020,Intel,Corporation.,All,rights,reserved.
[0],MPI,startup():,library,kind:,release
[0],MPI,startup():,libfabric,version:,1.10.1-impi
[0],MPI,startup():,libfabric,provider:,mlx
[0],MPI,startup():,Rank,Pid,Node,name,Pin,cpu
[0],MPI,startup():,0,19112,ct1pt-tnode007,{0,2,4,6,8,10,12,14,16,18,20,22}
[0],MPI,startup():,1,19113,ct1pt-tnode007,{1,3,5,7,9,11,13,15,17,19,21,23}
[0],MPI,startup():,I_MPI_ROOT=/opt/area/shared/programs/x86_64/intel/parallel_studio_xe_2020_update4_cluster_edition//compilers_and_libraries_2020.4.304/linux/mpi
[0],MPI,startup():,I_MPI_MPIRUN=mpirun
[0],MPI,startup():,I_MPI_HYDRA_RMK=pbs
[0],MPI,startup():,I_MPI_HYDRA_TOPOLIB=hwloc
[0],MPI,startup():,I_MPI_INTERNAL_MEM_POLICY=default
[0],MPI,startup():,I_MPI_DEBUG=5
#bytes,#repetitions,t[usec],Mbytes/sec
0,1000,0.43,0.00
1,1000,0.44,2.29
2,1000,0.43,4.61
4,1000,0.44,9.18
8,1000,0.44,18.29
16,1000,0.44,36.63
32,1000,0.46,69.37
64,1000,0.47,137.13
128,1000,0.57,226.09
256,1000,0.61,418.81
512,1000,0.83,617.60
1024,1000,0.89,1156.47
2048,1000,1.08,1890.68
4096,1000,1.43,2871.40
8192,1000,1.97,4168.73
16384,1000,3.31,4951.89
32768,1000,5.04,6501.56
65536,640,9.14,7170.09
131072,320,17.89,7327.76
262144,160,34.63,7569.02
524288,80,81.64,6421.63
1048576,40,165.01,6354.66
2097152,20,327.78,6398.03
4194304,10,651.85,6434.47
8388608,5,1353.16,6199.30
16777216,2,3851.29,4356.26
33554432,1,7737.41,4336.65
67108864,1,15471.22,4337.66
134217728,1,30972.63,4333.43
268435456,1,61953.63,4332.84
[0],MPI,startup():,Intel(R),MPI,Library,,Version,2019,Update,9,Build,20200923,(id:,abd58e492)
[0],MPI,startup():,Copyright,(C),2003-2020,Intel,Corporation.,All,rights,reserved.
[0],MPI,startup():,library,kind:,release
[0],MPI,startup():,libfabric,version:,1.10.1-impi
[0],MPI,startup():,libfabric,provider:,mlx
[0],MPI,startup():,Rank,Pid,Node,name,Pin,cpu
[0],MPI,startup():,0,19257,ct1pt-tnode007,{0,2,4,6,8,10,12,14,16,18,20,22}
[0],MPI,startup():,1,19258,ct1pt-tnode007,{1,3,5,7,9,11,13,15,17,19,21,23}
[0],MPI,startup():,I_MPI_ROOT=/opt/area/shared/programs/x86_64/intel/parallel_studio_xe_2020_update4_cluster_edition//compilers_and_libraries_2020.4.304/linux/mpi
[0],MPI,startup():,I_MPI_MPIRUN=mpirun
[0],MPI,startup():,I_MPI_HYDRA_RMK=pbs
[0],MPI,startup():,I_MPI_HYDRA_TOPOLIB=hwloc
[0],MPI,startup():,I_MPI_INTERNAL_MEM_POLICY=default
[0],MPI,startup():,I_MPI_DEBUG=5
#bytes,#repetitions,t[usec],Mbytes/sec
0,1000,0.43,0.00
1,1000,0.44,2.30
2,1000,0.43,4.61
4,1000,0.44,9.18
8,1000,0.44,18.26
16,1000,0.44,36.75
32,1000,0.46,69.35
64,1000,0.47,136.85
128,1000,0.56,226.65
256,1000,0.61,422.34
512,1000,0.85,604.40
1024,1000,0.93,1105.01
2048,1000,1.09,1880.59
4096,1000,1.45,2826.23
8192,1000,2.01,4071.96
16384,1000,3.28,4997.38
32768,1000,5.14,6378.16
65536,640,9.11,7197.21
131072,320,17.91,7320.20
262144,160,34.19,7667.20
524288,80,82.29,6371.33
1048576,40,165.89,6320.80
2097152,20,329.53,6364.08
4194304,10,654.08,6412.54
8388608,5,1357.24,6180.62
16777216,2,3830.18,4380.27
33554432,1,7775.08,4315.64
67108864,1,15519.95,4324.04
134217728,1,31134.56,4310.89
268435456,1,62286.45,4309.69
[0],MPI,startup():,Intel(R),MPI,Library,,Version,2019,Update,9,Build,20200923,(id:,abd58e492)
[0],MPI,startup():,Copyright,(C),2003-2020,Intel,Corporation.,All,rights,reserved.
[0],MPI,startup():,library,kind:,release
[0],MPI,startup():,libfabric,version:,1.10.1-impi
[0],MPI,startup():,libfabric,provider:,mlx
[0],MPI,startup():,Rank,Pid,Node,name,Pin,cpu
[0],MPI,startup():,0,19402,ct1pt-tnode007,{0,2,4,6,8,10,12,14,16,18,20,22}
[0],MPI,startup():,1,19403,ct1pt-tnode007,{1,3,5,7,9,11,13,15,17,19,21,23}
[0],MPI,startup():,I_MPI_ROOT=/opt/area/shared/programs/x86_64/intel/parallel_studio_xe_2020_update4_cluster_edition//compilers_and_libraries_2020.4.304/linux/mpi
[0],MPI,startup():,I_MPI_MPIRUN=mpirun
[0],MPI,startup():,I_MPI_HYDRA_RMK=pbs
[0],MPI,startup():,I_MPI_HYDRA_TOPOLIB=hwloc
[0],MPI,startup():,I_MPI_INTERNAL_MEM_POLICY=default
[0],MPI,startup():,I_MPI_DEBUG=5
#bytes,#repetitions,t[usec],Mbytes/sec
0,1000,0.43,0.00
1,1000,0.43,2.31
2,1000,0.43,4.62
4,1000,0.43,9.21
8,1000,0.44,18.39
16,1000,0.43,36.88
32,1000,0.46,68.88
64,1000,0.47,137.43
128,1000,0.56,228.77
256,1000,0.62,414.32
512,1000,0.82,621.69
1024,1000,0.89,1154.55
2048,1000,1.05,1946.22
4096,1000,1.52,2697.82
8192,1000,2.02,4053.63
16384,1000,3.25,5046.19
32768,1000,5.12,6397.27
65536,640,9.32,7031.30
131072,320,17.80,7361.55
262144,160,34.17,7670.88
524288,80,82.45,6358.50
1048576,40,167.54,6258.78
2097152,20,331.90,6318.66
4194304,10,659.34,6361.34
8388608,5,1387.09,6047.64
16777216,2,3841.03,4367.89
33554432,1,7847.77,4275.66
67108864,1,15710.36,4271.63
134217728,1,31253.86,4294.44
268435456,1,62642.09,4285.23
[0],MPI,startup():,Intel(R),MPI,Library,,Version,2019,Update,9,Build,20200923,(id:,abd58e492)
[0],MPI,startup():,Copyright,(C),2003-2020,Intel,Corporation.,All,rights,reserved.
[0],MPI,startup():,library,kind:,release
[0],MPI,startup():,libfabric,version:,1.10.1-impi
[0],MPI,startup():,libfabric,provider:,mlx
[0],MPI,startup():,Rank,Pid,Node,name,Pin,cpu
[0],MPI,startup():,0,19546,ct1pt-tnode007,{0,2,4,6,8,10,12,14,16,18,20,22}
[0],MPI,startup():,1,19547,ct1pt-tnode007,{1,3,5,7,9,11,13,15,17,19,21,23}
[0],MPI,startup():,I_MPI_ROOT=/opt/area/shared/programs/x86_64/intel/parallel_studio_xe_2020_update4_cluster_edition//compilers_and_libraries_2020.4.304/linux/mpi
[0],MPI,startup():,I_MPI_MPIRUN=mpirun
[0],MPI,startup():,I_MPI_HYDRA_RMK=pbs
[0],MPI,startup():,I_MPI_HYDRA_TOPOLIB=hwloc
[0],MPI,startup():,I_MPI_INTERNAL_MEM_POLICY=default
[0],MPI,startup():,I_MPI_DEBUG=5
#bytes,#repetitions,t[usec],Mbytes/sec
0,1000,0.43,0.00
1,1000,0.43,2.31
2,1000,0.43,4.61
4,1000,0.43,9.21
8,1000,0.44,18.35
16,1000,0.43,36.80
32,1000,0.46,68.94
64,1000,0.47,137.16
128,1000,0.57,225.05
256,1000,0.61,416.97
512,1000,0.82,624.66
1024,1000,0.91,1127.98
2048,1000,1.08,1897.10
4096,1000,1.49,2740.51
8192,1000,2.01,4066.08
16384,1000,3.27,5004.18
32768,1000,5.07,6461.86
65536,640,9.10,7197.84
131072,320,17.86,7338.92
262144,160,34.32,7638.75
524288,80,82.25,6374.67
1048576,40,167.27,6268.77
2097152,20,332.55,6306.35
4194304,10,660.23,6352.78
8388608,5,1380.66,6075.81
16777216,2,3814.49,4398.28
33554432,1,7858.49,4269.83
67108864,1,15644.30,4289.67
134217728,1,31319.37,4285.45
268435456,1,62902.83,4267.46
[0],MPI,startup():,Intel(R),MPI,Library,,Version,2019,Update,9,Build,20200923,(id:,abd58e492)
[0],MPI,startup():,Copyright,(C),2003-2020,Intel,Corporation.,All,rights,reserved.
[0],MPI,startup():,library,kind:,release
[0],MPI,startup():,libfabric,version:,1.10.1-impi
[0],MPI,startup():,libfabric,provider:,mlx
[0],MPI,startup():,Rank,Pid,Node,name,Pin,cpu
[0],MPI,startup():,0,19691,ct1pt-tnode007,{0,2,4,6,8,10,12,14,16,18,20,22}
[0],MPI,startup():,1,19692,ct1pt-tnode007,{1,3,5,7,9,11,13,15,17,19,21,23}
[0],MPI,startup():,I_MPI_ROOT=/opt/area/shared/programs/x86_64/intel/parallel_studio_xe_2020_update4_cluster_edition//compilers_and_libraries_2020.4.304/linux/mpi
[0],MPI,startup():,I_MPI_MPIRUN=mpirun
[0],MPI,startup():,I_MPI_HYDRA_RMK=pbs
[0],MPI,startup():,I_MPI_HYDRA_TOPOLIB=hwloc
[0],MPI,startup():,I_MPI_INTERNAL_MEM_POLICY=default
[0],MPI,startup():,I_MPI_DEBUG=5
#bytes,#repetitions,t[usec],Mbytes/sec
0,1000,0.43,0.00
1,1000,0.43,2.30
2,1000,0.43,4.65
4,1000,0.43,9.22
8,1000,0.43,18.41
16,1000,0.43,36.83
32,1000,0.46,69.91
64,1000,0.46,139.13
128,1000,0.56,227.12
256,1000,0.61,423.01
512,1000,0.81,635.07
1024,1000,0.89,1156.09
2048,1000,1.04,1974.00
4096,1000,1.45,2816.05
8192,1000,1.94,4215.34
16384,1000,3.35,4890.13
32768,1000,5.20,6298.17
65536,640,9.26,7074.64
131072,320,17.85,7342.40
262144,160,34.10,7688.05
524288,80,81.72,6415.86
1048576,40,165.61,6331.66
2097152,20,328.71,6379.92
4194304,10,651.64,6436.55
8388608,5,1356.87,6182.34
16777216,2,3822.06,4389.57
33554432,1,7781.10,4312.30
67108864,1,15515.67,4325.23
134217728,1,30970.58,4333.72
268435456,1,62204.44,4315.37
[0],MPI,startup():,Intel(R),MPI,Library,,Version,2019,Update,9,Build,20200923,(id:,abd58e492)
[0],MPI,startup():,Copyright,(C),2003-2020,Intel,Corporation.,All,rights,reserved.
[0],MPI,startup():,library,kind:,release
[0],MPI,startup():,libfabric,version:,1.10.1-impi
[0],MPI,startup():,libfabric,provider:,mlx
[0],MPI,startup():,Rank,Pid,Node,name,Pin,cpu
[0],MPI,startup():,0,19837,ct1pt-tnode007,{0,2,4,6,8,10,12,14,16,18,20,22}
[0],MPI,startup():,1,19838,ct1pt-tnode007,{1,3,5,7,9,11,13,15,17,19,21,23}
[0],MPI,startup():,I_MPI_ROOT=/opt/area/shared/programs/x86_64/intel/parallel_studio_xe_2020_update4_cluster_edition//compilers_and_libraries_2020.4.304/linux/mpi
[0],MPI,startup():,I_MPI_MPIRUN=mpirun
[0],MPI,startup():,I_MPI_HYDRA_RMK=pbs
[0],MPI,startup():,I_MPI_HYDRA_TOPOLIB=hwloc
[0],MPI,startup():,I_MPI_INTERNAL_MEM_POLICY=default
[0],MPI,startup():,I_MPI_DEBUG=5
#bytes,#repetitions,t[usec],Mbytes/sec
0,1000,0.43,0.00
1,1000,0.43,2.30
2,1000,0.43,4.62
4,1000,0.43,9.22
8,1000,0.44,18.36
16,1000,0.43,36.83
32,1000,0.47,68.72
64,1000,0.47,136.57
128,1000,0.57,226.23
256,1000,0.61,418.50
512,1000,0.82,627.51
1024,1000,0.88,1160.83
2048,1000,1.03,1980.55
4096,1000,1.44,2839.73
8192,1000,1.96,4177.72
16384,1000,3.25,5037.40
32768,1000,4.99,6560.63
65536,640,9.09,7209.09
131072,320,17.75,7385.82
262144,160,34.00,7711.18
524288,80,81.62,6423.50
1048576,40,164.51,6373.92
2097152,20,327.52,6403.06
4194304,10,649.51,6457.65
8388608,5,1347.94,6223.28
16777216,2,3829.56,4380.97
33554432,1,7709.72,4352.23
67108864,1,15455.10,4342.18
134217728,1,30874.97,4347.14
268435456,1,61815.20,4342.55
[0],MPI,startup():,Intel(R),MPI,Library,,Version,2019,Update,9,Build,20200923,(id:,abd58e492)
[0],MPI,startup():,Copyright,(C),2003-2020,Intel,Corporation.,All,rights,reserved.
[0],MPI,startup():,library,kind:,release
[0],MPI,startup():,libfabric,version:,1.10.1-impi
[0],MPI,startup():,libfabric,provider:,mlx
[0],MPI,startup():,Rank,Pid,Node,name,Pin,cpu
[0],MPI,startup():,0,19981,ct1pt-tnode007,{0,2,4,6,8,10,12,14,16,18,20,22}
[0],MPI,startup():,1,19982,ct1pt-tnode007,{1,3,5,7,9,11,13,15,17,19,21,23}
[0],MPI,startup():,I_MPI_ROOT=/opt/area/shared/programs/x86_64/intel/parallel_studio_xe_2020_update4_cluster_edition//compilers_and_libraries_2020.4.304/linux/mpi
[0],MPI,startup():,I_MPI_MPIRUN=mpirun
[0],MPI,startup():,I_MPI_HYDRA_RMK=pbs
[0],MPI,startup():,I_MPI_HYDRA_TOPOLIB=hwloc
[0],MPI,startup():,I_MPI_INTERNAL_MEM_POLICY=default
[0],MPI,startup():,I_MPI_DEBUG=5
#bytes,#repetitions,t[usec],Mbytes/sec
0,1000,0.43,0.00
1,1000,0.43,2.31
2,1000,0.43,4.60
4,1000,0.44,9.14
8,1000,0.43,18.55
16,1000,0.43,36.79
32,1000,0.47,68.14
64,1000,0.47,135.40
128,1000,0.57,224.04
256,1000,0.62,411.49
512,1000,0.86,595.22
1024,1000,0.93,1105.87
2048,1000,1.10,1856.30
4096,1000,1.56,2634.03
8192,1000,2.01,4068.33
16384,1000,3.33,4914.38
32768,1000,5.16,6349.26
65536,640,9.11,7190.90
131072,320,18.04,7265.13
262144,160,34.68,7558.30
524288,80,82.57,6349.79
1048576,40,168.30,6230.25
2097152,20,333.82,6282.23
4194304,10,662.57,6330.33
8388608,5,1382.30,6068.60
16777216,2,3884.67,4318.82
33554432,1,7877.47,4259.54
67108864,1,15801.79,4246.92
134217728,1,31517.86,4258.47
268435456,1,63153.39,4250.53
