[0],MPI,startup():,Intel(R),MPI,Library,,Version,2019,Update,9,Build,20200923,(id:,abd58e492)
[0],MPI,startup():,Copyright,(C),2003-2020,Intel,Corporation.,All,rights,reserved.
[0],MPI,startup():,library,kind:,release
[0],MPI,startup():,libfabric,version:,1.10.1-impi
[0],MPI,startup():,libfabric,provider:,mlx
[0],MPI,startup():,Rank,Pid,Node,name,Pin,cpu
[0],MPI,startup():,0,16488,ct1pt-tnode007,{0,1,2,3,4,5,6,7,8,9,10,11,12,13,14,15,16,17,18,19,20,21,22,23}
[0],MPI,startup():,1,19316,ct1pt-tnode008,{0,1,2,3,4,5,6,7,8,9,10,11,12,13,14,15,16,17,18,19,20,21,22,23}
[0],MPI,startup():,I_MPI_ROOT=/opt/area/shared/programs/x86_64/intel/parallel_studio_xe_2020_update4_cluster_edition//compilers_and_libraries_2020.4.304/linux/mpi
[0],MPI,startup():,I_MPI_MPIRUN=mpirun
[0],MPI,startup():,I_MPI_HYDRA_RMK=pbs
[0],MPI,startup():,I_MPI_HYDRA_TOPOLIB=hwloc
[0],MPI,startup():,I_MPI_INTERNAL_MEM_POLICY=default
[0],MPI,startup():,I_MPI_DEBUG=5
#bytes,#repetitions,t[usec],Mbytes/sec
0,1000,1.12,0.00
1,1000,1.12,0.89
2,1000,1.13,1.77
4,1000,1.13,3.54
8,1000,1.14,7.03
16,1000,1.13,14.12
32,1000,1.15,27.83
64,1000,1.30,49.25
128,1000,1.35,94.99
256,1000,1.59,161.22
512,1000,1.67,307.30
1024,1000,1.85,554.30
2048,1000,2.56,799.44
4096,1000,3.32,1233.82
8192,1000,4.32,1894.13
16384,1000,6.02,2723.20
32768,1000,9.47,3458.69
65536,640,12.47,5256.90
131072,320,21.64,6056.72
262144,160,32.44,8080.41
524288,80,55.01,9531.48
1048576,40,98.51,10644.81
2097152,20,182.06,11519.16
4194304,10,353.42,11867.84
8388608,5,695.14,12067.51
16777216,2,1379.44,12162.37
33554432,1,2769.97,12113.65
67108864,1,5507.23,12185.58
134217728,1,11003.69,12197.52
268435456,1,21998.67,12202.35
[0],MPI,startup():,Intel(R),MPI,Library,,Version,2019,Update,9,Build,20200923,(id:,abd58e492)
[0],MPI,startup():,Copyright,(C),2003-2020,Intel,Corporation.,All,rights,reserved.
[0],MPI,startup():,library,kind:,release
[0],MPI,startup():,libfabric,version:,1.10.1-impi
[0],MPI,startup():,libfabric,provider:,mlx
[0],MPI,startup():,Rank,Pid,Node,name,Pin,cpu
[0],MPI,startup():,0,17927,ct1pt-tnode007,{0,1,2,3,4,5,6,7,8,9,10,11,12,13,14,15,16,17,18,19,20,21,22,23}
[0],MPI,startup():,1,19393,ct1pt-tnode008,{0,1,2,3,4,5,6,7,8,9,10,11,12,13,14,15,16,17,18,19,20,21,22,23}
[0],MPI,startup():,I_MPI_ROOT=/opt/area/shared/programs/x86_64/intel/parallel_studio_xe_2020_update4_cluster_edition//compilers_and_libraries_2020.4.304/linux/mpi
[0],MPI,startup():,I_MPI_MPIRUN=mpirun
[0],MPI,startup():,I_MPI_HYDRA_RMK=pbs
[0],MPI,startup():,I_MPI_HYDRA_TOPOLIB=hwloc
[0],MPI,startup():,I_MPI_INTERNAL_MEM_POLICY=default
[0],MPI,startup():,I_MPI_DEBUG=5
#bytes,#repetitions,t[usec],Mbytes/sec
0,1000,1.14,0.00
1,1000,1.13,0.89
2,1000,1.13,1.77
4,1000,1.13,3.54
8,1000,1.13,7.05
16,1000,1.14,14.08
32,1000,1.15,27.75
64,1000,1.33,47.99
128,1000,1.39,92.24
256,1000,1.63,156.58
512,1000,1.71,298.97
1024,1000,1.89,540.85
2048,1000,2.55,802.05
4096,1000,3.36,1220.49
8192,1000,4.33,1890.81
16384,1000,9.21,1778.30
32768,1000,9.52,3440.79
65536,640,12.60,5200.83
131072,320,21.75,6025.83
262144,160,32.12,8162.49
524288,80,57.56,9109.01
1048576,40,98.57,10638.26
2097152,20,181.37,11562.56
4194304,10,354.05,11846.69
8388608,5,696.60,12042.26
16777216,2,1379.22,12164.30
33554432,1,2758.85,12162.47
67108864,1,5509.11,12181.44
134217728,1,11001.75,12199.67
268435456,1,22098.17,12147.41
[0],MPI,startup():,Intel(R),MPI,Library,,Version,2019,Update,9,Build,20200923,(id:,abd58e492)
[0],MPI,startup():,Copyright,(C),2003-2020,Intel,Corporation.,All,rights,reserved.
[0],MPI,startup():,library,kind:,release
[0],MPI,startup():,libfabric,version:,1.10.1-impi
[0],MPI,startup():,libfabric,provider:,mlx
[0],MPI,startup():,Rank,Pid,Node,name,Pin,cpu
[0],MPI,startup():,0,18559,ct1pt-tnode007,{0,1,2,3,4,5,6,7,8,9,10,11,12,13,14,15,16,17,18,19,20,21,22,23}
[0],MPI,startup():,1,19467,ct1pt-tnode008,{0,1,2,3,4,5,6,7,8,9,10,11,12,13,14,15,16,17,18,19,20,21,22,23}
[0],MPI,startup():,I_MPI_ROOT=/opt/area/shared/programs/x86_64/intel/parallel_studio_xe_2020_update4_cluster_edition//compilers_and_libraries_2020.4.304/linux/mpi
[0],MPI,startup():,I_MPI_MPIRUN=mpirun
[0],MPI,startup():,I_MPI_HYDRA_RMK=pbs
[0],MPI,startup():,I_MPI_HYDRA_TOPOLIB=hwloc
[0],MPI,startup():,I_MPI_INTERNAL_MEM_POLICY=default
[0],MPI,startup():,I_MPI_DEBUG=5
#bytes,#repetitions,t[usec],Mbytes/sec
0,1000,1.19,0.00
1,1000,1.19,0.84
2,1000,1.19,1.68
4,1000,1.19,3.35
8,1000,1.19,6.72
16,1000,1.19,13.41
32,1000,1.22,26.19
64,1000,1.46,43.98
128,1000,1.52,84.37
256,1000,1.80,142.55
512,1000,1.88,272.99
1024,1000,2.08,491.71
2048,1000,2.80,731.32
4096,1000,3.60,1139.11
8192,1000,4.74,1728.09
16384,1000,6.54,2506.25
32768,1000,9.93,3299.73
65536,640,12.97,5053.35
131072,320,21.83,6003.34
262144,160,32.99,7946.01
524288,80,58.00,9039.97
1048576,40,98.54,10641.40
2097152,20,182.59,11485.84
4194304,10,355.20,11808.32
8388608,5,699.03,12000.32
16777216,2,1385.42,12109.85
33554432,1,2760.81,12153.84
67108864,1,5509.77,12179.97
134217728,1,11020.47,12178.95
268435456,1,22002.72,12200.11
[0],MPI,startup():,Intel(R),MPI,Library,,Version,2019,Update,9,Build,20200923,(id:,abd58e492)
[0],MPI,startup():,Copyright,(C),2003-2020,Intel,Corporation.,All,rights,reserved.
[0],MPI,startup():,library,kind:,release
[0],MPI,startup():,libfabric,version:,1.10.1-impi
[0],MPI,startup():,libfabric,provider:,mlx
[0],MPI,startup():,Rank,Pid,Node,name,Pin,cpu
[0],MPI,startup():,0,18891,ct1pt-tnode007,{0,1,2,3,4,5,6,7,8,9,10,11,12,13,14,15,16,17,18,19,20,21,22,23}
[0],MPI,startup():,1,19687,ct1pt-tnode008,{0,1,2,3,4,5,6,7,8,9,10,11,12,13,14,15,16,17,18,19,20,21,22,23}
[0],MPI,startup():,I_MPI_ROOT=/opt/area/shared/programs/x86_64/intel/parallel_studio_xe_2020_update4_cluster_edition//compilers_and_libraries_2020.4.304/linux/mpi
[0],MPI,startup():,I_MPI_MPIRUN=mpirun
[0],MPI,startup():,I_MPI_HYDRA_RMK=pbs
[0],MPI,startup():,I_MPI_HYDRA_TOPOLIB=hwloc
[0],MPI,startup():,I_MPI_INTERNAL_MEM_POLICY=default
[0],MPI,startup():,I_MPI_DEBUG=5
#bytes,#repetitions,t[usec],Mbytes/sec
0,1000,1.14,0.00
1,1000,1.13,0.88
2,1000,1.14,1.76
4,1000,1.13,3.53
8,1000,1.14,7.04
16,1000,1.14,14.07
32,1000,1.16,27.69
64,1000,1.34,47.74
128,1000,1.38,92.45
256,1000,1.63,156.60
512,1000,1.71,299.13
1024,1000,1.90,537.95
2048,1000,2.57,795.91
4096,1000,3.33,1230.08
8192,1000,4.26,1924.88
16384,1000,5.90,2778.51
32768,1000,9.45,3469.04
65536,640,12.40,5286.08
131072,320,21.99,5960.86
262144,160,32.27,8122.95
524288,80,55.01,9530.31
1048576,40,96.74,10838.86
2097152,20,182.43,11495.46
4194304,10,353.71,11858.18
8388608,5,696.75,12039.55
16777216,2,1379.99,12157.47
33554432,1,2758.48,12164.12
67108864,1,5503.15,12194.63
134217728,1,11007.55,12193.25
268435456,1,22015.60,12192.97
[0],MPI,startup():,Intel(R),MPI,Library,,Version,2019,Update,9,Build,20200923,(id:,abd58e492)
[0],MPI,startup():,Copyright,(C),2003-2020,Intel,Corporation.,All,rights,reserved.
[0],MPI,startup():,library,kind:,release
[0],MPI,startup():,libfabric,version:,1.10.1-impi
[0],MPI,startup():,libfabric,provider:,mlx
[0],MPI,startup():,Rank,Pid,Node,name,Pin,cpu
[0],MPI,startup():,0,18919,ct1pt-tnode007,{0,1,2,3,4,5,6,7,8,9,10,11,12,13,14,15,16,17,18,19,20,21,22,23}
[0],MPI,startup():,1,19771,ct1pt-tnode008,{0,1,2,3,4,5,6,7,8,9,10,11,12,13,14,15,16,17,18,19,20,21,22,23}
[0],MPI,startup():,I_MPI_ROOT=/opt/area/shared/programs/x86_64/intel/parallel_studio_xe_2020_update4_cluster_edition//compilers_and_libraries_2020.4.304/linux/mpi
[0],MPI,startup():,I_MPI_MPIRUN=mpirun
[0],MPI,startup():,I_MPI_HYDRA_RMK=pbs
[0],MPI,startup():,I_MPI_HYDRA_TOPOLIB=hwloc
[0],MPI,startup():,I_MPI_INTERNAL_MEM_POLICY=default
[0],MPI,startup():,I_MPI_DEBUG=5
#bytes,#repetitions,t[usec],Mbytes/sec
0,1000,1.13,0.00
1,1000,1.13,0.89
2,1000,1.13,1.77
4,1000,1.13,3.53
8,1000,1.13,7.10
16,1000,1.13,14.17
32,1000,1.15,27.84
64,1000,1.33,48.05
128,1000,1.39,92.34
256,1000,1.64,156.41
512,1000,1.71,298.57
1024,1000,1.90,538.46
2048,1000,2.63,777.50
4096,1000,3.43,1195.54
8192,1000,4.34,1887.15
16384,1000,6.12,2675.11
32768,1000,9.70,3379.72
65536,640,12.59,5206.24
131072,320,22.15,5916.73
262144,160,32.88,7972.20
524288,80,54.22,9670.17
1048576,40,96.93,10817.72
2097152,20,185.50,11305.62
4194304,10,353.47,11866.08
8388608,5,695.14,12067.43
16777216,2,1376.25,12190.49
33554432,1,2765.82,12131.81
67108864,1,5506.45,12187.31
134217728,1,10989.42,12213.36
268435456,1,21964.11,12221.55
[0],MPI,startup():,Intel(R),MPI,Library,,Version,2019,Update,9,Build,20200923,(id:,abd58e492)
[0],MPI,startup():,Copyright,(C),2003-2020,Intel,Corporation.,All,rights,reserved.
[0],MPI,startup():,library,kind:,release
[0],MPI,startup():,libfabric,version:,1.10.1-impi
[0],MPI,startup():,libfabric,provider:,mlx
[0],MPI,startup():,Rank,Pid,Node,name,Pin,cpu
[0],MPI,startup():,0,18947,ct1pt-tnode007,{0,1,2,3,4,5,6,7,8,9,10,11,12,13,14,15,16,17,18,19,20,21,22,23}
[0],MPI,startup():,1,19942,ct1pt-tnode008,{0,1,2,3,4,5,6,7,8,9,10,11,12,13,14,15,16,17,18,19,20,21,22,23}
[0],MPI,startup():,I_MPI_ROOT=/opt/area/shared/programs/x86_64/intel/parallel_studio_xe_2020_update4_cluster_edition//compilers_and_libraries_2020.4.304/linux/mpi
[0],MPI,startup():,I_MPI_MPIRUN=mpirun
[0],MPI,startup():,I_MPI_HYDRA_RMK=pbs
[0],MPI,startup():,I_MPI_HYDRA_TOPOLIB=hwloc
[0],MPI,startup():,I_MPI_INTERNAL_MEM_POLICY=default
[0],MPI,startup():,I_MPI_DEBUG=5
#bytes,#repetitions,t[usec],Mbytes/sec
0,1000,1.16,0.00
1,1000,1.13,0.88
2,1000,1.14,1.75
4,1000,1.14,3.51
8,1000,1.13,7.06
16,1000,1.13,14.10
32,1000,1.15,27.83
64,1000,1.33,48.07
128,1000,1.38,92.50
256,1000,1.63,157.09
512,1000,1.72,298.41
1024,1000,1.88,545.92
2048,1000,2.56,799.54
4096,1000,3.33,1228.75
8192,1000,4.30,1906.00
16384,1000,5.98,2738.31
32768,1000,9.53,3439.89
65536,640,12.52,5233.93
131072,320,21.64,6056.48
262144,160,49.38,5308.97
524288,80,55.04,9525.22
1048576,40,96.70,10843.57
2097152,20,182.13,11514.44
4194304,10,352.56,11896.61
8388608,5,693.16,12102.00
16777216,2,1379.98,12157.60
33554432,1,2759.48,12159.70
67108864,1,5500.67,12200.12
134217728,1,10985.57,12217.64
268435456,1,21992.64,12205.69
[0],MPI,startup():,Intel(R),MPI,Library,,Version,2019,Update,9,Build,20200923,(id:,abd58e492)
[0],MPI,startup():,Copyright,(C),2003-2020,Intel,Corporation.,All,rights,reserved.
[0],MPI,startup():,library,kind:,release
[0],MPI,startup():,libfabric,version:,1.10.1-impi
[0],MPI,startup():,libfabric,provider:,mlx
[0],MPI,startup():,Rank,Pid,Node,name,Pin,cpu
[0],MPI,startup():,0,18975,ct1pt-tnode007,{0,1,2,3,4,5,6,7,8,9,10,11,12,13,14,15,16,17,18,19,20,21,22,23}
[0],MPI,startup():,1,20027,ct1pt-tnode008,{0,1,2,3,4,5,6,7,8,9,10,11,12,13,14,15,16,17,18,19,20,21,22,23}
[0],MPI,startup():,I_MPI_ROOT=/opt/area/shared/programs/x86_64/intel/parallel_studio_xe_2020_update4_cluster_edition//compilers_and_libraries_2020.4.304/linux/mpi
[0],MPI,startup():,I_MPI_MPIRUN=mpirun
[0],MPI,startup():,I_MPI_HYDRA_RMK=pbs
[0],MPI,startup():,I_MPI_HYDRA_TOPOLIB=hwloc
[0],MPI,startup():,I_MPI_INTERNAL_MEM_POLICY=default
[0],MPI,startup():,I_MPI_DEBUG=5
#bytes,#repetitions,t[usec],Mbytes/sec
0,1000,1.20,0.00
1,1000,1.20,0.83
2,1000,1.19,1.68
4,1000,1.19,3.35
8,1000,1.20,6.69
16,1000,1.20,13.38
32,1000,1.22,26.28
64,1000,1.46,43.92
128,1000,1.51,84.82
256,1000,1.79,142.86
512,1000,1.87,273.98
1024,1000,2.05,498.35
2048,1000,2.78,737.54
4096,1000,3.64,1124.56
8192,1000,4.65,1762.27
16384,1000,6.36,2575.31
32768,1000,9.99,3280.81
65536,640,12.95,5060.66
131072,320,21.74,6028.44
262144,160,32.68,8021.77
524288,80,57.99,9040.63
1048576,40,98.58,10637.12
2097152,20,182.67,11480.33
4194304,10,354.32,11837.71
8388608,5,696.75,12039.69
16777216,2,1388.57,12082.33
33554432,1,2753.30,12186.98
67108864,1,5509.09,12181.49
134217728,1,10983.37,12220.09
268435456,1,21942.07,12233.83
[0],MPI,startup():,Intel(R),MPI,Library,,Version,2019,Update,9,Build,20200923,(id:,abd58e492)
[0],MPI,startup():,Copyright,(C),2003-2020,Intel,Corporation.,All,rights,reserved.
[0],MPI,startup():,library,kind:,release
[0],MPI,startup():,libfabric,version:,1.10.1-impi
[0],MPI,startup():,libfabric,provider:,mlx
[0],MPI,startup():,Rank,Pid,Node,name,Pin,cpu
[0],MPI,startup():,0,19003,ct1pt-tnode007,{0,1,2,3,4,5,6,7,8,9,10,11,12,13,14,15,16,17,18,19,20,21,22,23}
[0],MPI,startup():,1,20221,ct1pt-tnode008,{0,1,2,3,4,5,6,7,8,9,10,11,12,13,14,15,16,17,18,19,20,21,22,23}
[0],MPI,startup():,I_MPI_ROOT=/opt/area/shared/programs/x86_64/intel/parallel_studio_xe_2020_update4_cluster_edition//compilers_and_libraries_2020.4.304/linux/mpi
[0],MPI,startup():,I_MPI_MPIRUN=mpirun
[0],MPI,startup():,I_MPI_HYDRA_RMK=pbs
[0],MPI,startup():,I_MPI_HYDRA_TOPOLIB=hwloc
[0],MPI,startup():,I_MPI_INTERNAL_MEM_POLICY=default
[0],MPI,startup():,I_MPI_DEBUG=5
#bytes,#repetitions,t[usec],Mbytes/sec
0,1000,1.06,0.00
1,1000,1.05,0.95
2,1000,1.07,1.87
4,1000,1.07,3.75
8,1000,1.06,7.51
16,1000,1.06,15.09
32,1000,1.08,29.73
64,1000,1.22,52.55
128,1000,1.24,103.01
256,1000,1.46,175.14
512,1000,1.55,331.31
1024,1000,1.69,605.41
2048,1000,2.37,864.02
4096,1000,3.12,1314.43
8192,1000,3.96,2070.70
16384,1000,5.67,2890.02
32768,1000,9.57,3425.57
65536,640,12.60,5203.19
131072,320,21.06,6223.53
262144,160,32.42,8086.32
524288,80,57.59,9103.18
1048576,40,96.84,10827.77
2097152,20,181.63,11546.28
4194304,10,351.34,11938.05
8388608,5,693.01,12104.60
16777216,2,1378.30,12172.42
33554432,1,2753.75,12184.98
67108864,1,5503.29,12194.32
134217728,1,11008.83,12191.83
268435456,1,21873.15,12272.38
[0],MPI,startup():,Intel(R),MPI,Library,,Version,2019,Update,9,Build,20200923,(id:,abd58e492)
[0],MPI,startup():,Copyright,(C),2003-2020,Intel,Corporation.,All,rights,reserved.
[0],MPI,startup():,library,kind:,release
[0],MPI,startup():,libfabric,version:,1.10.1-impi
[0],MPI,startup():,libfabric,provider:,mlx
[0],MPI,startup():,Rank,Pid,Node,name,Pin,cpu
[0],MPI,startup():,0,19029,ct1pt-tnode007,{0,1,2,3,4,5,6,7,8,9,10,11,12,13,14,15,16,17,18,19,20,21,22,23}
[0],MPI,startup():,1,20330,ct1pt-tnode008,{0,1,2,3,4,5,6,7,8,9,10,11,12,13,14,15,16,17,18,19,20,21,22,23}
[0],MPI,startup():,I_MPI_ROOT=/opt/area/shared/programs/x86_64/intel/parallel_studio_xe_2020_update4_cluster_edition//compilers_and_libraries_2020.4.304/linux/mpi
[0],MPI,startup():,I_MPI_MPIRUN=mpirun
[0],MPI,startup():,I_MPI_HYDRA_RMK=pbs
[0],MPI,startup():,I_MPI_HYDRA_TOPOLIB=hwloc
[0],MPI,startup():,I_MPI_INTERNAL_MEM_POLICY=default
[0],MPI,startup():,I_MPI_DEBUG=5
#bytes,#repetitions,t[usec],Mbytes/sec
0,1000,1.05,0.00
1,1000,1.06,0.95
2,1000,1.06,1.89
4,1000,1.06,3.77
8,1000,1.05,7.61
16,1000,1.05,15.23
32,1000,1.08,29.77
64,1000,1.19,53.60
128,1000,1.24,103.12
256,1000,1.47,174.41
512,1000,1.54,331.74
1024,1000,1.70,603.51
2048,1000,2.35,871.82
4096,1000,3.12,1314.10
8192,1000,3.94,2080.19
16384,1000,5.69,2881.75
32768,1000,9.47,3459.62
65536,640,12.55,5221.86
131072,320,21.88,5991.85
262144,160,32.69,8020.22
524288,80,54.73,9579.04
1048576,40,96.66,10847.99
2097152,20,181.83,11533.27
4194304,10,353.84,11853.77
8388608,5,696.78,12039.08
16777216,2,1386.49,12100.51
33554432,1,2763.47,12142.13
67108864,1,5536.31,12121.59
134217728,1,11004.76,12196.33
268435456,1,21987.81,12208.37
[0],MPI,startup():,Intel(R),MPI,Library,,Version,2019,Update,9,Build,20200923,(id:,abd58e492)
[0],MPI,startup():,Copyright,(C),2003-2020,Intel,Corporation.,All,rights,reserved.
[0],MPI,startup():,library,kind:,release
[0],MPI,startup():,libfabric,version:,1.10.1-impi
[0],MPI,startup():,libfabric,provider:,mlx
[0],MPI,startup():,Rank,Pid,Node,name,Pin,cpu
[0],MPI,startup():,0,19056,ct1pt-tnode007,{0,1,2,3,4,5,6,7,8,9,10,11,12,13,14,15,16,17,18,19,20,21,22,23}
[0],MPI,startup():,1,20520,ct1pt-tnode008,{0,1,2,3,4,5,6,7,8,9,10,11,12,13,14,15,16,17,18,19,20,21,22,23}
[0],MPI,startup():,I_MPI_ROOT=/opt/area/shared/programs/x86_64/intel/parallel_studio_xe_2020_update4_cluster_edition//compilers_and_libraries_2020.4.304/linux/mpi
[0],MPI,startup():,I_MPI_MPIRUN=mpirun
[0],MPI,startup():,I_MPI_HYDRA_RMK=pbs
[0],MPI,startup():,I_MPI_HYDRA_TOPOLIB=hwloc
[0],MPI,startup():,I_MPI_INTERNAL_MEM_POLICY=default
[0],MPI,startup():,I_MPI_DEBUG=5
#bytes,#repetitions,t[usec],Mbytes/sec
0,1000,1.13,0.00
1,1000,1.13,0.89
2,1000,1.14,1.76
4,1000,1.13,3.52
8,1000,1.13,7.07
16,1000,1.14,14.07
32,1000,1.16,27.69
64,1000,1.33,48.13
128,1000,1.38,92.49
256,1000,1.64,156.34
512,1000,1.72,297.93
1024,1000,1.90,538.87
2048,1000,2.61,785.10
4096,1000,3.40,1205.36
8192,1000,4.40,1859.78
16384,1000,6.16,2659.26
32768,1000,9.65,3395.24
65536,640,12.62,5192.75
131072,320,22.07,5938.64
262144,160,32.49,8069.08
524288,80,54.16,9679.59
1048576,40,97.42,10762.97
2097152,20,185.54,11302.66
4194304,10,353.53,11864.10
8388608,5,695.19,12066.71
16777216,2,1384.74,12115.78
33554432,1,2760.51,12155.17
67108864,1,5507.15,12185.76
134217728,1,11017.36,12182.39
268435456,1,22005.92,12198.33
