[0],MPI,startup():,Intel(R),MPI,Library,,Version,2019,Update,9,Build,20200923,(id:,abd58e492)
[0],MPI,startup():,Copyright,(C),2003-2020,Intel,Corporation.,All,rights,reserved.
[0],MPI,startup():,library,kind:,release
[0],MPI,startup():,libfabric,version:,1.10.1-impi
[0],MPI,startup():,libfabric,provider:,mlx
[0],MPI,startup():,Rank,Pid,Node,name,Pin,cpu
[0],MPI,startup():,0,18751,ct1pt-tnode007,0
[0],MPI,startup():,1,18752,ct1pt-tnode007,1
[0],MPI,startup():,I_MPI_ROOT=/opt/area/shared/programs/x86_64/intel/parallel_studio_xe_2020_update4_cluster_edition//compilers_and_libraries_2020.4.304/linux/mpi
[0],MPI,startup():,I_MPI_MPIRUN=mpirun
[0],MPI,startup():,I_MPI_HYDRA_RMK=pbs
[0],MPI,startup():,I_MPI_HYDRA_TOPOLIB=hwloc
[0],MPI,startup():,I_MPI_PIN_PROCESSOR_LIST=0,1
[0],MPI,startup():,I_MPI_INTERNAL_MEM_POLICY=default
[0],MPI,startup():,I_MPI_DEBUG=5
#bytes,#repetitions,t[usec],Mbytes/sec
0,1000,0.43,0.00
1,1000,0.43,2.32
2,1000,0.43,4.61
4,1000,0.43,9.22
8,1000,0.44,18.34
16,1000,0.43,37.03
32,1000,0.48,67.11
64,1000,0.48,133.17
128,1000,0.58,220.67
256,1000,0.61,419.35
512,1000,0.84,606.96
1024,1000,0.90,1139.29
2048,1000,1.08,1895.58
4096,1000,1.54,2658.41
8192,1000,1.98,4135.57
16384,1000,3.34,4903.77
32768,1000,5.16,6349.37
65536,640,9.28,7061.59
131072,320,18.07,7253.97
262144,160,34.53,7591.46
524288,80,83.49,6279.34
1048576,40,169.86,6173.32
2097152,20,336.71,6228.30
4194304,10,668.40,6275.15
8388608,5,1386.58,6049.85
16777216,2,3898.82,4303.15
33554432,1,7951.05,4220.12
67108864,1,15928.24,4213.20
134217728,1,31828.74,4216.87
268435456,1,63679.20,4215.43
[0],MPI,startup():,Intel(R),MPI,Library,,Version,2019,Update,9,Build,20200923,(id:,abd58e492)
[0],MPI,startup():,Copyright,(C),2003-2020,Intel,Corporation.,All,rights,reserved.
[0],MPI,startup():,library,kind:,release
[0],MPI,startup():,libfabric,version:,1.10.1-impi
[0],MPI,startup():,libfabric,provider:,mlx
[0],MPI,startup():,Rank,Pid,Node,name,Pin,cpu
[0],MPI,startup():,0,18895,ct1pt-tnode007,0
[0],MPI,startup():,1,18896,ct1pt-tnode007,1
[0],MPI,startup():,I_MPI_ROOT=/opt/area/shared/programs/x86_64/intel/parallel_studio_xe_2020_update4_cluster_edition//compilers_and_libraries_2020.4.304/linux/mpi
[0],MPI,startup():,I_MPI_MPIRUN=mpirun
[0],MPI,startup():,I_MPI_HYDRA_RMK=pbs
[0],MPI,startup():,I_MPI_HYDRA_TOPOLIB=hwloc
[0],MPI,startup():,I_MPI_PIN_PROCESSOR_LIST=0,1
[0],MPI,startup():,I_MPI_INTERNAL_MEM_POLICY=default
[0],MPI,startup():,I_MPI_DEBUG=5
#bytes,#repetitions,t[usec],Mbytes/sec
0,1000,0.43,0.00
1,1000,0.43,2.30
2,1000,0.43,4.66
4,1000,0.43,9.25
8,1000,0.43,18.42
16,1000,0.43,36.95
32,1000,0.47,67.53
64,1000,0.47,135.44
128,1000,0.59,217.84
256,1000,0.62,413.07
512,1000,0.82,626.31
1024,1000,0.89,1152.64
2048,1000,1.06,1935.26
4096,1000,1.47,2788.47
8192,1000,2.02,4057.06
16384,1000,3.24,5064.04
32768,1000,5.08,6453.56
65536,640,9.25,7085.86
131072,320,17.91,7319.78
262144,160,34.50,7597.74
524288,80,83.01,6316.01
1048576,40,169.92,6171.11
2097152,20,337.11,6221.06
4194304,10,668.11,6277.89
8388608,5,1392.00,6026.31
16777216,2,3861.36,4344.90
33554432,1,7907.66,4243.28
67108864,1,15959.16,4205.04
134217728,1,31835.25,4216.01
268435456,1,63648.02,4217.50
[0],MPI,startup():,Intel(R),MPI,Library,,Version,2019,Update,9,Build,20200923,(id:,abd58e492)
[0],MPI,startup():,Copyright,(C),2003-2020,Intel,Corporation.,All,rights,reserved.
[0],MPI,startup():,library,kind:,release
[0],MPI,startup():,libfabric,version:,1.10.1-impi
[0],MPI,startup():,libfabric,provider:,mlx
[0],MPI,startup():,Rank,Pid,Node,name,Pin,cpu
[0],MPI,startup():,0,19040,ct1pt-tnode007,0
[0],MPI,startup():,1,19041,ct1pt-tnode007,1
[0],MPI,startup():,I_MPI_ROOT=/opt/area/shared/programs/x86_64/intel/parallel_studio_xe_2020_update4_cluster_edition//compilers_and_libraries_2020.4.304/linux/mpi
[0],MPI,startup():,I_MPI_MPIRUN=mpirun
[0],MPI,startup():,I_MPI_HYDRA_RMK=pbs
[0],MPI,startup():,I_MPI_HYDRA_TOPOLIB=hwloc
[0],MPI,startup():,I_MPI_PIN_PROCESSOR_LIST=0,1
[0],MPI,startup():,I_MPI_INTERNAL_MEM_POLICY=default
[0],MPI,startup():,I_MPI_DEBUG=5
#bytes,#repetitions,t[usec],Mbytes/sec
0,1000,0.43,0.00
1,1000,0.43,2.32
2,1000,0.43,4.65
4,1000,0.43,9.27
8,1000,0.43,18.44
16,1000,0.43,37.00
32,1000,0.47,68.30
64,1000,0.47,136.40
128,1000,0.58,219.83
256,1000,0.63,405.00
512,1000,0.85,603.22
1024,1000,0.92,1112.37
2048,1000,1.10,1859.33
4096,1000,1.45,2829.52
8192,1000,1.99,4111.55
16384,1000,3.39,4832.23
32768,1000,5.11,6414.55
65536,640,9.28,7062.79
131072,320,17.90,7322.70
262144,160,34.32,7638.70
524288,80,83.55,6275.41
1048576,40,169.91,6171.46
2097152,20,336.74,6227.88
4194304,10,668.61,6273.15
8388608,5,1380.32,6077.31
16777216,2,3841.80,4367.02
33554432,1,7989.45,4199.84
67108864,1,15864.69,4230.08
134217728,1,31868.91,4211.56
268435456,1,63774.28,4209.15
[0],MPI,startup():,Intel(R),MPI,Library,,Version,2019,Update,9,Build,20200923,(id:,abd58e492)
[0],MPI,startup():,Copyright,(C),2003-2020,Intel,Corporation.,All,rights,reserved.
[0],MPI,startup():,library,kind:,release
[0],MPI,startup():,libfabric,version:,1.10.1-impi
[0],MPI,startup():,libfabric,provider:,mlx
[0],MPI,startup():,Rank,Pid,Node,name,Pin,cpu
[0],MPI,startup():,0,19185,ct1pt-tnode007,0
[0],MPI,startup():,1,19186,ct1pt-tnode007,1
[0],MPI,startup():,I_MPI_ROOT=/opt/area/shared/programs/x86_64/intel/parallel_studio_xe_2020_update4_cluster_edition//compilers_and_libraries_2020.4.304/linux/mpi
[0],MPI,startup():,I_MPI_MPIRUN=mpirun
[0],MPI,startup():,I_MPI_HYDRA_RMK=pbs
[0],MPI,startup():,I_MPI_HYDRA_TOPOLIB=hwloc
[0],MPI,startup():,I_MPI_PIN_PROCESSOR_LIST=0,1
[0],MPI,startup():,I_MPI_INTERNAL_MEM_POLICY=default
[0],MPI,startup():,I_MPI_DEBUG=5
#bytes,#repetitions,t[usec],Mbytes/sec
0,1000,0.43,0.00
1,1000,0.43,2.31
2,1000,0.43,4.61
4,1000,0.43,9.21
8,1000,0.43,18.55
16,1000,0.43,36.84
32,1000,0.47,67.40
64,1000,0.47,135.76
128,1000,0.58,221.52
256,1000,0.62,411.05
512,1000,0.80,642.32
1024,1000,0.87,1175.81
2048,1000,1.02,2007.27
4096,1000,1.47,2788.85
8192,1000,1.99,4122.43
16384,1000,3.20,5124.80
32768,1000,5.03,6518.68
65536,640,9.35,7009.06
131072,320,17.87,7334.86
262144,160,34.24,7656.46
524288,80,83.35,6290.12
1048576,40,169.67,6180.11
2097152,20,337.16,6220.11
4194304,10,669.76,6262.43
8388608,5,1382.00,6069.91
16777216,2,3844.91,4363.48
33554432,1,7912.49,4240.69
67108864,1,15928.37,4213.17
134217728,1,31869.51,4211.48
268435456,1,63681.32,4215.29
[0],MPI,startup():,Intel(R),MPI,Library,,Version,2019,Update,9,Build,20200923,(id:,abd58e492)
[0],MPI,startup():,Copyright,(C),2003-2020,Intel,Corporation.,All,rights,reserved.
[0],MPI,startup():,library,kind:,release
[0],MPI,startup():,libfabric,version:,1.10.1-impi
[0],MPI,startup():,libfabric,provider:,mlx
[0],MPI,startup():,Rank,Pid,Node,name,Pin,cpu
[0],MPI,startup():,0,19330,ct1pt-tnode007,0
[0],MPI,startup():,1,19331,ct1pt-tnode007,1
[0],MPI,startup():,I_MPI_ROOT=/opt/area/shared/programs/x86_64/intel/parallel_studio_xe_2020_update4_cluster_edition//compilers_and_libraries_2020.4.304/linux/mpi
[0],MPI,startup():,I_MPI_MPIRUN=mpirun
[0],MPI,startup():,I_MPI_HYDRA_RMK=pbs
[0],MPI,startup():,I_MPI_HYDRA_TOPOLIB=hwloc
[0],MPI,startup():,I_MPI_PIN_PROCESSOR_LIST=0,1
[0],MPI,startup():,I_MPI_INTERNAL_MEM_POLICY=default
[0],MPI,startup():,I_MPI_DEBUG=5
#bytes,#repetitions,t[usec],Mbytes/sec
0,1000,0.43,0.00
1,1000,0.43,2.30
2,1000,0.44,4.58
4,1000,0.44,9.17
8,1000,0.44,18.32
16,1000,0.44,36.61
32,1000,0.47,68.10
64,1000,0.47,136.24
128,1000,0.58,221.89
256,1000,0.61,416.52
512,1000,0.84,611.42
1024,1000,0.90,1135.46
2048,1000,1.07,1919.06
4096,1000,1.55,2636.21
8192,1000,1.98,4131.89
16384,1000,3.31,4942.50
32768,1000,5.15,6359.62
65536,640,9.28,7062.37
131072,320,17.88,7329.68
262144,160,34.37,7627.41
524288,80,83.55,6274.84
1048576,40,169.94,6170.22
2097152,20,337.04,6222.21
4194304,10,669.44,6265.35
8388608,5,1387.08,6047.69
16777216,2,3864.97,4340.84
33554432,1,7971.51,4209.30
67108864,1,15907.27,4218.75
134217728,1,31912.55,4205.80
268435456,1,63789.79,4208.13
[0],MPI,startup():,Intel(R),MPI,Library,,Version,2019,Update,9,Build,20200923,(id:,abd58e492)
[0],MPI,startup():,Copyright,(C),2003-2020,Intel,Corporation.,All,rights,reserved.
[0],MPI,startup():,library,kind:,release
[0],MPI,startup():,libfabric,version:,1.10.1-impi
[0],MPI,startup():,libfabric,provider:,mlx
[0],MPI,startup():,Rank,Pid,Node,name,Pin,cpu
[0],MPI,startup():,0,19474,ct1pt-tnode007,0
[0],MPI,startup():,1,19475,ct1pt-tnode007,1
[0],MPI,startup():,I_MPI_ROOT=/opt/area/shared/programs/x86_64/intel/parallel_studio_xe_2020_update4_cluster_edition//compilers_and_libraries_2020.4.304/linux/mpi
[0],MPI,startup():,I_MPI_MPIRUN=mpirun
[0],MPI,startup():,I_MPI_HYDRA_RMK=pbs
[0],MPI,startup():,I_MPI_HYDRA_TOPOLIB=hwloc
[0],MPI,startup():,I_MPI_PIN_PROCESSOR_LIST=0,1
[0],MPI,startup():,I_MPI_INTERNAL_MEM_POLICY=default
[0],MPI,startup():,I_MPI_DEBUG=5
#bytes,#repetitions,t[usec],Mbytes/sec
0,1000,0.43,0.00
1,1000,0.43,2.31
2,1000,0.43,4.64
4,1000,0.43,9.24
8,1000,0.43,18.56
16,1000,0.43,37.02
32,1000,0.48,67.28
64,1000,0.48,134.38
128,1000,0.57,224.25
256,1000,0.62,413.47
512,1000,0.80,642.13
1024,1000,0.88,1168.06
2048,1000,1.03,1994.39
4096,1000,1.57,2610.72
8192,1000,1.93,4251.87
16384,1000,3.28,5001.59
32768,1000,5.10,6421.45
65536,640,9.04,7249.49
131072,320,17.86,7338.21
262144,160,34.55,7586.89
524288,80,83.38,6288.11
1048576,40,169.59,6182.88
2097152,20,336.53,6231.78
4194304,10,667.96,6279.30
8388608,5,1381.84,6070.59
16777216,2,3817.24,4395.12
33554432,1,7946.92,4222.32
67108864,1,15896.14,4221.71
134217728,1,31925.62,4204.08
268435456,1,63684.25,4215.10
[0],MPI,startup():,Intel(R),MPI,Library,,Version,2019,Update,9,Build,20200923,(id:,abd58e492)
[0],MPI,startup():,Copyright,(C),2003-2020,Intel,Corporation.,All,rights,reserved.
[0],MPI,startup():,library,kind:,release
[0],MPI,startup():,libfabric,version:,1.10.1-impi
[0],MPI,startup():,libfabric,provider:,mlx
[0],MPI,startup():,Rank,Pid,Node,name,Pin,cpu
[0],MPI,startup():,0,19619,ct1pt-tnode007,0
[0],MPI,startup():,1,19620,ct1pt-tnode007,1
[0],MPI,startup():,I_MPI_ROOT=/opt/area/shared/programs/x86_64/intel/parallel_studio_xe_2020_update4_cluster_edition//compilers_and_libraries_2020.4.304/linux/mpi
[0],MPI,startup():,I_MPI_MPIRUN=mpirun
[0],MPI,startup():,I_MPI_HYDRA_RMK=pbs
[0],MPI,startup():,I_MPI_HYDRA_TOPOLIB=hwloc
[0],MPI,startup():,I_MPI_PIN_PROCESSOR_LIST=0,1
[0],MPI,startup():,I_MPI_INTERNAL_MEM_POLICY=default
[0],MPI,startup():,I_MPI_DEBUG=5
#bytes,#repetitions,t[usec],Mbytes/sec
0,1000,0.43,0.00
1,1000,0.43,2.31
2,1000,0.43,4.66
4,1000,0.43,9.25
8,1000,0.44,18.37
16,1000,0.43,36.95
32,1000,0.48,67.32
64,1000,0.48,134.33
128,1000,0.58,220.94
256,1000,0.62,409.90
512,1000,0.84,608.92
1024,1000,0.90,1132.74
2048,1000,1.08,1898.09
4096,1000,1.53,2679.64
8192,1000,2.01,4084.42
16384,1000,3.30,4970.64
32768,1000,5.07,6458.75
65536,640,9.36,7004.25
131072,320,17.95,7302.35
262144,160,34.51,7596.55
524288,80,83.46,6281.78
1048576,40,170.06,6166.04
2097152,20,336.90,6224.94
4194304,10,668.23,6276.71
8388608,5,1393.65,6019.18
16777216,2,3888.16,4314.95
33554432,1,8006.95,4190.66
67108864,1,15905.09,4219.33
134217728,1,31919.80,4204.84
268435456,1,63722.12,4212.59
[0],MPI,startup():,Intel(R),MPI,Library,,Version,2019,Update,9,Build,20200923,(id:,abd58e492)
[0],MPI,startup():,Copyright,(C),2003-2020,Intel,Corporation.,All,rights,reserved.
[0],MPI,startup():,library,kind:,release
[0],MPI,startup():,libfabric,version:,1.10.1-impi
[0],MPI,startup():,libfabric,provider:,mlx
[0],MPI,startup():,Rank,Pid,Node,name,Pin,cpu
[0],MPI,startup():,0,19764,ct1pt-tnode007,0
[0],MPI,startup():,1,19765,ct1pt-tnode007,1
[0],MPI,startup():,I_MPI_ROOT=/opt/area/shared/programs/x86_64/intel/parallel_studio_xe_2020_update4_cluster_edition//compilers_and_libraries_2020.4.304/linux/mpi
[0],MPI,startup():,I_MPI_MPIRUN=mpirun
[0],MPI,startup():,I_MPI_HYDRA_RMK=pbs
[0],MPI,startup():,I_MPI_HYDRA_TOPOLIB=hwloc
[0],MPI,startup():,I_MPI_PIN_PROCESSOR_LIST=0,1
[0],MPI,startup():,I_MPI_INTERNAL_MEM_POLICY=default
[0],MPI,startup():,I_MPI_DEBUG=5
#bytes,#repetitions,t[usec],Mbytes/sec
0,1000,0.43,0.00
1,1000,0.44,2.29
2,1000,0.43,4.61
4,1000,0.44,9.15
8,1000,0.43,18.44
16,1000,0.43,37.01
32,1000,0.47,67.74
64,1000,0.47,136.08
128,1000,0.58,219.19
256,1000,0.62,410.11
512,1000,0.80,639.30
1024,1000,0.88,1162.17
2048,1000,1.03,1983.55
4096,1000,1.52,2694.51
8192,1000,1.94,4215.43
16384,1000,3.19,5142.10
32768,1000,5.03,6518.97
65536,640,9.22,7109.74
131072,320,17.93,7310.25
262144,160,34.26,7651.83
524288,80,83.47,6281.04
1048576,40,169.78,6176.13
2097152,20,337.05,6222.03
4194304,10,669.62,6263.67
8388608,5,1384.36,6059.57
16777216,2,3828.70,4381.96
33554432,1,7936.14,4228.05
67108864,1,15928.37,4213.17
134217728,1,31824.72,4217.41
268435456,1,63646.70,4217.59
[0],MPI,startup():,Intel(R),MPI,Library,,Version,2019,Update,9,Build,20200923,(id:,abd58e492)
[0],MPI,startup():,Copyright,(C),2003-2020,Intel,Corporation.,All,rights,reserved.
[0],MPI,startup():,library,kind:,release
[0],MPI,startup():,libfabric,version:,1.10.1-impi
[0],MPI,startup():,libfabric,provider:,mlx
[0],MPI,startup():,Rank,Pid,Node,name,Pin,cpu
[0],MPI,startup():,0,19909,ct1pt-tnode007,0
[0],MPI,startup():,1,19910,ct1pt-tnode007,1
[0],MPI,startup():,I_MPI_ROOT=/opt/area/shared/programs/x86_64/intel/parallel_studio_xe_2020_update4_cluster_edition//compilers_and_libraries_2020.4.304/linux/mpi
[0],MPI,startup():,I_MPI_MPIRUN=mpirun
[0],MPI,startup():,I_MPI_HYDRA_RMK=pbs
[0],MPI,startup():,I_MPI_HYDRA_TOPOLIB=hwloc
[0],MPI,startup():,I_MPI_PIN_PROCESSOR_LIST=0,1
[0],MPI,startup():,I_MPI_INTERNAL_MEM_POLICY=default
[0],MPI,startup():,I_MPI_DEBUG=5
#bytes,#repetitions,t[usec],Mbytes/sec
0,1000,0.43,0.00
1,1000,0.44,2.29
2,1000,0.44,4.55
4,1000,0.44,9.11
8,1000,0.44,18.27
16,1000,0.44,36.46
32,1000,0.47,67.94
64,1000,0.47,135.47
128,1000,0.58,221.79
256,1000,0.64,401.23
512,1000,0.83,617.86
1024,1000,0.89,1154.90
2048,1000,1.10,1865.17
4096,1000,1.53,2671.30
8192,1000,2.05,4005.40
16384,1000,3.27,5015.23
32768,1000,5.12,6403.36
65536,640,9.12,7187.30
131072,320,17.95,7300.99
262144,160,34.21,7663.10
524288,80,83.58,6272.66
1048576,40,169.98,6168.94
2097152,20,337.07,6221.79
4194304,10,668.29,6276.17
8388608,5,1384.32,6059.72
16777216,2,3913.69,4286.80
33554432,1,7935.35,4228.48
67108864,1,15886.26,4224.33
134217728,1,31793.51,4221.55
268435456,1,63627.93,4218.83
[0],MPI,startup():,Intel(R),MPI,Library,,Version,2019,Update,9,Build,20200923,(id:,abd58e492)
[0],MPI,startup():,Copyright,(C),2003-2020,Intel,Corporation.,All,rights,reserved.
[0],MPI,startup():,library,kind:,release
[0],MPI,startup():,libfabric,version:,1.10.1-impi
[0],MPI,startup():,libfabric,provider:,mlx
[0],MPI,startup():,Rank,Pid,Node,name,Pin,cpu
[0],MPI,startup():,0,20055,ct1pt-tnode007,0
[0],MPI,startup():,1,20056,ct1pt-tnode007,1
[0],MPI,startup():,I_MPI_ROOT=/opt/area/shared/programs/x86_64/intel/parallel_studio_xe_2020_update4_cluster_edition//compilers_and_libraries_2020.4.304/linux/mpi
[0],MPI,startup():,I_MPI_MPIRUN=mpirun
[0],MPI,startup():,I_MPI_HYDRA_RMK=pbs
[0],MPI,startup():,I_MPI_HYDRA_TOPOLIB=hwloc
[0],MPI,startup():,I_MPI_PIN_PROCESSOR_LIST=0,1
[0],MPI,startup():,I_MPI_INTERNAL_MEM_POLICY=default
[0],MPI,startup():,I_MPI_DEBUG=5
#bytes,#repetitions,t[usec],Mbytes/sec
0,1000,0.43,0.00
1,1000,0.43,2.31
2,1000,0.43,4.61
4,1000,0.43,9.21
8,1000,0.43,18.43
16,1000,0.44,36.72
32,1000,0.47,68.26
64,1000,0.47,137.13
128,1000,0.58,222.33
256,1000,0.61,419.69
512,1000,0.82,622.93
1024,1000,0.91,1130.42
2048,1000,1.06,1940.76
4096,1000,1.47,2784.42
8192,1000,1.96,4170.69
16384,1000,3.29,4984.94
32768,1000,5.13,6390.43
65536,640,9.21,7113.25
131072,320,17.82,7355.10
262144,160,34.33,7636.65
524288,80,83.57,6273.41
1048576,40,169.35,6191.66
2097152,20,336.39,6234.26
4194304,10,668.08,6278.19
8388608,5,1385.39,6055.04
16777216,2,3865.68,4340.04
33554432,1,7956.97,4216.99
67108864,1,15902.79,4219.94
134217728,1,31805.33,4219.98
268435456,1,63765.84,4209.71
