[0],MPI,startup():,Intel(R),MPI,Library,,Version,2019,Update,9,Build,20200923,(id:,abd58e492)
[0],MPI,startup():,Copyright,(C),2003-2020,Intel,Corporation.,All,rights,reserved.
[0],MPI,startup():,library,kind:,release
[0],MPI,startup():,libfabric,version:,1.10.1-impi
[0],MPI,startup():,libfabric,provider:,mlx
[0],MPI,startup():,Rank,Pid,Node,name,Pin,cpu
[0],MPI,startup():,0,17088,ct1pg-gnode001,0
[0],MPI,startup():,1,17089,ct1pg-gnode001,2
[0],MPI,startup():,I_MPI_ROOT=/opt/area/shared/programs/x86_64/intel/parallel_studio_xe_2020_update4_cluster_edition//compilers_and_libraries_2020.4.304/linux/mpi
[0],MPI,startup():,I_MPI_MPIRUN=mpirun
[0],MPI,startup():,I_MPI_HYDRA_RMK=pbs
[0],MPI,startup():,I_MPI_HYDRA_TOPOLIB=hwloc
[0],MPI,startup():,I_MPI_PIN_PROCESSOR_LIST=0,2
[0],MPI,startup():,I_MPI_INTERNAL_MEM_POLICY=default
[0],MPI,startup():,I_MPI_DEBUG=5
#bytes,#repetitions,t[usec],Mbytes/sec
0,1000,0.28,0.00
1,1000,0.29,3.44
2,1000,0.29,6.83
4,1000,0.29,13.62
8,1000,0.29,27.41
16,1000,0.29,54.81
32,1000,0.30,106.45
64,1000,0.30,211.86
128,1000,0.30,423.20
256,1000,0.32,799.71
512,1000,0.55,937.91
1024,1000,0.61,1682.10
2048,1000,0.75,2732.64
4096,1000,0.94,4353.92
8192,1000,1.51,5442.09
16384,1000,2.38,6880.51
32768,1000,3.62,9043.77
65536,640,5.82,11251.64
131072,320,8.81,14883.86
262144,160,17.39,15070.45
524288,80,41.50,12632.83
1048576,40,85.44,12272.06
2097152,20,189.96,11039.72
4194304,10,438.87,9556.95
8388608,5,1021.42,8212.70
16777216,2,2157.40,7776.59
33554432,1,6018.90,5574.85
67108864,1,12530.09,5355.82
134217728,1,21415.18,6267.41
268435456,1,35336.89,7596.47
[0],MPI,startup():,Intel(R),MPI,Library,,Version,2019,Update,9,Build,20200923,(id:,abd58e492)
[0],MPI,startup():,Copyright,(C),2003-2020,Intel,Corporation.,All,rights,reserved.
[0],MPI,startup():,library,kind:,release
[0],MPI,startup():,libfabric,version:,1.10.1-impi
[0],MPI,startup():,libfabric,provider:,mlx
[0],MPI,startup():,Rank,Pid,Node,name,Pin,cpu
[0],MPI,startup():,0,17224,ct1pg-gnode001,0
[0],MPI,startup():,1,17225,ct1pg-gnode001,2
[0],MPI,startup():,I_MPI_ROOT=/opt/area/shared/programs/x86_64/intel/parallel_studio_xe_2020_update4_cluster_edition//compilers_and_libraries_2020.4.304/linux/mpi
[0],MPI,startup():,I_MPI_MPIRUN=mpirun
[0],MPI,startup():,I_MPI_HYDRA_RMK=pbs
[0],MPI,startup():,I_MPI_HYDRA_TOPOLIB=hwloc
[0],MPI,startup():,I_MPI_PIN_PROCESSOR_LIST=0,2
[0],MPI,startup():,I_MPI_INTERNAL_MEM_POLICY=default
[0],MPI,startup():,I_MPI_DEBUG=5
#bytes,#repetitions,t[usec],Mbytes/sec
0,1000,0.28,0.00
1,1000,0.29,3.43
2,1000,0.29,6.84
4,1000,0.29,13.83
8,1000,0.29,27.62
16,1000,0.29,54.81
32,1000,0.30,106.33
64,1000,0.30,213.67
128,1000,0.30,426.14
256,1000,0.32,810.83
512,1000,0.54,942.36
1024,1000,0.62,1651.52
2048,1000,0.76,2701.33
4096,1000,0.98,4175.08
8192,1000,1.51,5411.99
16384,1000,2.42,6769.92
32768,1000,3.57,9167.52
65536,640,5.86,11178.20
131072,320,8.76,14965.86
262144,160,16.81,15593.79
524288,80,41.49,12635.99
1048576,40,84.34,12432.46
2097152,20,177.53,11813.05
4194304,10,418.28,10027.47
8388608,5,1035.28,8102.76
16777216,2,2126.41,7889.93
33554432,1,6012.53,5580.76
67108864,1,12415.87,5405.09
134217728,1,21520.99,6236.60
268435456,1,35324.89,7599.05
[0],MPI,startup():,Intel(R),MPI,Library,,Version,2019,Update,9,Build,20200923,(id:,abd58e492)
[0],MPI,startup():,Copyright,(C),2003-2020,Intel,Corporation.,All,rights,reserved.
[0],MPI,startup():,library,kind:,release
[0],MPI,startup():,libfabric,version:,1.10.1-impi
[0],MPI,startup():,libfabric,provider:,mlx
[0],MPI,startup():,Rank,Pid,Node,name,Pin,cpu
[0],MPI,startup():,0,17360,ct1pg-gnode001,0
[0],MPI,startup():,1,17361,ct1pg-gnode001,2
[0],MPI,startup():,I_MPI_ROOT=/opt/area/shared/programs/x86_64/intel/parallel_studio_xe_2020_update4_cluster_edition//compilers_and_libraries_2020.4.304/linux/mpi
[0],MPI,startup():,I_MPI_MPIRUN=mpirun
[0],MPI,startup():,I_MPI_HYDRA_RMK=pbs
[0],MPI,startup():,I_MPI_HYDRA_TOPOLIB=hwloc
[0],MPI,startup():,I_MPI_PIN_PROCESSOR_LIST=0,2
[0],MPI,startup():,I_MPI_INTERNAL_MEM_POLICY=default
[0],MPI,startup():,I_MPI_DEBUG=5
#bytes,#repetitions,t[usec],Mbytes/sec
0,1000,0.28,0.00
1,1000,0.29,3.41
2,1000,0.29,6.81
4,1000,0.29,13.78
8,1000,0.29,27.42
16,1000,0.29,54.48
32,1000,0.30,106.68
64,1000,0.30,214.13
128,1000,0.30,421.98
256,1000,0.32,800.75
512,1000,0.55,938.42
1024,1000,0.59,1732.71
2048,1000,0.73,2794.34
4096,1000,0.95,4295.66
8192,1000,1.51,5410.12
16384,1000,2.40,6835.56
32768,1000,3.59,9122.90
65536,640,5.92,11075.75
131072,320,8.79,14909.26
262144,160,15.37,17059.92
524288,80,41.36,12675.73
1048576,40,83.61,12541.03
2097152,20,181.02,11585.00
4194304,10,429.19,9772.63
8388608,5,1013.36,8277.98
16777216,2,2128.17,7883.42
33554432,1,5961.73,5628.30
67108864,1,12294.53,5458.43
134217728,1,21263.77,6312.04
268435456,1,35309.20,7602.42
[0],MPI,startup():,Intel(R),MPI,Library,,Version,2019,Update,9,Build,20200923,(id:,abd58e492)
[0],MPI,startup():,Copyright,(C),2003-2020,Intel,Corporation.,All,rights,reserved.
[0],MPI,startup():,library,kind:,release
[0],MPI,startup():,libfabric,version:,1.10.1-impi
[0],MPI,startup():,libfabric,provider:,mlx
[0],MPI,startup():,Rank,Pid,Node,name,Pin,cpu
[0],MPI,startup():,0,17497,ct1pg-gnode001,0
[0],MPI,startup():,1,17498,ct1pg-gnode001,2
[0],MPI,startup():,I_MPI_ROOT=/opt/area/shared/programs/x86_64/intel/parallel_studio_xe_2020_update4_cluster_edition//compilers_and_libraries_2020.4.304/linux/mpi
[0],MPI,startup():,I_MPI_MPIRUN=mpirun
[0],MPI,startup():,I_MPI_HYDRA_RMK=pbs
[0],MPI,startup():,I_MPI_HYDRA_TOPOLIB=hwloc
[0],MPI,startup():,I_MPI_PIN_PROCESSOR_LIST=0,2
[0],MPI,startup():,I_MPI_INTERNAL_MEM_POLICY=default
[0],MPI,startup():,I_MPI_DEBUG=5
#bytes,#repetitions,t[usec],Mbytes/sec
0,1000,0.28,0.00
1,1000,0.29,3.42
2,1000,0.29,6.82
4,1000,0.29,13.67
8,1000,0.29,27.49
16,1000,0.29,54.51
32,1000,0.30,106.13
64,1000,0.30,212.35
128,1000,0.30,425.78
256,1000,0.32,803.34
512,1000,0.54,941.13
1024,1000,0.62,1660.28
2048,1000,0.77,2664.64
4096,1000,0.96,4274.31
8192,1000,1.46,5592.15
16384,1000,2.39,6842.52
32768,1000,3.62,9053.96
65536,640,5.89,11129.91
131072,320,8.76,14967.48
262144,160,15.45,16972.22
524288,80,42.27,12403.58
1048576,40,84.12,12464.52
2097152,20,172.81,12135.64
4194304,10,418.43,10023.94
8388608,5,1040.54,8061.78
16777216,2,2141.15,7835.62
33554432,1,5975.92,5614.94
67108864,1,12481.89,5376.50
134217728,1,21367.62,6281.36
268435456,1,35300.52,7604.29
[0],MPI,startup():,Intel(R),MPI,Library,,Version,2019,Update,9,Build,20200923,(id:,abd58e492)
[0],MPI,startup():,Copyright,(C),2003-2020,Intel,Corporation.,All,rights,reserved.
[0],MPI,startup():,library,kind:,release
[0],MPI,startup():,libfabric,version:,1.10.1-impi
[0],MPI,startup():,libfabric,provider:,mlx
[0],MPI,startup():,Rank,Pid,Node,name,Pin,cpu
[0],MPI,startup():,0,17638,ct1pg-gnode001,0
[0],MPI,startup():,1,17639,ct1pg-gnode001,2
[0],MPI,startup():,I_MPI_ROOT=/opt/area/shared/programs/x86_64/intel/parallel_studio_xe_2020_update4_cluster_edition//compilers_and_libraries_2020.4.304/linux/mpi
[0],MPI,startup():,I_MPI_MPIRUN=mpirun
[0],MPI,startup():,I_MPI_HYDRA_RMK=pbs
[0],MPI,startup():,I_MPI_HYDRA_TOPOLIB=hwloc
[0],MPI,startup():,I_MPI_PIN_PROCESSOR_LIST=0,2
[0],MPI,startup():,I_MPI_INTERNAL_MEM_POLICY=default
[0],MPI,startup():,I_MPI_DEBUG=5
#bytes,#repetitions,t[usec],Mbytes/sec
0,1000,0.28,0.00
1,1000,0.29,3.43
2,1000,0.29,6.84
4,1000,0.29,13.65
8,1000,0.29,27.48
16,1000,0.29,54.93
32,1000,0.30,106.60
64,1000,0.30,212.90
128,1000,0.30,424.26
256,1000,0.32,803.11
512,1000,0.55,927.98
1024,1000,0.60,1706.04
2048,1000,0.72,2828.82
4096,1000,0.98,4179.70
8192,1000,1.50,5452.93
16384,1000,2.36,6932.08
32768,1000,3.59,9116.71
65536,640,5.79,11313.93
131072,320,8.83,14840.74
262144,160,15.74,16653.87
524288,80,41.47,12642.38
1048576,40,83.55,12549.95
2097152,20,167.27,12537.54
4194304,10,406.81,10310.27
8388608,5,1029.14,8151.10
16777216,2,2153.21,7791.73
33554432,1,6021.00,5572.90
67108864,1,12410.17,5407.57
134217728,1,21369.28,6280.87
268435456,1,35278.63,7609.01
[0],MPI,startup():,Intel(R),MPI,Library,,Version,2019,Update,9,Build,20200923,(id:,abd58e492)
[0],MPI,startup():,Copyright,(C),2003-2020,Intel,Corporation.,All,rights,reserved.
[0],MPI,startup():,library,kind:,release
[0],MPI,startup():,libfabric,version:,1.10.1-impi
[0],MPI,startup():,libfabric,provider:,mlx
[0],MPI,startup():,Rank,Pid,Node,name,Pin,cpu
[0],MPI,startup():,0,17788,ct1pg-gnode001,0
[0],MPI,startup():,1,17789,ct1pg-gnode001,2
[0],MPI,startup():,I_MPI_ROOT=/opt/area/shared/programs/x86_64/intel/parallel_studio_xe_2020_update4_cluster_edition//compilers_and_libraries_2020.4.304/linux/mpi
[0],MPI,startup():,I_MPI_MPIRUN=mpirun
[0],MPI,startup():,I_MPI_HYDRA_RMK=pbs
[0],MPI,startup():,I_MPI_HYDRA_TOPOLIB=hwloc
[0],MPI,startup():,I_MPI_PIN_PROCESSOR_LIST=0,2
[0],MPI,startup():,I_MPI_INTERNAL_MEM_POLICY=default
[0],MPI,startup():,I_MPI_DEBUG=5
#bytes,#repetitions,t[usec],Mbytes/sec
0,1000,0.28,0.00
1,1000,0.30,3.32
2,1000,0.30,6.75
4,1000,0.29,13.58
8,1000,0.29,27.41
16,1000,0.29,54.38
32,1000,0.30,106.32
64,1000,0.30,212.77
128,1000,0.30,421.57
256,1000,0.32,798.39
512,1000,0.54,941.73
1024,1000,0.60,1720.05
2048,1000,0.73,2792.84
4096,1000,0.96,4278.60
8192,1000,1.48,5518.99
16384,1000,2.39,6850.39
32768,1000,3.56,9199.85
65536,640,5.93,11057.15
131072,320,8.84,14829.44
262144,160,15.40,17026.02
524288,80,43.27,12115.47
1048576,40,84.72,12376.63
2097152,20,170.40,12306.96
4194304,10,412.26,10173.95
8388608,5,1044.44,8031.66
16777216,2,2138.05,7846.98
33554432,1,5983.17,5608.14
67108864,1,12282.05,5463.98
134217728,1,21400.98,6271.57
268435456,1,35299.41,7604.53
[0],MPI,startup():,Intel(R),MPI,Library,,Version,2019,Update,9,Build,20200923,(id:,abd58e492)
[0],MPI,startup():,Copyright,(C),2003-2020,Intel,Corporation.,All,rights,reserved.
[0],MPI,startup():,library,kind:,release
[0],MPI,startup():,libfabric,version:,1.10.1-impi
[0],MPI,startup():,libfabric,provider:,mlx
[0],MPI,startup():,Rank,Pid,Node,name,Pin,cpu
[0],MPI,startup():,0,17926,ct1pg-gnode001,0
[0],MPI,startup():,1,17927,ct1pg-gnode001,2
[0],MPI,startup():,I_MPI_ROOT=/opt/area/shared/programs/x86_64/intel/parallel_studio_xe_2020_update4_cluster_edition//compilers_and_libraries_2020.4.304/linux/mpi
[0],MPI,startup():,I_MPI_MPIRUN=mpirun
[0],MPI,startup():,I_MPI_HYDRA_RMK=pbs
[0],MPI,startup():,I_MPI_HYDRA_TOPOLIB=hwloc
[0],MPI,startup():,I_MPI_PIN_PROCESSOR_LIST=0,2
[0],MPI,startup():,I_MPI_INTERNAL_MEM_POLICY=default
[0],MPI,startup():,I_MPI_DEBUG=5
#bytes,#repetitions,t[usec],Mbytes/sec
0,1000,0.28,0.00
1,1000,0.29,3.40
2,1000,0.29,6.80
4,1000,0.29,13.61
8,1000,0.29,27.40
16,1000,0.29,54.46
32,1000,0.30,106.41
64,1000,0.30,212.21
128,1000,0.30,422.90
256,1000,0.32,801.38
512,1000,0.55,923.48
1024,1000,0.62,1653.35
2048,1000,0.76,2684.64
4096,1000,0.98,4175.25
8192,1000,1.47,5578.06
16384,1000,2.37,6911.07
32768,1000,3.60,9094.17
65536,640,5.92,11078.38
131072,320,8.81,14884.06
262144,160,15.36,17071.87
524288,80,42.61,12304.72
1048576,40,84.76,12371.60
2097152,20,162.32,12919.55
4194304,10,410.88,10208.04
8388608,5,1038.92,8074.35
16777216,2,2139.73,7840.80
33554432,1,5969.61,5620.87
67108864,1,12211.17,5495.69
134217728,1,21126.75,6352.98
268435456,1,35390.79,7584.90
[0],MPI,startup():,Intel(R),MPI,Library,,Version,2019,Update,9,Build,20200923,(id:,abd58e492)
[0],MPI,startup():,Copyright,(C),2003-2020,Intel,Corporation.,All,rights,reserved.
[0],MPI,startup():,library,kind:,release
[0],MPI,startup():,libfabric,version:,1.10.1-impi
[0],MPI,startup():,libfabric,provider:,mlx
[0],MPI,startup():,Rank,Pid,Node,name,Pin,cpu
[0],MPI,startup():,0,18062,ct1pg-gnode001,0
[0],MPI,startup():,1,18063,ct1pg-gnode001,2
[0],MPI,startup():,I_MPI_ROOT=/opt/area/shared/programs/x86_64/intel/parallel_studio_xe_2020_update4_cluster_edition//compilers_and_libraries_2020.4.304/linux/mpi
[0],MPI,startup():,I_MPI_MPIRUN=mpirun
[0],MPI,startup():,I_MPI_HYDRA_RMK=pbs
[0],MPI,startup():,I_MPI_HYDRA_TOPOLIB=hwloc
[0],MPI,startup():,I_MPI_PIN_PROCESSOR_LIST=0,2
[0],MPI,startup():,I_MPI_INTERNAL_MEM_POLICY=default
[0],MPI,startup():,I_MPI_DEBUG=5
#bytes,#repetitions,t[usec],Mbytes/sec
0,1000,0.28,0.00
1,1000,0.29,3.39
2,1000,0.29,6.79
4,1000,0.29,13.66
8,1000,0.29,27.36
16,1000,0.29,54.37
32,1000,0.30,105.65
64,1000,0.30,212.94
128,1000,0.30,419.81
256,1000,0.31,814.64
512,1000,0.55,934.97
1024,1000,0.61,1690.54
2048,1000,0.76,2683.10
4096,1000,0.96,4257.53
8192,1000,1.49,5481.51
16384,1000,2.33,7026.58
32768,1000,3.55,9222.99
65536,640,5.85,11203.50
131072,320,8.80,14889.72
262144,160,15.37,17054.39
524288,80,42.23,12415.60
1048576,40,84.23,12449.33
2097152,20,160.66,13053.08
4194304,10,405.66,10339.47
8388608,5,1024.30,8189.63
16777216,2,2140.47,7838.11
33554432,1,6020.12,5573.71
67108864,1,12324.15,5445.31
134217728,1,21305.58,6299.65
268435456,1,35324.26,7599.18
[0],MPI,startup():,Intel(R),MPI,Library,,Version,2019,Update,9,Build,20200923,(id:,abd58e492)
[0],MPI,startup():,Copyright,(C),2003-2020,Intel,Corporation.,All,rights,reserved.
[0],MPI,startup():,library,kind:,release
[0],MPI,startup():,libfabric,version:,1.10.1-impi
[0],MPI,startup():,libfabric,provider:,mlx
[0],MPI,startup():,Rank,Pid,Node,name,Pin,cpu
[0],MPI,startup():,0,18199,ct1pg-gnode001,0
[0],MPI,startup():,1,18200,ct1pg-gnode001,2
[0],MPI,startup():,I_MPI_ROOT=/opt/area/shared/programs/x86_64/intel/parallel_studio_xe_2020_update4_cluster_edition//compilers_and_libraries_2020.4.304/linux/mpi
[0],MPI,startup():,I_MPI_MPIRUN=mpirun
[0],MPI,startup():,I_MPI_HYDRA_RMK=pbs
[0],MPI,startup():,I_MPI_HYDRA_TOPOLIB=hwloc
[0],MPI,startup():,I_MPI_PIN_PROCESSOR_LIST=0,2
[0],MPI,startup():,I_MPI_INTERNAL_MEM_POLICY=default
[0],MPI,startup():,I_MPI_DEBUG=5
#bytes,#repetitions,t[usec],Mbytes/sec
0,1000,0.29,0.00
1,1000,0.29,3.45
2,1000,0.29,6.84
4,1000,0.29,13.70
8,1000,0.29,27.53
16,1000,0.29,55.36
32,1000,0.30,107.34
64,1000,0.30,213.48
128,1000,0.30,427.62
256,1000,0.32,808.78
512,1000,0.57,895.93
1024,1000,0.61,1676.95
2048,1000,0.73,2792.08
4096,1000,0.96,4270.96
8192,1000,1.51,5440.72
16384,1000,2.41,6810.76
32768,1000,3.59,9131.85
65536,640,5.74,11416.36
131072,320,8.80,14890.49
262144,160,15.60,16808.09
524288,80,41.99,12486.18
1048576,40,83.23,12598.83
2097152,20,171.18,12250.95
4194304,10,427.22,9817.72
8388608,5,1024.95,8184.37
16777216,2,2141.20,7835.44
33554432,1,6038.73,5556.54
67108864,1,12283.79,5463.20
134217728,1,21152.43,6345.26
268435456,1,35331.26,7597.68
[0],MPI,startup():,Intel(R),MPI,Library,,Version,2019,Update,9,Build,20200923,(id:,abd58e492)
[0],MPI,startup():,Copyright,(C),2003-2020,Intel,Corporation.,All,rights,reserved.
[0],MPI,startup():,library,kind:,release
[0],MPI,startup():,libfabric,version:,1.10.1-impi
[0],MPI,startup():,libfabric,provider:,mlx
[0],MPI,startup():,Rank,Pid,Node,name,Pin,cpu
[0],MPI,startup():,0,18339,ct1pg-gnode001,0
[0],MPI,startup():,1,18340,ct1pg-gnode001,2
[0],MPI,startup():,I_MPI_ROOT=/opt/area/shared/programs/x86_64/intel/parallel_studio_xe_2020_update4_cluster_edition//compilers_and_libraries_2020.4.304/linux/mpi
[0],MPI,startup():,I_MPI_MPIRUN=mpirun
[0],MPI,startup():,I_MPI_HYDRA_RMK=pbs
[0],MPI,startup():,I_MPI_HYDRA_TOPOLIB=hwloc
[0],MPI,startup():,I_MPI_PIN_PROCESSOR_LIST=0,2
[0],MPI,startup():,I_MPI_INTERNAL_MEM_POLICY=default
[0],MPI,startup():,I_MPI_DEBUG=5
#bytes,#repetitions,t[usec],Mbytes/sec
0,1000,0.29,0.00
1,1000,0.29,3.40
2,1000,0.29,6.87
4,1000,0.29,13.76
8,1000,0.29,27.32
16,1000,0.29,54.58
32,1000,0.30,107.17
64,1000,0.30,212.76
128,1000,0.30,420.71
256,1000,0.32,807.74
512,1000,0.54,951.07
1024,1000,0.60,1714.77
2048,1000,0.74,2768.09
4096,1000,0.95,4301.54
8192,1000,1.49,5510.55
16384,1000,2.36,6932.98
32768,1000,3.55,9233.80
65536,640,5.82,11256.83
131072,320,8.84,14833.15
262144,160,15.55,16855.45
524288,80,42.08,12460.56
1048576,40,84.31,12437.23
2097152,20,160.98,13027.46
4194304,10,412.51,10167.71
8388608,5,1018.66,8234.97
16777216,2,2130.30,7875.50
33554432,1,5973.24,5617.46
67108864,1,12476.41,5378.86
134217728,1,21533.44,6232.99
268435456,1,35287.21,7607.16
