[0],MPI,startup():,Intel(R),MPI,Library,,Version,2019,Update,9,Build,20200923,(id:,abd58e492)
[0],MPI,startup():,Copyright,(C),2003-2020,Intel,Corporation.,All,rights,reserved.
[0],MPI,startup():,library,kind:,release
[0],MPI,startup():,libfabric,version:,1.10.1-impi
[0],MPI,startup():,libfabric,provider:,mlx
[0],MPI,startup():,Rank,Pid,Node,name,Pin,cpu
[0],MPI,startup():,0,16976,ct1pg-gnode001,{0,2,4,6,8,10,12,14,16,18,20,22,24,26,28,30,32,34,36,38,40,42,44,46}
[0],MPI,startup():,1,16977,ct1pg-gnode001,{1,3,5,7,9,11,13,15,17,19,21,23,25,27,29,31,33,35,37,39,41,43,45,47}
[0],MPI,startup():,I_MPI_ROOT=/opt/area/shared/programs/x86_64/intel/parallel_studio_xe_2020_update4_cluster_edition//compilers_and_libraries_2020.4.304/linux/mpi
[0],MPI,startup():,I_MPI_MPIRUN=mpirun
[0],MPI,startup():,I_MPI_HYDRA_RMK=pbs
[0],MPI,startup():,I_MPI_HYDRA_TOPOLIB=hwloc
[0],MPI,startup():,I_MPI_INTERNAL_MEM_POLICY=default
[0],MPI,startup():,I_MPI_DEBUG=5
#bytes,#repetitions,t[usec],Mbytes/sec
0,1000,0.47,0.00
1,1000,0.47,2.13
2,1000,0.47,4.26
4,1000,0.47,8.48
8,1000,0.47,16.99
16,1000,0.47,34.04
32,1000,0.50,64.05
64,1000,0.49,130.66
128,1000,0.58,219.14
256,1000,0.64,400.40
512,1000,0.95,537.24
1024,1000,0.98,1044.37
2048,1000,1.12,1830.29
4096,1000,1.61,2549.01
8192,1000,2.13,3853.55
16384,1000,3.62,4527.45
32768,1000,7.44,4406.58
65536,640,12.72,5150.76
131072,320,22.56,5808.96
262144,160,42.78,6127.14
524288,80,84.35,6215.46
1048576,40,162.80,6440.72
2097152,20,318.80,6578.26
4194304,10,637.08,6583.59
8388608,5,1338.78,6265.88
16777216,2,3071.81,5461.66
33554432,1,7079.30,4739.80
67108864,1,14494.16,4630.06
134217728,1,29251.51,4588.40
268435456,1,58869.64,4559.83
[0],MPI,startup():,Intel(R),MPI,Library,,Version,2019,Update,9,Build,20200923,(id:,abd58e492)
[0],MPI,startup():,Copyright,(C),2003-2020,Intel,Corporation.,All,rights,reserved.
[0],MPI,startup():,library,kind:,release
[0],MPI,startup():,libfabric,version:,1.10.1-impi
[0],MPI,startup():,libfabric,provider:,mlx
[0],MPI,startup():,Rank,Pid,Node,name,Pin,cpu
[0],MPI,startup():,0,17122,ct1pg-gnode001,{0,2,4,6,8,10,12,14,16,18,20,22,24,26,28,30,32,34,36,38,40,42,44,46}
[0],MPI,startup():,1,17123,ct1pg-gnode001,{1,3,5,7,9,11,13,15,17,19,21,23,25,27,29,31,33,35,37,39,41,43,45,47}
[0],MPI,startup():,I_MPI_ROOT=/opt/area/shared/programs/x86_64/intel/parallel_studio_xe_2020_update4_cluster_edition//compilers_and_libraries_2020.4.304/linux/mpi
[0],MPI,startup():,I_MPI_MPIRUN=mpirun
[0],MPI,startup():,I_MPI_HYDRA_RMK=pbs
[0],MPI,startup():,I_MPI_HYDRA_TOPOLIB=hwloc
[0],MPI,startup():,I_MPI_INTERNAL_MEM_POLICY=default
[0],MPI,startup():,I_MPI_DEBUG=5
#bytes,#repetitions,t[usec],Mbytes/sec
0,1000,0.48,0.00
1,1000,0.48,2.07
2,1000,0.48,4.17
4,1000,0.48,8.28
8,1000,0.48,16.60
16,1000,0.48,33.01
32,1000,0.51,63.21
64,1000,0.51,126.65
128,1000,0.59,216.61
256,1000,0.63,405.84
512,1000,0.98,523.91
1024,1000,1.02,1003.94
2048,1000,1.16,1763.43
4096,1000,1.58,2594.96
8192,1000,2.13,3845.36
16384,1000,3.58,4575.80
32768,1000,5.29,6189.94
65536,640,9.03,7260.55
131072,320,15.04,8715.63
262144,160,27.98,9367.37
524288,80,66.93,7833.88
1048576,40,131.45,7977.28
2097152,20,256.52,8175.31
4194304,10,505.81,8292.31
8388608,5,1061.46,7902.87
16777216,2,2267.91,7397.64
33554432,1,7928.29,4232.24
67108864,1,15850.44,4233.88
134217728,1,30097.94,4459.37
268435456,1,51663.30,5195.86
[0],MPI,startup():,Intel(R),MPI,Library,,Version,2019,Update,9,Build,20200923,(id:,abd58e492)
[0],MPI,startup():,Copyright,(C),2003-2020,Intel,Corporation.,All,rights,reserved.
[0],MPI,startup():,library,kind:,release
[0],MPI,startup():,libfabric,version:,1.10.1-impi
[0],MPI,startup():,libfabric,provider:,mlx
[0],MPI,startup():,Rank,Pid,Node,name,Pin,cpu
[0],MPI,startup():,0,17258,ct1pg-gnode001,{0,2,4,6,8,10,12,14,16,18,20,22,24,26,28,30,32,34,36,38,40,42,44,46}
[0],MPI,startup():,1,17259,ct1pg-gnode001,{1,3,5,7,9,11,13,15,17,19,21,23,25,27,29,31,33,35,37,39,41,43,45,47}
[0],MPI,startup():,I_MPI_ROOT=/opt/area/shared/programs/x86_64/intel/parallel_studio_xe_2020_update4_cluster_edition//compilers_and_libraries_2020.4.304/linux/mpi
[0],MPI,startup():,I_MPI_MPIRUN=mpirun
[0],MPI,startup():,I_MPI_HYDRA_RMK=pbs
[0],MPI,startup():,I_MPI_HYDRA_TOPOLIB=hwloc
[0],MPI,startup():,I_MPI_INTERNAL_MEM_POLICY=default
[0],MPI,startup():,I_MPI_DEBUG=5
#bytes,#repetitions,t[usec],Mbytes/sec
0,1000,0.47,0.00
1,1000,0.47,2.13
2,1000,0.47,4.22
4,1000,0.47,8.47
8,1000,0.47,16.88
16,1000,0.47,34.14
32,1000,0.50,64.15
64,1000,0.50,128.83
128,1000,0.58,219.72
256,1000,0.63,408.04
512,1000,0.91,563.50
1024,1000,0.98,1047.35
2048,1000,1.12,1834.70
4096,1000,1.51,2705.50
8192,1000,2.09,3923.17
16384,1000,3.62,4526.20
32768,1000,5.34,6133.22
65536,640,9.20,7126.50
131072,320,15.09,8684.22
262144,160,28.71,9132.12
524288,80,65.04,8061.28
1048576,40,128.20,8179.43
2097152,20,248.08,8453.51
4194304,10,490.92,8543.80
8388608,5,1018.58,8235.58
16777216,2,2269.39,7392.84
33554432,1,7645.31,4388.89
67108864,1,15445.54,4344.87
134217728,1,29322.05,4577.36
268435456,1,50285.38,5338.24
[0],MPI,startup():,Intel(R),MPI,Library,,Version,2019,Update,9,Build,20200923,(id:,abd58e492)
[0],MPI,startup():,Copyright,(C),2003-2020,Intel,Corporation.,All,rights,reserved.
[0],MPI,startup():,library,kind:,release
[0],MPI,startup():,libfabric,version:,1.10.1-impi
[0],MPI,startup():,libfabric,provider:,mlx
[0],MPI,startup():,Rank,Pid,Node,name,Pin,cpu
[0],MPI,startup():,0,17394,ct1pg-gnode001,{0,2,4,6,8,10,12,14,16,18,20,22,24,26,28,30,32,34,36,38,40,42,44,46}
[0],MPI,startup():,1,17395,ct1pg-gnode001,{1,3,5,7,9,11,13,15,17,19,21,23,25,27,29,31,33,35,37,39,41,43,45,47}
[0],MPI,startup():,I_MPI_ROOT=/opt/area/shared/programs/x86_64/intel/parallel_studio_xe_2020_update4_cluster_edition//compilers_and_libraries_2020.4.304/linux/mpi
[0],MPI,startup():,I_MPI_MPIRUN=mpirun
[0],MPI,startup():,I_MPI_HYDRA_RMK=pbs
[0],MPI,startup():,I_MPI_HYDRA_TOPOLIB=hwloc
[0],MPI,startup():,I_MPI_INTERNAL_MEM_POLICY=default
[0],MPI,startup():,I_MPI_DEBUG=5
#bytes,#repetitions,t[usec],Mbytes/sec
0,1000,0.47,0.00
1,1000,0.47,2.11
2,1000,0.48,4.21
4,1000,0.47,8.45
8,1000,0.47,16.89
16,1000,0.47,33.82
32,1000,0.50,63.68
64,1000,0.50,128.88
128,1000,0.59,216.93
256,1000,0.63,407.22
512,1000,0.97,527.07
1024,1000,1.00,1019.29
2048,1000,1.14,1804.40
4096,1000,1.60,2566.53
8192,1000,2.04,4014.88
16384,1000,3.60,4557.19
32768,1000,5.25,6245.47
65536,640,9.25,7081.37
131072,320,15.02,8725.92
262144,160,28.17,9307.09
524288,80,65.92,7953.44
1048576,40,129.68,8086.01
2097152,20,250.90,8358.65
4194304,10,497.40,8432.50
8388608,5,1036.27,8095.02
16777216,2,2298.69,7298.60
33554432,1,7771.33,4317.72
67108864,1,15557.04,4313.73
134217728,1,29576.82,4537.94
268435456,1,51024.12,5260.95
[0],MPI,startup():,Intel(R),MPI,Library,,Version,2019,Update,9,Build,20200923,(id:,abd58e492)
[0],MPI,startup():,Copyright,(C),2003-2020,Intel,Corporation.,All,rights,reserved.
[0],MPI,startup():,library,kind:,release
[0],MPI,startup():,libfabric,version:,1.10.1-impi
[0],MPI,startup():,libfabric,provider:,mlx
[0],MPI,startup():,Rank,Pid,Node,name,Pin,cpu
[0],MPI,startup():,0,17531,ct1pg-gnode001,{0,2,4,6,8,10,12,14,16,18,20,22,24,26,28,30,32,34,36,38,40,42,44,46}
[0],MPI,startup():,1,17532,ct1pg-gnode001,{1,3,5,7,9,11,13,15,17,19,21,23,25,27,29,31,33,35,37,39,41,43,45,47}
[0],MPI,startup():,I_MPI_ROOT=/opt/area/shared/programs/x86_64/intel/parallel_studio_xe_2020_update4_cluster_edition//compilers_and_libraries_2020.4.304/linux/mpi
[0],MPI,startup():,I_MPI_MPIRUN=mpirun
[0],MPI,startup():,I_MPI_HYDRA_RMK=pbs
[0],MPI,startup():,I_MPI_HYDRA_TOPOLIB=hwloc
[0],MPI,startup():,I_MPI_INTERNAL_MEM_POLICY=default
[0],MPI,startup():,I_MPI_DEBUG=5
#bytes,#repetitions,t[usec],Mbytes/sec
0,1000,0.47,0.00
1,1000,0.48,2.11
2,1000,0.47,4.22
4,1000,0.47,8.44
8,1000,0.47,16.96
16,1000,0.47,33.90
32,1000,0.50,64.29
64,1000,0.49,129.41
128,1000,0.59,218.67
256,1000,0.63,405.23
512,1000,0.97,529.87
1024,1000,0.98,1040.46
2048,1000,1.14,1802.82
4096,1000,1.60,2562.71
8192,1000,2.06,3983.52
16384,1000,3.49,4699.91
32768,1000,5.29,6198.45
65536,640,9.25,7085.24
131072,320,15.02,8727.97
262144,160,27.67,9474.00
524288,80,66.07,7935.39
1048576,40,128.98,8129.68
2097152,20,251.53,8337.62
4194304,10,503.59,8328.88
8388608,5,1042.03,8050.23
16777216,2,2273.66,7378.94
33554432,1,7749.17,4330.07
67108864,1,15582.46,4306.69
134217728,1,29653.03,4526.27
268435456,1,51078.51,5255.35
[0],MPI,startup():,Intel(R),MPI,Library,,Version,2019,Update,9,Build,20200923,(id:,abd58e492)
[0],MPI,startup():,Copyright,(C),2003-2020,Intel,Corporation.,All,rights,reserved.
[0],MPI,startup():,library,kind:,release
[0],MPI,startup():,libfabric,version:,1.10.1-impi
[0],MPI,startup():,libfabric,provider:,mlx
[0],MPI,startup():,Rank,Pid,Node,name,Pin,cpu
[0],MPI,startup():,0,17674,ct1pg-gnode001,{0,2,4,6,8,10,12,14,16,18,20,22,24,26,28,30,32,34,36,38,40,42,44,46}
[0],MPI,startup():,1,17675,ct1pg-gnode001,{1,3,5,7,9,11,13,15,17,19,21,23,25,27,29,31,33,35,37,39,41,43,45,47}
[0],MPI,startup():,I_MPI_ROOT=/opt/area/shared/programs/x86_64/intel/parallel_studio_xe_2020_update4_cluster_edition//compilers_and_libraries_2020.4.304/linux/mpi
[0],MPI,startup():,I_MPI_MPIRUN=mpirun
[0],MPI,startup():,I_MPI_HYDRA_RMK=pbs
[0],MPI,startup():,I_MPI_HYDRA_TOPOLIB=hwloc
[0],MPI,startup():,I_MPI_INTERNAL_MEM_POLICY=default
[0],MPI,startup():,I_MPI_DEBUG=5
#bytes,#repetitions,t[usec],Mbytes/sec
0,1000,0.47,0.00
1,1000,0.47,2.12
2,1000,0.47,4.25
4,1000,0.47,8.48
8,1000,0.47,16.92
16,1000,0.47,33.94
32,1000,0.50,64.14
64,1000,0.50,128.81
128,1000,0.58,221.23
256,1000,0.62,410.16
512,1000,0.97,525.51
1024,1000,1.02,1007.34
2048,1000,1.17,1748.70
4096,1000,1.55,2634.18
8192,1000,2.08,3947.04
16384,1000,3.57,4594.53
32768,1000,5.34,6140.37
65536,640,8.98,7300.66
131072,320,14.99,8744.42
262144,160,28.69,9138.17
524288,80,66.54,7879.16
1048576,40,129.45,8100.14
2097152,20,252.99,8289.31
4194304,10,505.20,8302.28
8388608,5,1032.62,8123.65
16777216,2,2252.52,7448.19
33554432,1,7785.06,4310.11
67108864,1,15465.64,4339.22
134217728,1,29329.24,4576.24
268435456,1,50958.32,5267.75
[0],MPI,startup():,Intel(R),MPI,Library,,Version,2019,Update,9,Build,20200923,(id:,abd58e492)
[0],MPI,startup():,Copyright,(C),2003-2020,Intel,Corporation.,All,rights,reserved.
[0],MPI,startup():,library,kind:,release
[0],MPI,startup():,libfabric,version:,1.10.1-impi
[0],MPI,startup():,libfabric,provider:,mlx
[0],MPI,startup():,Rank,Pid,Node,name,Pin,cpu
[0],MPI,startup():,0,17823,ct1pg-gnode001,{0,2,4,6,8,10,12,14,16,18,20,22,24,26,28,30,32,34,36,38,40,42,44,46}
[0],MPI,startup():,1,17824,ct1pg-gnode001,{1,3,5,7,9,11,13,15,17,19,21,23,25,27,29,31,33,35,37,39,41,43,45,47}
[0],MPI,startup():,I_MPI_ROOT=/opt/area/shared/programs/x86_64/intel/parallel_studio_xe_2020_update4_cluster_edition//compilers_and_libraries_2020.4.304/linux/mpi
[0],MPI,startup():,I_MPI_MPIRUN=mpirun
[0],MPI,startup():,I_MPI_HYDRA_RMK=pbs
[0],MPI,startup():,I_MPI_HYDRA_TOPOLIB=hwloc
[0],MPI,startup():,I_MPI_INTERNAL_MEM_POLICY=default
[0],MPI,startup():,I_MPI_DEBUG=5
#bytes,#repetitions,t[usec],Mbytes/sec
0,1000,0.47,0.00
1,1000,0.47,2.11
2,1000,0.47,4.23
4,1000,0.47,8.46
8,1000,0.47,16.85
16,1000,0.47,33.89
32,1000,0.50,63.90
64,1000,0.50,128.58
128,1000,0.59,217.88
256,1000,0.63,404.60
512,1000,0.97,525.40
1024,1000,0.99,1039.56
2048,1000,1.16,1762.57
4096,1000,1.67,2453.28
8192,1000,2.13,3840.00
16384,1000,3.70,4426.24
32768,1000,5.31,6176.78
65536,640,9.24,7094.05
131072,320,15.11,8675.90
262144,160,27.77,9441.37
524288,80,66.71,7858.74
1048576,40,129.16,8118.47
2097152,20,251.44,8340.68
4194304,10,500.49,8380.41
8388608,5,1037.56,8084.95
16777216,2,2277.23,7367.38
33554432,1,7779.10,4313.41
67108864,1,15544.09,4317.32
134217728,1,29321.81,4577.40
268435456,1,51209.57,5241.90
[0],MPI,startup():,Intel(R),MPI,Library,,Version,2019,Update,9,Build,20200923,(id:,abd58e492)
[0],MPI,startup():,Copyright,(C),2003-2020,Intel,Corporation.,All,rights,reserved.
[0],MPI,startup():,library,kind:,release
[0],MPI,startup():,libfabric,version:,1.10.1-impi
[0],MPI,startup():,libfabric,provider:,mlx
[0],MPI,startup():,Rank,Pid,Node,name,Pin,cpu
[0],MPI,startup():,0,17960,ct1pg-gnode001,{0,2,4,6,8,10,12,14,16,18,20,22,24,26,28,30,32,34,36,38,40,42,44,46}
[0],MPI,startup():,1,17961,ct1pg-gnode001,{1,3,5,7,9,11,13,15,17,19,21,23,25,27,29,31,33,35,37,39,41,43,45,47}
[0],MPI,startup():,I_MPI_ROOT=/opt/area/shared/programs/x86_64/intel/parallel_studio_xe_2020_update4_cluster_edition//compilers_and_libraries_2020.4.304/linux/mpi
[0],MPI,startup():,I_MPI_MPIRUN=mpirun
[0],MPI,startup():,I_MPI_HYDRA_RMK=pbs
[0],MPI,startup():,I_MPI_HYDRA_TOPOLIB=hwloc
[0],MPI,startup():,I_MPI_INTERNAL_MEM_POLICY=default
[0],MPI,startup():,I_MPI_DEBUG=5
#bytes,#repetitions,t[usec],Mbytes/sec
0,1000,0.47,0.00
1,1000,0.47,2.11
2,1000,0.48,4.21
4,1000,0.48,8.41
8,1000,0.48,16.80
16,1000,0.47,33.76
32,1000,0.49,64.70
64,1000,0.50,127.64
128,1000,0.58,221.91
256,1000,0.63,407.73
512,1000,0.95,536.15
1024,1000,0.98,1045.64
2048,1000,1.13,1815.99
4096,1000,1.55,2635.76
8192,1000,2.08,3942.94
16384,1000,3.42,4784.36
32768,1000,5.35,6121.18
65536,640,9.17,7148.77
131072,320,15.05,8706.96
262144,160,27.83,9419.76
524288,80,66.14,7926.47
1048576,40,129.29,8110.46
2097152,20,252.00,8322.17
4194304,10,499.78,8392.32
8388608,5,1041.08,8057.63
16777216,2,2252.75,7447.45
33554432,1,7800.92,4301.34
67108864,1,15679.06,4280.16
134217728,1,29695.85,4519.75
268435456,1,50990.04,5264.47
[0],MPI,startup():,Intel(R),MPI,Library,,Version,2019,Update,9,Build,20200923,(id:,abd58e492)
[0],MPI,startup():,Copyright,(C),2003-2020,Intel,Corporation.,All,rights,reserved.
[0],MPI,startup():,library,kind:,release
[0],MPI,startup():,libfabric,version:,1.10.1-impi
[0],MPI,startup():,libfabric,provider:,mlx
[0],MPI,startup():,Rank,Pid,Node,name,Pin,cpu
[0],MPI,startup():,0,18097,ct1pg-gnode001,{0,2,4,6,8,10,12,14,16,18,20,22,24,26,28,30,32,34,36,38,40,42,44,46}
[0],MPI,startup():,1,18098,ct1pg-gnode001,{1,3,5,7,9,11,13,15,17,19,21,23,25,27,29,31,33,35,37,39,41,43,45,47}
[0],MPI,startup():,I_MPI_ROOT=/opt/area/shared/programs/x86_64/intel/parallel_studio_xe_2020_update4_cluster_edition//compilers_and_libraries_2020.4.304/linux/mpi
[0],MPI,startup():,I_MPI_MPIRUN=mpirun
[0],MPI,startup():,I_MPI_HYDRA_RMK=pbs
[0],MPI,startup():,I_MPI_HYDRA_TOPOLIB=hwloc
[0],MPI,startup():,I_MPI_INTERNAL_MEM_POLICY=default
[0],MPI,startup():,I_MPI_DEBUG=5
#bytes,#repetitions,t[usec],Mbytes/sec
0,1000,0.47,0.00
1,1000,0.47,2.13
2,1000,0.47,4.26
4,1000,0.47,8.49
8,1000,0.47,17.03
16,1000,0.47,34.06
32,1000,0.50,64.51
64,1000,0.50,128.61
128,1000,0.59,216.98
256,1000,0.63,405.82
512,1000,0.98,524.46
1024,1000,1.00,1026.13
2048,1000,1.17,1751.18
4096,1000,1.58,2597.41
8192,1000,2.03,4032.29
16384,1000,3.59,4569.06
32768,1000,5.30,6178.25
65536,640,9.02,7266.76
131072,320,15.16,8647.81
262144,160,28.32,9255.96
524288,80,66.46,7889.33
1048576,40,129.47,8098.80
2097152,20,253.73,8265.32
4194304,10,497.68,8427.73
8388608,5,1031.88,8129.42
16777216,2,2258.33,7429.05
33554432,1,7761.23,4323.34
67108864,1,15546.87,4316.55
134217728,1,29420.58,4562.03
268435456,1,51102.96,5252.84
[0],MPI,startup():,Intel(R),MPI,Library,,Version,2019,Update,9,Build,20200923,(id:,abd58e492)
[0],MPI,startup():,Copyright,(C),2003-2020,Intel,Corporation.,All,rights,reserved.
[0],MPI,startup():,library,kind:,release
[0],MPI,startup():,libfabric,version:,1.10.1-impi
[0],MPI,startup():,libfabric,provider:,mlx
[0],MPI,startup():,Rank,Pid,Node,name,Pin,cpu
[0],MPI,startup():,0,18233,ct1pg-gnode001,{0,2,4,6,8,10,12,14,16,18,20,22,24,26,28,30,32,34,36,38,40,42,44,46}
[0],MPI,startup():,1,18234,ct1pg-gnode001,{1,3,5,7,9,11,13,15,17,19,21,23,25,27,29,31,33,35,37,39,41,43,45,47}
[0],MPI,startup():,I_MPI_ROOT=/opt/area/shared/programs/x86_64/intel/parallel_studio_xe_2020_update4_cluster_edition//compilers_and_libraries_2020.4.304/linux/mpi
[0],MPI,startup():,I_MPI_MPIRUN=mpirun
[0],MPI,startup():,I_MPI_HYDRA_RMK=pbs
[0],MPI,startup():,I_MPI_HYDRA_TOPOLIB=hwloc
[0],MPI,startup():,I_MPI_INTERNAL_MEM_POLICY=default
[0],MPI,startup():,I_MPI_DEBUG=5
#bytes,#repetitions,t[usec],Mbytes/sec
0,1000,0.47,0.00
1,1000,0.48,2.10
2,1000,0.48,4.20
4,1000,0.47,8.49
8,1000,0.48,16.83
16,1000,0.48,33.67
32,1000,0.50,64.34
64,1000,0.50,128.06
128,1000,0.58,220.92
256,1000,0.63,409.31
512,1000,0.98,524.46
1024,1000,0.99,1030.84
2048,1000,1.16,1766.37
4096,1000,1.58,2588.52
8192,1000,2.10,3899.47
16384,1000,3.54,4627.22
32768,1000,5.33,6145.31
65536,640,9.27,7068.33
131072,320,15.05,8707.95
262144,160,28.37,9239.55
524288,80,66.32,7905.90
1048576,40,129.33,8107.82
2097152,20,251.83,8327.77
4194304,10,495.15,8470.83
8388608,5,1023.94,8192.44
16777216,2,2241.63,7484.37
33554432,1,7772.08,4317.31
67108864,1,15617.47,4297.04
134217728,1,29398.18,4565.51
268435456,1,50795.36,5284.65
