[0],MPI,startup():,Intel(R),MPI,Library,,Version,2019,Update,9,Build,20200923,(id:,abd58e492)
[0],MPI,startup():,Copyright,(C),2003-2020,Intel,Corporation.,All,rights,reserved.
[0],MPI,startup():,library,kind:,release
[0],MPI,startup():,libfabric,version:,1.10.1-impi
[0],MPI,startup():,libfabric,provider:,mlx
[0],MPI,startup():,Rank,Pid,Node,name,Pin,cpu
[0],MPI,startup():,0,7201,ct1pg-gnode001,{0,1,2,3,4,5,6,7,8,9,10,11,12,13,14,15,16,17,18,19,20,21,22,23,24,25,26,27,28,29,
[0],MPI,startup():,1,23350,ct1pg-gnode003,{0,1,2,3,4,5,6,7,8,9,10,11,12,13,14,15,16,17,18,19,20,21,22,23,24,25,26,27,28,29,
[0],MPI,startup():,I_MPI_ROOT=/opt/area/shared/programs/x86_64/intel/parallel_studio_xe_2020_update4_cluster_edition//compilers_and_libraries_2020.4.304/linux/mpi
[0],MPI,startup():,I_MPI_MPIRUN=mpirun
[0],MPI,startup():,I_MPI_HYDRA_RMK=pbs
[0],MPI,startup():,I_MPI_HYDRA_TOPOLIB=hwloc
[0],MPI,startup():,I_MPI_INTERNAL_MEM_POLICY=default
[0],MPI,startup():,I_MPI_DEBUG=5
#bytes,#repetitions,t[usec],Mbytes/sec
0,1000,1.37,0.00
1,1000,1.37,0.73
2,1000,1.37,1.46
4,1000,1.37,2.91
8,1000,1.36,5.86
16,1000,1.38,11.60
32,1000,1.39,22.98
64,1000,1.60,40.08
128,1000,1.64,78.09
256,1000,3.61,70.85
512,1000,1.97,260.23
1024,1000,2.16,473.59
2048,1000,2.83,724.23
4096,1000,3.68,1113.64
8192,1000,4.66,1758.69
16384,1000,6.38,2569.40
32768,1000,10.39,3154.64
65536,640,13.67,4795.12
131072,320,22.73,5766.37
262144,160,33.64,7792.35
524288,80,58.88,8904.20
1048576,40,105.39,9949.15
2097152,20,193.04,10863.87
4194304,10,356.73,11757.69
8388608,5,755.55,11102.59
16777216,2,1527.64,10982.43
33554432,1,2755.31,12178.11
67108864,1,5502.63,12195.77
134217728,1,11026.48,12172.31
268435456,1,22022.55,12189.12
[0],MPI,startup():,Intel(R),MPI,Library,,Version,2019,Update,9,Build,20200923,(id:,abd58e492)
[0],MPI,startup():,Copyright,(C),2003-2020,Intel,Corporation.,All,rights,reserved.
[0],MPI,startup():,library,kind:,release
[0],MPI,startup():,libfabric,version:,1.10.1-impi
[0],MPI,startup():,libfabric,provider:,mlx
[0],MPI,startup():,Rank,Pid,Node,name,Pin,cpu
[0],MPI,startup():,0,7227,ct1pg-gnode001,{0,1,2,3,4,5,6,7,8,9,10,11,12,13,14,15,16,17,18,19,20,21,22,23,24,25,26,27,28,29,
[0],MPI,startup():,1,23428,ct1pg-gnode003,{0,1,2,3,4,5,6,7,8,9,10,11,12,13,14,15,16,17,18,19,20,21,22,23,24,25,26,27,28,29,
[0],MPI,startup():,I_MPI_ROOT=/opt/area/shared/programs/x86_64/intel/parallel_studio_xe_2020_update4_cluster_edition//compilers_and_libraries_2020.4.304/linux/mpi
[0],MPI,startup():,I_MPI_MPIRUN=mpirun
[0],MPI,startup():,I_MPI_HYDRA_RMK=pbs
[0],MPI,startup():,I_MPI_HYDRA_TOPOLIB=hwloc
[0],MPI,startup():,I_MPI_INTERNAL_MEM_POLICY=default
[0],MPI,startup():,I_MPI_DEBUG=5
#bytes,#repetitions,t[usec],Mbytes/sec
0,1000,1.28,0.00
1,1000,1.29,0.77
2,1000,1.29,1.55
4,1000,1.28,3.13
8,1000,1.28,6.24
16,1000,1.27,12.57
32,1000,1.30,24.61
64,1000,1.43,44.82
128,1000,1.49,86.17
256,1000,1.71,149.53
512,1000,1.77,288.46
1024,1000,1.95,525.96
2048,1000,2.54,805.31
4096,1000,3.27,1254.02
8192,1000,4.15,1975.25
16384,1000,5.85,2798.72
32768,1000,10.31,3177.15
65536,640,13.35,4907.74
131072,320,22.25,5890.00
262144,160,33.36,7857.79
524288,80,55.12,9512.50
1048576,40,97.64,10738.80
2097152,20,185.52,11304.11
4194304,10,356.03,11780.74
8388608,5,699.28,11996.00
16777216,2,1387.41,12092.46
33554432,1,2757.25,12169.52
67108864,1,5504.56,12191.51
134217728,1,10971.57,12233.23
268435456,1,22037.42,12180.89
[0],MPI,startup():,Intel(R),MPI,Library,,Version,2019,Update,9,Build,20200923,(id:,abd58e492)
[0],MPI,startup():,Copyright,(C),2003-2020,Intel,Corporation.,All,rights,reserved.
[0],MPI,startup():,library,kind:,release
[0],MPI,startup():,libfabric,version:,1.10.1-impi
[0],MPI,startup():,libfabric,provider:,mlx
[0],MPI,startup():,Rank,Pid,Node,name,Pin,cpu
[0],MPI,startup():,0,7291,ct1pg-gnode001,{0,1,2,3,4,5,6,7,8,9,10,11,12,13,14,15,16,17,18,19,20,21,22,23,24,25,26,27,28,29,
[0],MPI,startup():,1,23503,ct1pg-gnode003,{0,1,2,3,4,5,6,7,8,9,10,11,12,13,14,15,16,17,18,19,20,21,22,23,24,25,26,27,28,29,
[0],MPI,startup():,I_MPI_ROOT=/opt/area/shared/programs/x86_64/intel/parallel_studio_xe_2020_update4_cluster_edition//compilers_and_libraries_2020.4.304/linux/mpi
[0],MPI,startup():,I_MPI_MPIRUN=mpirun
[0],MPI,startup():,I_MPI_HYDRA_RMK=pbs
[0],MPI,startup():,I_MPI_HYDRA_TOPOLIB=hwloc
[0],MPI,startup():,I_MPI_INTERNAL_MEM_POLICY=default
[0],MPI,startup():,I_MPI_DEBUG=5
#bytes,#repetitions,t[usec],Mbytes/sec
0,1000,1.28,0.00
1,1000,1.28,0.78
2,1000,1.28,1.56
4,1000,1.28,3.14
8,1000,1.27,6.32
16,1000,1.27,12.57
32,1000,1.29,24.82
64,1000,1.43,44.85
128,1000,1.48,86.43
256,1000,1.73,147.74
512,1000,1.80,284.94
1024,1000,1.95,526.38
2048,1000,2.64,775.94
4096,1000,3.32,1232.03
8192,1000,4.22,1943.44
16384,1000,5.89,2779.58
32768,1000,10.15,3227.56
65536,640,13.29,4930.32
131072,320,22.20,5903.58
262144,160,33.44,7839.62
524288,80,57.99,9041.61
1048576,40,98.58,10637.33
2097152,20,186.40,11250.61
4194304,10,356.52,11764.63
8388608,5,700.48,11975.56
16777216,2,1385.41,12109.90
33554432,1,2758.73,12162.98
67108864,1,5503.99,12192.76
134217728,1,11021.37,12177.95
268435456,1,22065.58,12165.35
[0],MPI,startup():,Intel(R),MPI,Library,,Version,2019,Update,9,Build,20200923,(id:,abd58e492)
[0],MPI,startup():,Copyright,(C),2003-2020,Intel,Corporation.,All,rights,reserved.
[0],MPI,startup():,library,kind:,release
[0],MPI,startup():,libfabric,version:,1.10.1-impi
[0],MPI,startup():,libfabric,provider:,mlx
[0],MPI,startup():,Rank,Pid,Node,name,Pin,cpu
[0],MPI,startup():,0,7315,ct1pg-gnode001,{0,1,2,3,4,5,6,7,8,9,10,11,12,13,14,15,16,17,18,19,20,21,22,23,24,25,26,27,28,29,
[0],MPI,startup():,1,23577,ct1pg-gnode003,{0,1,2,3,4,5,6,7,8,9,10,11,12,13,14,15,16,17,18,19,20,21,22,23,24,25,26,27,28,29,
[0],MPI,startup():,I_MPI_ROOT=/opt/area/shared/programs/x86_64/intel/parallel_studio_xe_2020_update4_cluster_edition//compilers_and_libraries_2020.4.304/linux/mpi
[0],MPI,startup():,I_MPI_MPIRUN=mpirun
[0],MPI,startup():,I_MPI_HYDRA_RMK=pbs
[0],MPI,startup():,I_MPI_HYDRA_TOPOLIB=hwloc
[0],MPI,startup():,I_MPI_INTERNAL_MEM_POLICY=default
[0],MPI,startup():,I_MPI_DEBUG=5
#bytes,#repetitions,t[usec],Mbytes/sec
0,1000,1.29,0.00
1,1000,1.28,0.78
2,1000,1.30,1.54
4,1000,1.30,3.08
8,1000,1.29,6.22
16,1000,1.29,12.43
32,1000,1.30,24.53
64,1000,1.44,44.47
128,1000,1.48,86.58
256,1000,1.73,148.11
512,1000,1.78,287.71
1024,1000,1.97,521.08
2048,1000,2.61,784.05
4096,1000,3.30,1241.04
8192,1000,4.19,1957.21
16384,1000,5.88,2784.84
32768,1000,10.27,3191.54
65536,640,13.08,5010.16
131072,320,22.64,5788.24
262144,160,33.46,7834.03
524288,80,56.01,9360.53
1048576,40,99.12,10579.23
2097152,20,186.19,11263.74
4194304,10,354.67,11826.07
8388608,5,700.56,11974.21
16777216,2,1391.77,12054.57
33554432,1,2763.22,12143.26
67108864,1,5503.31,12194.28
134217728,1,10999.30,12202.38
268435456,1,22114.06,12138.68
[0],MPI,startup():,Intel(R),MPI,Library,,Version,2019,Update,9,Build,20200923,(id:,abd58e492)
[0],MPI,startup():,Copyright,(C),2003-2020,Intel,Corporation.,All,rights,reserved.
[0],MPI,startup():,library,kind:,release
[0],MPI,startup():,libfabric,version:,1.10.1-impi
[0],MPI,startup():,libfabric,provider:,mlx
[0],MPI,startup():,Rank,Pid,Node,name,Pin,cpu
[0],MPI,startup():,0,7339,ct1pg-gnode001,{0,1,2,3,4,5,6,7,8,9,10,11,12,13,14,15,16,17,18,19,20,21,22,23,24,25,26,27,28,29,
[0],MPI,startup():,1,23650,ct1pg-gnode003,{0,1,2,3,4,5,6,7,8,9,10,11,12,13,14,15,16,17,18,19,20,21,22,23,24,25,26,27,28,29,
[0],MPI,startup():,I_MPI_ROOT=/opt/area/shared/programs/x86_64/intel/parallel_studio_xe_2020_update4_cluster_edition//compilers_and_libraries_2020.4.304/linux/mpi
[0],MPI,startup():,I_MPI_MPIRUN=mpirun
[0],MPI,startup():,I_MPI_HYDRA_RMK=pbs
[0],MPI,startup():,I_MPI_HYDRA_TOPOLIB=hwloc
[0],MPI,startup():,I_MPI_INTERNAL_MEM_POLICY=default
[0],MPI,startup():,I_MPI_DEBUG=5
#bytes,#repetitions,t[usec],Mbytes/sec
0,1000,1.36,0.00
1,1000,1.36,0.73
2,1000,1.37,1.46
4,1000,1.37,2.92
8,1000,1.36,5.87
16,1000,1.37,11.69
32,1000,1.40,22.93
64,1000,1.59,40.38
128,1000,1.63,78.58
256,1000,1.92,133.01
512,1000,2.00,255.49
1024,1000,2.18,470.67
2048,1000,2.92,700.95
4096,1000,3.69,1111.02
8192,1000,4.62,1771.36
16384,1000,6.50,2520.28
32768,1000,10.70,3062.02
65536,640,13.70,4783.58
131072,320,22.44,5839.88
262144,160,33.27,7879.54
524288,80,56.19,9330.17
1048576,40,98.57,10638.20
2097152,20,185.32,11316.42
4194304,10,354.44,11833.65
8388608,5,702.19,11946.29
16777216,2,1399.03,11992.06
33554432,1,2765.09,12135.04
67108864,1,5533.21,12128.37
134217728,1,11015.64,12184.29
268435456,1,22091.01,12151.34
[0],MPI,startup():,Intel(R),MPI,Library,,Version,2019,Update,9,Build,20200923,(id:,abd58e492)
[0],MPI,startup():,Copyright,(C),2003-2020,Intel,Corporation.,All,rights,reserved.
[0],MPI,startup():,library,kind:,release
[0],MPI,startup():,libfabric,version:,1.10.1-impi
[0],MPI,startup():,libfabric,provider:,mlx
[0],MPI,startup():,Rank,Pid,Node,name,Pin,cpu
[0],MPI,startup():,0,7364,ct1pg-gnode001,{0,1,2,3,4,5,6,7,8,9,10,11,12,13,14,15,16,17,18,19,20,21,22,23,24,25,26,27,28,29,
[0],MPI,startup():,1,23724,ct1pg-gnode003,{0,1,2,3,4,5,6,7,8,9,10,11,12,13,14,15,16,17,18,19,20,21,22,23,24,25,26,27,28,29,
[0],MPI,startup():,I_MPI_ROOT=/opt/area/shared/programs/x86_64/intel/parallel_studio_xe_2020_update4_cluster_edition//compilers_and_libraries_2020.4.304/linux/mpi
[0],MPI,startup():,I_MPI_MPIRUN=mpirun
[0],MPI,startup():,I_MPI_HYDRA_RMK=pbs
[0],MPI,startup():,I_MPI_HYDRA_TOPOLIB=hwloc
[0],MPI,startup():,I_MPI_INTERNAL_MEM_POLICY=default
[0],MPI,startup():,I_MPI_DEBUG=5
#bytes,#repetitions,t[usec],Mbytes/sec
0,1000,1.30,0.00
1,1000,1.29,0.78
2,1000,1.30,1.54
4,1000,1.29,3.10
8,1000,1.28,6.24
16,1000,1.28,12.53
32,1000,1.30,24.59
64,1000,1.42,45.01
128,1000,1.47,86.87
256,1000,1.71,149.44
512,1000,1.78,288.34
1024,1000,1.92,532.50
2048,1000,2.60,786.91
4096,1000,3.27,1253.99
8192,1000,4.20,1951.04
16384,1000,5.86,2795.38
32768,1000,10.32,3173.80
65536,640,13.11,4998.95
131072,320,21.63,6059.26
262144,160,33.30,7872.96
524288,80,55.08,9519.15
1048576,40,98.73,10620.91
2097152,20,183.40,11434.77
4194304,10,353.68,11859.04
8388608,5,694.75,12074.27
16777216,2,1379.36,12163.02
33554432,1,2762.49,12146.43
67108864,1,5512.21,12174.59
134217728,1,11027.73,12170.92
268435456,1,22055.41,12170.96
[0],MPI,startup():,Intel(R),MPI,Library,,Version,2019,Update,9,Build,20200923,(id:,abd58e492)
[0],MPI,startup():,Copyright,(C),2003-2020,Intel,Corporation.,All,rights,reserved.
[0],MPI,startup():,library,kind:,release
[0],MPI,startup():,libfabric,version:,1.10.1-impi
[0],MPI,startup():,libfabric,provider:,mlx
[0],MPI,startup():,Rank,Pid,Node,name,Pin,cpu
[0],MPI,startup():,0,7391,ct1pg-gnode001,{0,1,2,3,4,5,6,7,8,9,10,11,12,13,14,15,16,17,18,19,20,21,22,23,24,25,26,27,28,29,
[0],MPI,startup():,1,23796,ct1pg-gnode003,{0,1,2,3,4,5,6,7,8,9,10,11,12,13,14,15,16,17,18,19,20,21,22,23,24,25,26,27,28,29,
[0],MPI,startup():,I_MPI_ROOT=/opt/area/shared/programs/x86_64/intel/parallel_studio_xe_2020_update4_cluster_edition//compilers_and_libraries_2020.4.304/linux/mpi
[0],MPI,startup():,I_MPI_MPIRUN=mpirun
[0],MPI,startup():,I_MPI_HYDRA_RMK=pbs
[0],MPI,startup():,I_MPI_HYDRA_TOPOLIB=hwloc
[0],MPI,startup():,I_MPI_INTERNAL_MEM_POLICY=default
[0],MPI,startup():,I_MPI_DEBUG=5
#bytes,#repetitions,t[usec],Mbytes/sec
0,1000,1.27,0.00
1,1000,1.29,0.78
2,1000,1.29,1.56
4,1000,1.28,3.13
8,1000,1.27,6.28
16,1000,1.27,12.56
32,1000,1.30,24.68
64,1000,1.44,44.31
128,1000,1.47,87.05
256,1000,1.73,147.80
512,1000,1.79,285.79
1024,1000,1.97,520.40
2048,1000,2.57,795.63
4096,1000,3.28,1247.10
8192,1000,4.09,2001.23
16384,1000,5.88,2785.45
32768,1000,10.34,3168.59
65536,640,13.14,4987.63
131072,320,22.48,5831.02
262144,160,33.27,7879.01
524288,80,56.18,9332.75
1048576,40,98.45,10650.40
2097152,20,184.12,11389.98
4194304,10,353.69,11858.81
8388608,5,697.14,12032.92
16777216,2,1378.90,12167.14
33554432,1,2770.10,12113.06
67108864,1,5539.68,12114.21
134217728,1,10993.94,12208.33
268435456,1,21965.22,12220.93
[0],MPI,startup():,Intel(R),MPI,Library,,Version,2019,Update,9,Build,20200923,(id:,abd58e492)
[0],MPI,startup():,Copyright,(C),2003-2020,Intel,Corporation.,All,rights,reserved.
[0],MPI,startup():,library,kind:,release
[0],MPI,startup():,libfabric,version:,1.10.1-impi
[0],MPI,startup():,libfabric,provider:,mlx
[0],MPI,startup():,Rank,Pid,Node,name,Pin,cpu
[0],MPI,startup():,0,7415,ct1pg-gnode001,{0,1,2,3,4,5,6,7,8,9,10,11,12,13,14,15,16,17,18,19,20,21,22,23,24,25,26,27,28,29,
[0],MPI,startup():,1,23868,ct1pg-gnode003,{0,1,2,3,4,5,6,7,8,9,10,11,12,13,14,15,16,17,18,19,20,21,22,23,24,25,26,27,28,29,
[0],MPI,startup():,I_MPI_ROOT=/opt/area/shared/programs/x86_64/intel/parallel_studio_xe_2020_update4_cluster_edition//compilers_and_libraries_2020.4.304/linux/mpi
[0],MPI,startup():,I_MPI_MPIRUN=mpirun
[0],MPI,startup():,I_MPI_HYDRA_RMK=pbs
[0],MPI,startup():,I_MPI_HYDRA_TOPOLIB=hwloc
[0],MPI,startup():,I_MPI_INTERNAL_MEM_POLICY=default
[0],MPI,startup():,I_MPI_DEBUG=5
#bytes,#repetitions,t[usec],Mbytes/sec
0,1000,1.36,0.00
1,1000,1.35,0.74
2,1000,1.36,1.47
4,1000,1.36,2.94
8,1000,1.35,5.94
16,1000,1.35,11.84
32,1000,1.38,23.18
64,1000,1.56,41.07
128,1000,1.61,79.31
256,1000,1.88,135.81
512,1000,1.95,262.00
1024,1000,2.15,476.33
2048,1000,2.86,715.19
4096,1000,3.62,1130.86
8192,1000,4.57,1792.27
16384,1000,6.31,2596.39
32768,1000,10.66,3073.77
65536,640,13.64,4804.37
131072,320,22.66,5784.97
262144,160,33.51,7821.73
524288,80,57.98,9042.11
1048576,40,98.85,10608.03
2097152,20,184.07,11392.92
4194304,10,356.25,11773.48
8388608,5,701.69,11954.78
16777216,2,1386.01,12104.68
33554432,1,2765.30,12134.11
67108864,1,5530.67,12133.96
134217728,1,10986.06,12217.10
268435456,1,22067.67,12164.19
[0],MPI,startup():,Intel(R),MPI,Library,,Version,2019,Update,9,Build,20200923,(id:,abd58e492)
[0],MPI,startup():,Copyright,(C),2003-2020,Intel,Corporation.,All,rights,reserved.
[0],MPI,startup():,library,kind:,release
[0],MPI,startup():,libfabric,version:,1.10.1-impi
[0],MPI,startup():,libfabric,provider:,mlx
[0],MPI,startup():,Rank,Pid,Node,name,Pin,cpu
[0],MPI,startup():,0,7442,ct1pg-gnode001,{0,1,2,3,4,5,6,7,8,9,10,11,12,13,14,15,16,17,18,19,20,21,22,23,24,25,26,27,28,29,
[0],MPI,startup():,1,23943,ct1pg-gnode003,{0,1,2,3,4,5,6,7,8,9,10,11,12,13,14,15,16,17,18,19,20,21,22,23,24,25,26,27,28,29,
[0],MPI,startup():,I_MPI_ROOT=/opt/area/shared/programs/x86_64/intel/parallel_studio_xe_2020_update4_cluster_edition//compilers_and_libraries_2020.4.304/linux/mpi
[0],MPI,startup():,I_MPI_MPIRUN=mpirun
[0],MPI,startup():,I_MPI_HYDRA_RMK=pbs
[0],MPI,startup():,I_MPI_HYDRA_TOPOLIB=hwloc
[0],MPI,startup():,I_MPI_INTERNAL_MEM_POLICY=default
[0],MPI,startup():,I_MPI_DEBUG=5
#bytes,#repetitions,t[usec],Mbytes/sec
0,1000,1.27,0.00
1,1000,1.28,0.78
2,1000,1.28,1.56
4,1000,1.29,3.10
8,1000,1.28,6.26
16,1000,1.29,12.42
32,1000,1.30,24.57
64,1000,1.43,44.82
128,1000,1.47,87.07
256,1000,1.73,148.22
512,1000,1.78,288.00
1024,1000,1.95,524.85
2048,1000,2.59,790.87
4096,1000,3.31,1236.98
8192,1000,4.21,1945.25
16384,1000,5.91,2772.55
32768,1000,10.35,3165.39
65536,640,13.39,4894.48
131072,320,22.37,5860.05
262144,160,33.42,7844.16
524288,80,55.17,9502.47
1048576,40,98.72,10621.40
2097152,20,185.99,11275.73
4194304,10,354.60,11828.31
8388608,5,700.08,11982.41
16777216,2,1384.87,12114.69
33554432,1,2777.85,12079.29
67108864,1,5521.07,12155.05
134217728,1,11034.83,12163.10
268435456,1,22003.75,12199.53
[0],MPI,startup():,Intel(R),MPI,Library,,Version,2019,Update,9,Build,20200923,(id:,abd58e492)
[0],MPI,startup():,Copyright,(C),2003-2020,Intel,Corporation.,All,rights,reserved.
[0],MPI,startup():,library,kind:,release
[0],MPI,startup():,libfabric,version:,1.10.1-impi
[0],MPI,startup():,libfabric,provider:,mlx
[0],MPI,startup():,Rank,Pid,Node,name,Pin,cpu
[0],MPI,startup():,0,7469,ct1pg-gnode001,{0,1,2,3,4,5,6,7,8,9,10,11,12,13,14,15,16,17,18,19,20,21,22,23,24,25,26,27,28,29,
[0],MPI,startup():,1,24016,ct1pg-gnode003,{0,1,2,3,4,5,6,7,8,9,10,11,12,13,14,15,16,17,18,19,20,21,22,23,24,25,26,27,28,29,
[0],MPI,startup():,I_MPI_ROOT=/opt/area/shared/programs/x86_64/intel/parallel_studio_xe_2020_update4_cluster_edition//compilers_and_libraries_2020.4.304/linux/mpi
[0],MPI,startup():,I_MPI_MPIRUN=mpirun
[0],MPI,startup():,I_MPI_HYDRA_RMK=pbs
[0],MPI,startup():,I_MPI_HYDRA_TOPOLIB=hwloc
[0],MPI,startup():,I_MPI_INTERNAL_MEM_POLICY=default
[0],MPI,startup():,I_MPI_DEBUG=5
#bytes,#repetitions,t[usec],Mbytes/sec
0,1000,1.28,0.00
1,1000,1.28,0.78
2,1000,1.30,1.54
4,1000,1.31,3.06
8,1000,1.29,6.22
16,1000,1.29,12.43
32,1000,1.31,24.37
64,1000,1.44,44.58
128,1000,1.48,86.48
256,1000,1.75,146.55
512,1000,1.81,283.16
1024,1000,1.97,519.08
2048,1000,2.62,780.86
4096,1000,3.31,1235.69
8192,1000,4.17,1965.73
16384,1000,5.92,2766.00
32768,1000,10.48,3126.98
65536,640,13.21,4962.09
131072,320,22.59,5801.18
262144,160,33.24,7886.17
524288,80,57.99,9041.78
1048576,40,98.57,10638.42
2097152,20,186.12,11267.56
4194304,10,357.55,11730.68
8388608,5,697.31,12030.04
16777216,2,1384.41,12118.65
33554432,1,2780.70,12066.89
67108864,1,5514.07,12170.47
134217728,1,11034.58,12163.38
268435456,1,21918.80,12246.81
