[0],MPI,startup():,Intel(R),MPI,Library,,Version,2019,Update,9,Build,20200923,(id:,abd58e492)
[0],MPI,startup():,Copyright,(C),2003-2020,Intel,Corporation.,All,rights,reserved.
[0],MPI,startup():,library,kind:,release
[0],MPI,startup():,libfabric,version:,1.10.1-impi
[0],MPI,startup():,libfabric,provider:,mlx
[0],MPI,startup():,Rank,Pid,Node,name,Pin,cpu
[0],MPI,startup():,0,17052,ct1pg-gnode001,0
[0],MPI,startup():,1,17053,ct1pg-gnode001,1
[0],MPI,startup():,I_MPI_ROOT=/opt/area/shared/programs/x86_64/intel/parallel_studio_xe_2020_update4_cluster_edition//compilers_and_libraries_2020.4.304/linux/mpi
[0],MPI,startup():,I_MPI_MPIRUN=mpirun
[0],MPI,startup():,I_MPI_HYDRA_RMK=pbs
[0],MPI,startup():,I_MPI_HYDRA_TOPOLIB=hwloc
[0],MPI,startup():,I_MPI_PIN_PROCESSOR_LIST=0,1
[0],MPI,startup():,I_MPI_INTERNAL_MEM_POLICY=default
[0],MPI,startup():,I_MPI_DEBUG=5
#bytes,#repetitions,t[usec],Mbytes/sec
0,1000,0.48,0.00
1,1000,0.48,2.08
2,1000,0.49,4.12
4,1000,0.48,8.40
8,1000,0.48,16.54
16,1000,0.48,33.54
32,1000,0.50,63.98
64,1000,0.50,129.17
128,1000,0.60,214.59
256,1000,0.65,395.79
512,1000,0.98,523.39
1024,1000,1.04,983.38
2048,1000,1.17,1744.49
4096,1000,1.59,2573.99
8192,1000,2.14,3827.58
16384,1000,3.59,4568.04
32768,1000,7.51,4363.78
65536,640,12.97,5054.64
131072,320,22.96,5708.39
262144,160,44.83,5847.80
524288,80,84.06,6237.22
1048576,40,165.92,6319.91
2097152,20,327.25,6408.35
4194304,10,651.66,6436.38
8388608,5,1357.32,6180.28
16777216,2,3075.70,5454.77
33554432,1,7325.17,4580.70
67108864,1,14836.74,4523.15
134217728,1,29756.70,4510.50
268435456,1,66654.02,4027.30
[0],MPI,startup():,Intel(R),MPI,Library,,Version,2019,Update,9,Build,20200923,(id:,abd58e492)
[0],MPI,startup():,Copyright,(C),2003-2020,Intel,Corporation.,All,rights,reserved.
[0],MPI,startup():,library,kind:,release
[0],MPI,startup():,libfabric,version:,1.10.1-impi
[0],MPI,startup():,libfabric,provider:,mlx
[0],MPI,startup():,Rank,Pid,Node,name,Pin,cpu
[0],MPI,startup():,0,17190,ct1pg-gnode001,0
[0],MPI,startup():,1,17191,ct1pg-gnode001,1
[0],MPI,startup():,I_MPI_ROOT=/opt/area/shared/programs/x86_64/intel/parallel_studio_xe_2020_update4_cluster_edition//compilers_and_libraries_2020.4.304/linux/mpi
[0],MPI,startup():,I_MPI_MPIRUN=mpirun
[0],MPI,startup():,I_MPI_HYDRA_RMK=pbs
[0],MPI,startup():,I_MPI_HYDRA_TOPOLIB=hwloc
[0],MPI,startup():,I_MPI_PIN_PROCESSOR_LIST=0,1
[0],MPI,startup():,I_MPI_INTERNAL_MEM_POLICY=default
[0],MPI,startup():,I_MPI_DEBUG=5
#bytes,#repetitions,t[usec],Mbytes/sec
0,1000,0.47,0.00
1,1000,0.48,2.10
2,1000,0.48,4.19
4,1000,0.48,8.41
8,1000,0.48,16.68
16,1000,0.47,33.75
32,1000,0.50,63.84
64,1000,0.50,128.51
128,1000,0.59,216.29
256,1000,0.63,403.85
512,1000,0.98,522.86
1024,1000,1.03,992.25
2048,1000,1.18,1741.02
4096,1000,1.62,2527.94
8192,1000,2.20,3721.68
16384,1000,3.57,4587.13
32768,1000,5.26,6228.76
65536,640,9.26,7074.68
131072,320,15.08,8692.13
262144,160,28.90,9069.28
524288,80,67.73,7740.75
1048576,40,131.93,7948.12
2097152,20,255.79,8198.87
4194304,10,513.17,8173.29
8388608,5,1044.38,8032.15
16777216,2,2433.47,6894.36
33554432,1,7844.73,4277.32
67108864,1,15762.06,4257.62
134217728,1,29949.12,4481.52
268435456,1,51737.83,5188.38
[0],MPI,startup():,Intel(R),MPI,Library,,Version,2019,Update,9,Build,20200923,(id:,abd58e492)
[0],MPI,startup():,Copyright,(C),2003-2020,Intel,Corporation.,All,rights,reserved.
[0],MPI,startup():,library,kind:,release
[0],MPI,startup():,libfabric,version:,1.10.1-impi
[0],MPI,startup():,libfabric,provider:,mlx
[0],MPI,startup():,Rank,Pid,Node,name,Pin,cpu
[0],MPI,startup():,0,17326,ct1pg-gnode001,0
[0],MPI,startup():,1,17327,ct1pg-gnode001,1
[0],MPI,startup():,I_MPI_ROOT=/opt/area/shared/programs/x86_64/intel/parallel_studio_xe_2020_update4_cluster_edition//compilers_and_libraries_2020.4.304/linux/mpi
[0],MPI,startup():,I_MPI_MPIRUN=mpirun
[0],MPI,startup():,I_MPI_HYDRA_RMK=pbs
[0],MPI,startup():,I_MPI_HYDRA_TOPOLIB=hwloc
[0],MPI,startup():,I_MPI_PIN_PROCESSOR_LIST=0,1
[0],MPI,startup():,I_MPI_INTERNAL_MEM_POLICY=default
[0],MPI,startup():,I_MPI_DEBUG=5
#bytes,#repetitions,t[usec],Mbytes/sec
0,1000,0.47,0.00
1,1000,0.48,2.10
2,1000,0.48,4.18
4,1000,0.48,8.37
8,1000,0.47,16.85
16,1000,0.47,33.70
32,1000,0.51,63.09
64,1000,0.50,127.90
128,1000,0.59,215.72
256,1000,0.63,407.51
512,1000,0.98,524.48
1024,1000,1.02,1000.76
2048,1000,1.16,1763.14
4096,1000,1.69,2428.01
8192,1000,2.08,3946.76
16384,1000,3.54,4634.37
32768,1000,5.41,6053.89
65536,640,9.27,7068.57
131072,320,15.46,8476.50
262144,160,28.08,9334.15
524288,80,67.32,7787.46
1048576,40,132.07,7939.79
2097152,20,258.58,8110.34
4194304,10,509.79,8227.59
8388608,5,1055.01,7951.24
16777216,2,2304.59,7279.90
33554432,1,7899.26,4247.80
67108864,1,15846.98,4234.80
134217728,1,29877.23,4492.31
268435456,1,51729.93,5189.17
[0],MPI,startup():,Intel(R),MPI,Library,,Version,2019,Update,9,Build,20200923,(id:,abd58e492)
[0],MPI,startup():,Copyright,(C),2003-2020,Intel,Corporation.,All,rights,reserved.
[0],MPI,startup():,library,kind:,release
[0],MPI,startup():,libfabric,version:,1.10.1-impi
[0],MPI,startup():,libfabric,provider:,mlx
[0],MPI,startup():,Rank,Pid,Node,name,Pin,cpu
[0],MPI,startup():,0,17463,ct1pg-gnode001,0
[0],MPI,startup():,1,17464,ct1pg-gnode001,1
[0],MPI,startup():,I_MPI_ROOT=/opt/area/shared/programs/x86_64/intel/parallel_studio_xe_2020_update4_cluster_edition//compilers_and_libraries_2020.4.304/linux/mpi
[0],MPI,startup():,I_MPI_MPIRUN=mpirun
[0],MPI,startup():,I_MPI_HYDRA_RMK=pbs
[0],MPI,startup():,I_MPI_HYDRA_TOPOLIB=hwloc
[0],MPI,startup():,I_MPI_PIN_PROCESSOR_LIST=0,1
[0],MPI,startup():,I_MPI_INTERNAL_MEM_POLICY=default
[0],MPI,startup():,I_MPI_DEBUG=5
#bytes,#repetitions,t[usec],Mbytes/sec
0,1000,0.48,0.00
1,1000,0.48,2.08
2,1000,0.48,4.18
4,1000,0.48,8.36
8,1000,0.48,16.68
16,1000,0.48,33.48
32,1000,0.51,62.99
64,1000,0.50,127.13
128,1000,0.59,215.24
256,1000,0.63,403.76
512,1000,0.97,529.70
1024,1000,1.00,1028.04
2048,1000,1.14,1799.10
4096,1000,1.60,2556.13
8192,1000,2.10,3896.18
16384,1000,3.37,4868.36
32768,1000,5.29,6191.87
65536,640,9.21,7112.59
131072,320,15.10,8679.95
262144,160,27.78,9436.71
524288,80,67.63,7751.94
1048576,40,131.66,7964.10
2097152,20,257.22,8153.22
4194304,10,507.91,8258.03
8388608,5,1048.23,8002.60
16777216,2,2321.43,7227.12
33554432,1,7918.69,4237.37
67108864,1,15691.90,4276.66
134217728,1,30221.11,4441.19
268435456,1,51783.59,5183.79
[0],MPI,startup():,Intel(R),MPI,Library,,Version,2019,Update,9,Build,20200923,(id:,abd58e492)
[0],MPI,startup():,Copyright,(C),2003-2020,Intel,Corporation.,All,rights,reserved.
[0],MPI,startup():,library,kind:,release
[0],MPI,startup():,libfabric,version:,1.10.1-impi
[0],MPI,startup():,libfabric,provider:,mlx
[0],MPI,startup():,Rank,Pid,Node,name,Pin,cpu
[0],MPI,startup():,0,17604,ct1pg-gnode001,0
[0],MPI,startup():,1,17605,ct1pg-gnode001,1
[0],MPI,startup():,I_MPI_ROOT=/opt/area/shared/programs/x86_64/intel/parallel_studio_xe_2020_update4_cluster_edition//compilers_and_libraries_2020.4.304/linux/mpi
[0],MPI,startup():,I_MPI_MPIRUN=mpirun
[0],MPI,startup():,I_MPI_HYDRA_RMK=pbs
[0],MPI,startup():,I_MPI_HYDRA_TOPOLIB=hwloc
[0],MPI,startup():,I_MPI_PIN_PROCESSOR_LIST=0,1
[0],MPI,startup():,I_MPI_INTERNAL_MEM_POLICY=default
[0],MPI,startup():,I_MPI_DEBUG=5
#bytes,#repetitions,t[usec],Mbytes/sec
0,1000,0.47,0.00
1,1000,0.47,2.11
2,1000,0.48,4.20
4,1000,0.48,8.41
8,1000,0.48,16.67
16,1000,0.47,33.70
32,1000,0.50,64.22
64,1000,0.50,127.34
128,1000,0.59,218.47
256,1000,0.63,408.64
512,1000,0.93,548.99
1024,1000,0.98,1047.42
2048,1000,1.11,1851.54
4096,1000,1.57,2610.47
8192,1000,2.06,3981.02
16384,1000,3.34,4906.67
32768,1000,5.42,6041.24
65536,640,9.28,7064.35
131072,320,15.25,8592.33
262144,160,28.11,9324.55
524288,80,67.18,7804.50
1048576,40,132.29,7926.34
2097152,20,257.19,8154.23
4194304,10,510.95,8208.76
8388608,5,1056.14,7942.71
16777216,2,2398.59,6994.61
33554432,1,7879.63,4258.37
67108864,1,15764.49,4256.96
134217728,1,29914.11,4486.77
268435456,1,51900.44,5172.12
[0],MPI,startup():,Intel(R),MPI,Library,,Version,2019,Update,9,Build,20200923,(id:,abd58e492)
[0],MPI,startup():,Copyright,(C),2003-2020,Intel,Corporation.,All,rights,reserved.
[0],MPI,startup():,library,kind:,release
[0],MPI,startup():,libfabric,version:,1.10.1-impi
[0],MPI,startup():,libfabric,provider:,mlx
[0],MPI,startup():,Rank,Pid,Node,name,Pin,cpu
[0],MPI,startup():,0,17748,ct1pg-gnode001,0
[0],MPI,startup():,1,17749,ct1pg-gnode001,1
[0],MPI,startup():,I_MPI_ROOT=/opt/area/shared/programs/x86_64/intel/parallel_studio_xe_2020_update4_cluster_edition//compilers_and_libraries_2020.4.304/linux/mpi
[0],MPI,startup():,I_MPI_MPIRUN=mpirun
[0],MPI,startup():,I_MPI_HYDRA_RMK=pbs
[0],MPI,startup():,I_MPI_HYDRA_TOPOLIB=hwloc
[0],MPI,startup():,I_MPI_PIN_PROCESSOR_LIST=0,1
[0],MPI,startup():,I_MPI_INTERNAL_MEM_POLICY=default
[0],MPI,startup():,I_MPI_DEBUG=5
#bytes,#repetitions,t[usec],Mbytes/sec
0,1000,0.47,0.00
1,1000,0.48,2.10
2,1000,0.48,4.18
4,1000,0.47,8.43
8,1000,0.48,16.77
16,1000,0.47,33.76
32,1000,0.51,63.35
64,1000,0.50,128.03
128,1000,0.60,214.54
256,1000,0.64,400.44
512,1000,0.96,533.36
1024,1000,0.99,1030.93
2048,1000,1.13,1818.26
4096,1000,1.64,2491.66
8192,1000,2.04,4008.24
16384,1000,3.56,4605.53
32768,1000,5.47,5988.64
65536,640,9.25,7082.51
131072,320,15.39,8514.32
262144,160,29.20,8978.03
524288,80,67.71,7743.69
1048576,40,131.58,7969.14
2097152,20,256.71,8169.43
4194304,10,508.67,8245.69
8388608,5,1072.29,7823.09
16777216,2,2290.16,7325.78
33554432,1,7904.63,4244.91
67108864,1,15778.95,4253.06
134217728,1,29832.17,4499.09
268435456,1,51909.21,5171.25
[0],MPI,startup():,Intel(R),MPI,Library,,Version,2019,Update,9,Build,20200923,(id:,abd58e492)
[0],MPI,startup():,Copyright,(C),2003-2020,Intel,Corporation.,All,rights,reserved.
[0],MPI,startup():,library,kind:,release
[0],MPI,startup():,libfabric,version:,1.10.1-impi
[0],MPI,startup():,libfabric,provider:,mlx
[0],MPI,startup():,Rank,Pid,Node,name,Pin,cpu
[0],MPI,startup():,0,17892,ct1pg-gnode001,0
[0],MPI,startup():,1,17893,ct1pg-gnode001,1
[0],MPI,startup():,I_MPI_ROOT=/opt/area/shared/programs/x86_64/intel/parallel_studio_xe_2020_update4_cluster_edition//compilers_and_libraries_2020.4.304/linux/mpi
[0],MPI,startup():,I_MPI_MPIRUN=mpirun
[0],MPI,startup():,I_MPI_HYDRA_RMK=pbs
[0],MPI,startup():,I_MPI_HYDRA_TOPOLIB=hwloc
[0],MPI,startup():,I_MPI_PIN_PROCESSOR_LIST=0,1
[0],MPI,startup():,I_MPI_INTERNAL_MEM_POLICY=default
[0],MPI,startup():,I_MPI_DEBUG=5
#bytes,#repetitions,t[usec],Mbytes/sec
0,1000,0.47,0.00
1,1000,0.48,2.09
2,1000,0.48,4.20
4,1000,0.48,8.42
8,1000,0.47,16.93
16,1000,0.48,33.57
32,1000,0.50,63.68
64,1000,0.50,128.06
128,1000,0.59,215.18
256,1000,0.64,400.16
512,1000,0.97,529.64
1024,1000,1.02,1001.99
2048,1000,1.15,1773.34
4096,1000,1.66,2474.73
8192,1000,2.11,3886.61
16384,1000,3.47,4716.58
32768,1000,5.39,6076.97
65536,640,9.20,7123.50
131072,320,15.16,8647.26
262144,160,27.80,9428.30
524288,80,67.11,7812.63
1048576,40,131.75,7958.93
2097152,20,256.33,8181.59
4194304,10,507.99,8256.65
8388608,5,1064.26,7882.11
16777216,2,2290.44,7324.87
33554432,1,7877.45,4259.56
67108864,1,15775.31,4254.04
134217728,1,29656.35,4525.77
268435456,1,52003.79,5161.84
[0],MPI,startup():,Intel(R),MPI,Library,,Version,2019,Update,9,Build,20200923,(id:,abd58e492)
[0],MPI,startup():,Copyright,(C),2003-2020,Intel,Corporation.,All,rights,reserved.
[0],MPI,startup():,library,kind:,release
[0],MPI,startup():,libfabric,version:,1.10.1-impi
[0],MPI,startup():,libfabric,provider:,mlx
[0],MPI,startup():,Rank,Pid,Node,name,Pin,cpu
[0],MPI,startup():,0,18028,ct1pg-gnode001,0
[0],MPI,startup():,1,18029,ct1pg-gnode001,1
[0],MPI,startup():,I_MPI_ROOT=/opt/area/shared/programs/x86_64/intel/parallel_studio_xe_2020_update4_cluster_edition//compilers_and_libraries_2020.4.304/linux/mpi
[0],MPI,startup():,I_MPI_MPIRUN=mpirun
[0],MPI,startup():,I_MPI_HYDRA_RMK=pbs
[0],MPI,startup():,I_MPI_HYDRA_TOPOLIB=hwloc
[0],MPI,startup():,I_MPI_PIN_PROCESSOR_LIST=0,1
[0],MPI,startup():,I_MPI_INTERNAL_MEM_POLICY=default
[0],MPI,startup():,I_MPI_DEBUG=5
#bytes,#repetitions,t[usec],Mbytes/sec
0,1000,0.47,0.00
1,1000,0.47,2.11
2,1000,0.47,4.21
4,1000,0.48,8.41
8,1000,0.47,16.85
16,1000,0.47,33.91
32,1000,0.51,63.34
64,1000,0.50,128.12
128,1000,0.59,215.26
256,1000,0.64,402.17
512,1000,0.96,532.73
1024,1000,0.99,1037.17
2048,1000,1.15,1782.84
4096,1000,1.52,2692.03
8192,1000,2.11,3888.41
16384,1000,3.52,4651.71
32768,1000,5.42,6046.18
65536,640,9.46,6926.16
131072,320,15.37,8526.77
262144,160,28.81,9099.73
524288,80,67.67,7747.33
1048576,40,132.08,7938.80
2097152,20,258.36,8117.14
4194304,10,511.07,8206.96
8388608,5,1051.52,7977.58
16777216,2,2380.42,7048.02
33554432,1,7898.04,4248.45
67108864,1,15735.95,4264.68
134217728,1,29746.36,4512.07
268435456,1,51616.56,5200.57
[0],MPI,startup():,Intel(R),MPI,Library,,Version,2019,Update,9,Build,20200923,(id:,abd58e492)
[0],MPI,startup():,Copyright,(C),2003-2020,Intel,Corporation.,All,rights,reserved.
[0],MPI,startup():,library,kind:,release
[0],MPI,startup():,libfabric,version:,1.10.1-impi
[0],MPI,startup():,libfabric,provider:,mlx
[0],MPI,startup():,Rank,Pid,Node,name,Pin,cpu
[0],MPI,startup():,0,18165,ct1pg-gnode001,0
[0],MPI,startup():,1,18166,ct1pg-gnode001,1
[0],MPI,startup():,I_MPI_ROOT=/opt/area/shared/programs/x86_64/intel/parallel_studio_xe_2020_update4_cluster_edition//compilers_and_libraries_2020.4.304/linux/mpi
[0],MPI,startup():,I_MPI_MPIRUN=mpirun
[0],MPI,startup():,I_MPI_HYDRA_RMK=pbs
[0],MPI,startup():,I_MPI_HYDRA_TOPOLIB=hwloc
[0],MPI,startup():,I_MPI_PIN_PROCESSOR_LIST=0,1
[0],MPI,startup():,I_MPI_INTERNAL_MEM_POLICY=default
[0],MPI,startup():,I_MPI_DEBUG=5
#bytes,#repetitions,t[usec],Mbytes/sec
0,1000,0.48,0.00
1,1000,0.48,2.08
2,1000,0.48,4.15
4,1000,0.48,8.32
8,1000,0.48,16.69
16,1000,0.48,33.27
32,1000,0.51,63.06
64,1000,0.50,127.02
128,1000,0.60,213.84
256,1000,0.64,403.02
512,1000,0.96,535.48
1024,1000,0.98,1041.47
2048,1000,1.12,1826.86
4096,1000,1.52,2689.36
8192,1000,2.03,4041.19
16384,1000,3.45,4752.65
32768,1000,5.47,5994.38
65536,640,9.43,6949.27
131072,320,15.33,8552.62
262144,160,27.98,9368.52
524288,80,67.79,7734.37
1048576,40,132.79,7896.40
2097152,20,257.60,8141.09
4194304,10,511.16,8205.49
8388608,5,1045.56,8023.05
16777216,2,2410.53,6959.98
33554432,1,7907.40,4243.42
67108864,1,15811.82,4244.22
134217728,1,29718.11,4516.36
268435456,1,51943.22,5167.86
[0],MPI,startup():,Intel(R),MPI,Library,,Version,2019,Update,9,Build,20200923,(id:,abd58e492)
[0],MPI,startup():,Copyright,(C),2003-2020,Intel,Corporation.,All,rights,reserved.
[0],MPI,startup():,library,kind:,release
[0],MPI,startup():,libfabric,version:,1.10.1-impi
[0],MPI,startup():,libfabric,provider:,mlx
[0],MPI,startup():,Rank,Pid,Node,name,Pin,cpu
[0],MPI,startup():,0,18305,ct1pg-gnode001,0
[0],MPI,startup():,1,18306,ct1pg-gnode001,1
[0],MPI,startup():,I_MPI_ROOT=/opt/area/shared/programs/x86_64/intel/parallel_studio_xe_2020_update4_cluster_edition//compilers_and_libraries_2020.4.304/linux/mpi
[0],MPI,startup():,I_MPI_MPIRUN=mpirun
[0],MPI,startup():,I_MPI_HYDRA_RMK=pbs
[0],MPI,startup():,I_MPI_HYDRA_TOPOLIB=hwloc
[0],MPI,startup():,I_MPI_PIN_PROCESSOR_LIST=0,1
[0],MPI,startup():,I_MPI_INTERNAL_MEM_POLICY=default
[0],MPI,startup():,I_MPI_DEBUG=5
#bytes,#repetitions,t[usec],Mbytes/sec
0,1000,0.47,0.00
1,1000,0.47,2.11
2,1000,0.48,4.20
4,1000,0.48,8.41
8,1000,0.47,16.88
16,1000,0.48,33.67
32,1000,0.50,63.68
64,1000,0.50,127.11
128,1000,0.58,220.05
256,1000,0.64,402.15
512,1000,0.95,541.61
1024,1000,0.99,1036.21
2048,1000,1.12,1834.95
4096,1000,1.63,2519.87
8192,1000,2.05,3999.22
16384,1000,3.44,4763.42
32768,1000,5.29,6197.99
65536,640,9.25,7081.95
131072,320,14.99,8744.78
262144,160,28.52,9192.50
524288,80,67.51,7766.49
1048576,40,132.37,7921.27
2097152,20,257.53,8143.28
4194304,10,508.74,8244.46
8388608,5,1040.53,8061.85
16777216,2,2415.08,6946.86
33554432,1,7887.56,4254.09
67108864,1,15778.06,4253.30
134217728,1,29896.11,4489.47
268435456,1,51781.61,5183.99
