#bytes,#repetitions,t[usec],Mbytes/sec
0,1000,1.36,0.00
1,1000,1.35,0.74
2,1000,1.35,1.48
4,1000,1.35,2.96
8,1000,1.35,5.91
16,1000,1.36,11.80
32,1000,1.39,23.03
64,1000,1.68,38.07
128,1000,1.72,74.25
256,1000,2.00,128.11
512,1000,2.07,247.61
1024,1000,2.30,444.36
2048,1000,2.98,688.12
4096,1000,3.92,1044.23
8192,1000,5.49,1490.85
16384,1000,7.28,2251.90
32768,1000,10.08,3249.34
65536,640,14.50,4519.66
131072,320,23.54,5568.89
262144,160,33.97,7716.61
524288,80,55.95,9371.44
1048576,40,98.91,10601.69
2097152,20,185.87,11282.87
4194304,10,355.15,11810.07
8388608,5,698.36,12011.85
16777216,2,1383.41,12127.41
33554432,1,2763.29,12142.95
67108864,1,5515.23,12167.93
134217728,1,11033.38,12164.70
268435456,1,22109.23,12141.33
#bytes,#repetitions,t[usec],Mbytes/sec
0,1000,1.37,0.00
1,1000,1.36,0.74
2,1000,1.36,1.47
4,1000,1.36,2.94
8,1000,1.36,5.88
16,1000,1.36,11.73
32,1000,1.39,22.96
64,1000,1.68,38.12
128,1000,1.73,73.91
256,1000,1.98,128.98
512,1000,2.07,247.12
1024,1000,2.30,445.05
2048,1000,2.98,687.16
4096,1000,3.92,1044.93
8192,1000,5.51,1486.67
16384,1000,7.28,2250.98
32768,1000,10.05,3261.00
65536,640,14.48,4525.15
131072,320,23.50,5578.08
262144,160,33.93,7727.06
524288,80,58.13,9019.64
1048576,40,99.29,10560.74
2097152,20,184.82,11347.04
4194304,10,356.85,11753.55
8388608,5,697.58,12025.26
16777216,2,1383.55,12126.21
33554432,1,2767.93,12122.57
67108864,1,5505.04,12190.44
134217728,1,11041.29,12155.99
268435456,1,22101.44,12145.61
#bytes,#repetitions,t[usec],Mbytes/sec
0,1000,1.36,0.00
1,1000,1.36,0.74
2,1000,1.35,1.48
4,1000,1.36,2.95
8,1000,1.36,5.90
16,1000,1.36,11.78
32,1000,1.39,23.05
64,1000,1.66,38.47
128,1000,1.71,75.07
256,1000,1.99,128.63
512,1000,2.06,248.81
1024,1000,2.27,451.29
2048,1000,2.97,689.85
4096,1000,3.93,1042.87
8192,1000,5.51,1487.64
16384,1000,7.29,2247.68
32768,1000,10.03,3267.44
65536,640,14.49,4521.40
131072,320,23.57,5561.52
262144,160,33.93,7725.45
524288,80,55.98,9366.16
1048576,40,98.81,10611.76
2097152,20,185.97,11276.88
4194304,10,355.09,11811.84
8388608,5,698.55,12008.68
16777216,2,1382.26,12137.51
33554432,1,2760.15,12156.75
67108864,1,5511.63,12175.87
134217728,1,11038.94,12158.57
268435456,1,22113.51,12138.98
#bytes,#repetitions,t[usec],Mbytes/sec
0,1000,1.37,0.00
1,1000,1.35,0.74
2,1000,1.35,1.48
4,1000,1.36,2.95
8,1000,1.36,5.90
16,1000,1.36,11.78
32,1000,1.40,22.90
64,1000,1.67,38.26
128,1000,1.72,74.58
256,1000,1.99,128.93
512,1000,2.06,248.00
1024,1000,2.30,445.25
2048,1000,2.97,690.31
4096,1000,3.91,1047.02
8192,1000,5.49,1491.02
16384,1000,7.26,2256.17
32768,1000,10.09,3246.17
65536,640,14.47,4527.74
131072,320,23.63,5547.32
262144,160,34.22,7661.32
524288,80,55.79,9397.29
1048576,40,98.81,10612.11
2097152,20,184.82,11346.71
4194304,10,354.70,11825.01
8388608,5,699.38,11994.28
16777216,2,1384.47,12118.13
33554432,1,2762.24,12147.53
67108864,1,5524.02,12148.55
134217728,1,11040.89,12156.42
268435456,1,22337.09,12017.48
#bytes,#repetitions,t[usec],Mbytes/sec
0,1000,1.37,0.00
1,1000,1.36,0.74
2,1000,1.36,1.48
4,1000,1.36,2.95
8,1000,1.37,5.85
16,1000,1.36,11.74
32,1000,1.39,23.04
64,1000,1.68,38.12
128,1000,1.72,74.32
256,1000,1.98,129.44
512,1000,2.07,246.93
1024,1000,2.29,448.02
2048,1000,2.97,689.51
4096,1000,3.97,1032.08
8192,1000,5.54,1479.12
16384,1000,7.34,2231.18
32768,1000,10.02,3271.28
65536,640,14.50,4519.01
131072,320,23.53,5570.41
262144,160,33.84,7746.70
524288,80,58.13,9019.65
1048576,40,98.93,10599.52
2097152,20,184.61,11359.64
4194304,10,355.08,11812.22
8388608,5,697.61,12024.82
16777216,2,1384.68,12116.30
33554432,1,2757.72,12167.47
67108864,1,5512.44,12174.08
134217728,1,11035.04,12162.87
268435456,1,22086.76,12153.68
#bytes,#repetitions,t[usec],Mbytes/sec
0,1000,1.36,0.00
1,1000,1.35,0.74
2,1000,1.35,1.48
4,1000,1.35,2.96
8,1000,1.35,5.92
16,1000,1.36,11.80
32,1000,1.39,23.02
64,1000,1.66,38.48
128,1000,1.71,74.68
256,1000,2.00,128.31
512,1000,2.05,249.23
1024,1000,2.27,450.36
2048,1000,2.97,689.87
4096,1000,3.92,1044.94
8192,1000,5.48,1493.86
16384,1000,7.28,2250.20
32768,1000,10.08,3251.66
65536,640,14.49,4524.17
131072,320,23.53,5571.47
262144,160,33.92,7727.48
524288,80,55.51,9444.81
1048576,40,98.84,10608.40
2097152,20,185.99,11275.40
4194304,10,354.95,11816.50
8388608,5,698.63,12007.20
16777216,2,1383.42,12127.38
33554432,1,2758.73,12162.98
67108864,1,5508.25,12183.33
134217728,1,11033.76,12164.28
268435456,1,22111.16,12140.27
#bytes,#repetitions,t[usec],Mbytes/sec
0,1000,1.36,0.00
1,1000,1.35,0.74
2,1000,1.35,1.48
4,1000,1.36,2.95
8,1000,1.35,5.91
16,1000,1.36,11.76
32,1000,1.40,22.89
64,1000,1.69,37.84
128,1000,1.74,73.58
256,1000,1.99,128.87
512,1000,2.08,245.73
1024,1000,2.30,445.03
2048,1000,2.97,689.16
4096,1000,3.92,1044.96
8192,1000,5.52,1483.99
16384,1000,7.31,2240.79
32768,1000,10.07,3253.12
65536,640,14.51,4516.98
131072,320,23.52,5571.64
262144,160,33.86,7740.95
524288,80,55.52,9443.98
1048576,40,98.79,10613.72
2097152,20,184.70,11354.08
4194304,10,354.54,11830.16
8388608,5,697.76,12022.17
16777216,2,1383.88,12123.31
33554432,1,2760.84,12153.71
67108864,1,5505.84,12188.66
134217728,1,11029.00,12169.53
268435456,1,22084.91,12154.70
#bytes,#repetitions,t[usec],Mbytes/sec
0,1000,1.36,0.00
1,1000,1.36,0.74
2,1000,1.36,1.47
4,1000,1.36,2.95
8,1000,1.36,5.89
16,1000,1.36,11.74
32,1000,1.39,23.06
64,1000,1.69,37.93
128,1000,1.73,74.00
256,1000,1.99,128.50
512,1000,2.08,246.56
1024,1000,2.27,450.75
2048,1000,2.98,687.94
4096,1000,3.97,1031.25
8192,1000,5.51,1486.10
16384,1000,7.33,2235.43
32768,1000,10.05,3260.85
65536,640,14.53,4510.86
131072,320,23.56,5562.70
262144,160,33.89,7736.14
524288,80,55.51,9445.64
1048576,40,98.80,10612.80
2097152,20,184.43,11371.09
4194304,10,355.10,11811.58
8388608,5,698.15,12015.56
16777216,2,1384.27,12119.93
33554432,1,2763.89,12140.31
67108864,1,5511.50,12176.16
134217728,1,11036.44,12161.33
268435456,1,22092.01,12150.79
#bytes,#repetitions,t[usec],Mbytes/sec
0,1000,1.35,0.00
1,1000,1.35,0.74
2,1000,1.35,1.48
4,1000,1.35,2.97
8,1000,1.35,5.92
16,1000,1.35,11.83
32,1000,1.38,23.13
64,1000,1.70,37.66
128,1000,1.73,73.82
256,1000,2.00,128.03
512,1000,2.08,246.49
1024,1000,2.27,450.25
2048,1000,2.98,687.76
4096,1000,3.91,1047.08
8192,1000,5.49,1490.87
16384,1000,7.26,2257.71
32768,1000,10.09,3246.39
65536,640,14.46,4533.49
131072,320,23.56,5563.74
262144,160,33.49,7827.22
524288,80,55.96,9369.13
1048576,40,98.93,10598.83
2097152,20,185.90,11281.22
4194304,10,355.69,11792.02
8388608,5,698.94,12001.83
16777216,2,1385.96,12105.09
33554432,1,2766.34,12129.54
67108864,1,5507.29,12185.47
134217728,1,11040.96,12156.35
268435456,1,22095.48,12148.88
#bytes,#repetitions,t[usec],Mbytes/sec
0,1000,1.36,0.00
1,1000,1.35,0.74
2,1000,1.35,1.49
4,1000,1.35,2.96
8,1000,1.36,5.90
16,1000,1.36,11.79
32,1000,1.38,23.13
64,1000,1.69,37.81
128,1000,1.72,74.49
256,1000,1.98,129.10
512,1000,2.05,249.46
1024,1000,2.27,450.14
2048,1000,2.99,685.35
4096,1000,3.93,1042.89
8192,1000,5.51,1487.13
16384,1000,7.30,2244.98
32768,1000,10.02,3268.93
65536,640,14.51,4517.93
131072,320,23.52,5573.84
262144,160,33.85,7743.45
524288,80,58.13,9019.80
1048576,40,99.02,10589.74
2097152,20,184.84,11346.05
4194304,10,357.58,11729.78
8388608,5,697.42,12027.98
16777216,2,1384.87,12114.67
33554432,1,2759.31,12160.42
67108864,1,5507.87,12184.19
134217728,1,11038.37,12159.20
268435456,1,22084.72,12154.80
