#bytes,#repetitions,t[usec],Mbytes/sec
0,1000,0.21,0.00
1,1000,0.20,4.90
2,1000,0.20,10.07
4,1000,0.20,20.26
8,1000,0.20,40.59
16,1000,0.19,86.10
32,1000,0.23,136.35
64,1000,0.24,272.34
128,1000,0.31,411.31
256,1000,0.34,761.38
512,1000,0.39,1298.22
1024,1000,0.50,2040.15
2048,1000,0.75,2719.45
4096,1000,1.12,3647.82
8192,1000,1.89,4323.32
16384,1000,3.07,5340.33
32768,1000,4.87,6731.58
65536,640,8.55,7666.76
131072,320,15.26,8591.86
262144,160,13.21,19847.87
524288,80,24.06,21793.96
1048576,40,53.38,19644.21
2097152,20,141.04,14869.19
4194304,10,325.18,12898.58
8388608,5,984.32,8522.28
16777216,2,2638.01,6359.81
33554432,1,5905.94,5681.47
67108864,1,12182.81,5508.49
134217728,1,24452.43,5488.93
268435456,1,48954.71,5483.34
#bytes,#repetitions,t[usec],Mbytes/sec
0,1000,0.20,0.00
1,1000,0.21,4.87
2,1000,0.18,10.82
4,1000,0.19,21.61
8,1000,0.19,43.14
16,1000,0.19,85.34
32,1000,0.23,140.70
64,1000,0.23,280.74
128,1000,0.31,416.28
256,1000,0.33,768.68
512,1000,0.38,1343.27
1024,1000,0.51,2005.30
2048,1000,0.76,2708.39
4096,1000,1.13,3625.02
8192,1000,1.98,4142.48
16384,1000,3.21,5108.76
32768,1000,5.36,6113.08
65536,640,9.28,7063.14
131072,320,16.20,8093.23
262144,160,15.58,16824.73
524288,80,28.39,18469.30
1048576,40,60.65,17287.85
2097152,20,150.84,13903.03
4194304,10,323.10,12981.50
8388608,5,981.74,8544.64
16777216,2,2641.22,6352.08
33554432,1,5925.25,5662.95
67108864,1,12173.77,5512.58
134217728,1,24443.64,5490.90
268435456,1,48866.49,5493.24
#bytes,#repetitions,t[usec],Mbytes/sec
0,1000,0.20,0.00
1,1000,0.21,4.87
2,1000,0.20,10.07
4,1000,0.19,21.23
8,1000,0.19,41.75
16,1000,0.19,83.78
32,1000,0.23,138.73
64,1000,0.23,280.27
128,1000,0.31,415.93
256,1000,0.34,759.20
512,1000,0.40,1275.93
1024,1000,0.50,2041.75
2048,1000,0.76,2709.82
4096,1000,1.13,3623.17
8192,1000,1.88,4357.01
16384,1000,2.98,5490.99
32768,1000,4.84,6764.55
65536,640,8.39,7810.66
131072,320,15.18,8631.92
262144,160,12.60,20798.35
524288,80,22.38,23424.62
1048576,40,51.92,20196.86
2097152,20,140.39,14937.95
4194304,10,324.51,12924.88
8388608,5,986.51,8503.32
16777216,2,2639.33,6356.63
33554432,1,5896.08,5690.97
67108864,1,12154.05,5521.52
134217728,1,25926.06,5176.94
268435456,1,48877.35,5492.02
#bytes,#repetitions,t[usec],Mbytes/sec
0,1000,0.23,0.00
1,1000,0.21,4.79
2,1000,0.20,9.92
4,1000,0.20,19.85
8,1000,0.19,42.36
16,1000,0.19,84.46
32,1000,0.23,138.71
64,1000,0.23,274.00
128,1000,0.31,407.98
256,1000,0.33,769.44
512,1000,0.40,1293.96
1024,1000,0.50,2031.31
2048,1000,0.75,2715.68
4096,1000,1.13,3620.64
8192,1000,1.88,4347.67
16384,1000,2.98,5496.34
32768,1000,4.84,6767.89
65536,640,8.41,7789.45
131072,320,15.78,8307.40
262144,160,14.08,18616.54
524288,80,25.36,20672.37
1048576,40,54.41,19273.08
2097152,20,146.00,14364.14
4194304,10,348.12,12048.61
8388608,5,987.72,8492.94
16777216,2,2629.09,6381.37
33554432,1,5906.30,5681.12
67108864,1,12192.90,5503.93
134217728,1,24436.13,5492.59
268435456,1,48842.52,5495.94
#bytes,#repetitions,t[usec],Mbytes/sec
0,1000,0.21,0.00
1,1000,0.19,5.39
2,1000,0.19,10.76
4,1000,0.19,21.49
8,1000,0.19,42.17
16,1000,0.19,84.72
32,1000,0.23,139.59
64,1000,0.23,280.70
128,1000,0.31,411.62
256,1000,0.33,785.12
512,1000,0.39,1317.28
1024,1000,0.51,2011.21
2048,1000,0.76,2682.37
4096,1000,1.13,3622.79
8192,1000,1.88,4358.41
16384,1000,2.98,5495.05
32768,1000,4.83,6781.89
65536,640,8.38,7819.57
131072,320,15.25,8597.38
262144,160,12.60,20804.35
524288,80,25.19,20811.32
1048576,40,55.38,18932.70
2097152,20,145.65,14398.67
4194304,10,343.22,12220.45
8388608,5,975.96,8595.22
16777216,2,2640.37,6354.12
33554432,1,5923.32,5664.80
67108864,1,12157.09,5520.14
134217728,1,24392.68,5502.38
268435456,1,51850.00,5177.15
#bytes,#repetitions,t[usec],Mbytes/sec
0,1000,0.20,0.00
1,1000,0.20,5.13
2,1000,0.19,10.75
4,1000,0.18,21.66
8,1000,0.19,42.75
16,1000,0.19,85.16
32,1000,0.23,141.20
64,1000,0.23,281.92
128,1000,0.31,413.98
256,1000,0.33,765.33
512,1000,0.39,1325.44
1024,1000,0.50,2036.98
2048,1000,0.75,2713.69
4096,1000,1.13,3629.78
8192,1000,1.88,4361.79
16384,1000,2.97,5521.78
32768,1000,4.81,6806.79
65536,640,8.33,7863.45
131072,320,15.15,8653.18
262144,160,13.87,18898.11
524288,80,25.43,20619.46
1048576,40,59.48,17629.40
2097152,20,151.02,13886.55
4194304,10,323.63,12960.36
8388608,5,983.02,8533.47
16777216,2,2630.99,6376.77
33554432,1,5960.06,5629.88
67108864,1,12197.20,5501.99
134217728,1,24467.01,5485.66
268435456,1,48980.99,5480.40
#bytes,#repetitions,t[usec],Mbytes/sec
0,1000,0.21,0.00
1,1000,0.20,4.93
2,1000,0.19,10.33
4,1000,0.19,21.01
8,1000,0.20,40.54
16,1000,0.20,81.65
32,1000,0.23,138.57
64,1000,0.23,281.49
128,1000,0.31,409.60
256,1000,0.33,778.92
512,1000,0.39,1324.09
1024,1000,0.50,2033.88
2048,1000,0.75,2724.99
4096,1000,1.13,3628.60
8192,1000,1.87,4371.28
16384,1000,2.98,5504.97
32768,1000,5.08,6454.59
65536,640,8.87,7387.24
131072,320,15.72,8336.67
262144,160,14.05,18661.54
524288,80,25.34,20687.26
1048576,40,54.92,19092.45
2097152,20,145.07,14455.98
4194304,10,325.94,12868.13
8388608,5,992.67,8450.52
16777216,2,2632.55,6372.99
33554432,1,5912.42,5675.24
67108864,1,12178.14,5510.60
134217728,1,24423.41,5495.45
268435456,1,51824.39,5179.71
#bytes,#repetitions,t[usec],Mbytes/sec
0,1000,0.21,0.00
1,1000,0.20,4.95
2,1000,0.19,10.35
4,1000,0.19,21.14
8,1000,0.19,42.26
16,1000,0.19,84.35
32,1000,0.23,142.20
64,1000,0.23,282.47
128,1000,0.32,402.13
256,1000,0.35,741.12
512,1000,0.40,1294.47
1024,1000,0.51,2009.92
2048,1000,0.76,2711.10
4096,1000,1.13,3618.95
8192,1000,1.88,4346.89
16384,1000,2.98,5494.88
32768,1000,4.84,6770.15
65536,640,8.36,7835.02
131072,320,15.14,8657.78
262144,160,12.60,20811.86
524288,80,22.31,23495.76
1048576,40,54.43,19264.75
2097152,20,144.92,14471.53
4194304,10,343.81,12199.43
8388608,5,988.86,8483.10
16777216,2,2623.48,6395.02
33554432,1,5923.86,5664.29
67108864,1,12180.31,5509.62
134217728,1,25916.16,5178.92
268435456,1,48908.97,5488.47
#bytes,#repetitions,t[usec],Mbytes/sec
0,1000,0.20,0.00
1,1000,0.19,5.21
2,1000,0.19,10.80
4,1000,0.18,21.64
8,1000,0.19,42.54
16,1000,0.19,85.28
32,1000,0.23,140.70
64,1000,0.23,282.44
128,1000,0.32,404.09
256,1000,0.33,775.02
512,1000,0.40,1287.86
1024,1000,0.51,1996.30
2048,1000,0.75,2714.84
4096,1000,1.13,3621.60
8192,1000,1.88,4357.08
16384,1000,2.98,5506.21
32768,1000,4.83,6787.54
65536,640,8.37,7826.34
131072,320,15.20,8624.52
262144,160,12.62,20764.19
524288,80,22.36,23446.93
1048576,40,52.54,19957.75
2097152,20,139.45,15038.29
4194304,10,323.66,12958.97
8388608,5,986.93,8499.73
16777216,2,2639.78,6355.54
33554432,1,5935.33,5653.33
67108864,1,12153.20,5521.91
134217728,1,25895.74,5183.00
268435456,1,48902.44,5489.20
#bytes,#repetitions,t[usec],Mbytes/sec
0,1000,0.19,0.00
1,1000,0.19,5.26
2,1000,0.20,10.25
4,1000,0.19,20.74
8,1000,0.19,41.82
16,1000,0.19,84.76
32,1000,0.22,144.02
64,1000,0.22,288.34
128,1000,0.31,406.50
256,1000,0.34,755.77
512,1000,0.39,1304.09
1024,1000,0.50,2034.70
2048,1000,0.76,2707.01
4096,1000,1.13,3631.94
8192,1000,1.88,4362.22
16384,1000,2.98,5505.51
32768,1000,4.84,6773.14
65536,640,8.77,7471.50
131072,320,15.75,8323.68
262144,160,13.96,18782.29
524288,80,28.24,18562.98
1048576,40,59.75,17549.45
2097152,20,150.35,13948.22
4194304,10,346.47,12105.65
8388608,5,990.17,8471.91
16777216,2,2633.55,6370.58
33554432,1,5937.45,5651.32
67108864,1,12194.56,5503.18
134217728,1,24451.34,5489.18
268435456,1,51840.89,5178.06
